{"C:\\Users\\msi\\Desktop\\Food-Ordering\\backend\\src\\controllers\\MyRestaurantController.ts": {"path":"C:\\Users\\msi\\Desktop\\Food-Ordering\\backend\\src\\controllers\\MyRestaurantController.ts","statementMap":{"0":{"start":{"line":1,"column":0},"end":{"line":1,"column":46}},"1":{"start":{"line":3,"column":0},"end":{"line":3,"column":36}},"2":{"start":{"line":4,"column":0},"end":{"line":4,"column":32}},"3":{"start":{"line":7,"column":24},"end":{"line":25,"column":2}},"4":{"start":{"line":7,"column":62},"end":{"line":25,"column":2}},"5":{"start":{"line":8,"column":2},"end":{"line":24,"column":3}},"6":{"start":{"line":9,"column":20},"end":{"line":9,"column":39}},"7":{"start":{"line":11,"column":4},"end":{"line":13,"column":5}},"8":{"start":{"line":12,"column":6},"end":{"line":12,"column":76}},"9":{"start":{"line":15,"column":24},"end":{"line":15,"column":63}},"10":{"start":{"line":20,"column":4},"end":{"line":20,"column":26}},"11":{"start":{"line":22,"column":4},"end":{"line":22,"column":55}},"12":{"start":{"line":23,"column":4},"end":{"line":23,"column":67}},"13":{"start":{"line":28,"column":33},"end":{"line":44,"column":2}},"14":{"start":{"line":28,"column":71},"end":{"line":44,"column":2}},"15":{"start":{"line":29,"column":17},"end":{"line":29,"column":27}},"16":{"start":{"line":30,"column":2},"end":{"line":43,"column":3}},"17":{"start":{"line":31,"column":23},"end":{"line":31,"column":52}},"18":{"start":{"line":32,"column":4},"end":{"line":34,"column":5}},"19":{"start":{"line":33,"column":6},"end":{"line":33,"column":71}},"20":{"start":{"line":36,"column":4},"end":{"line":36,"column":51}},"21":{"start":{"line":37,"column":4},"end":{"line":37,"column":28}},"22":{"start":{"line":39,"column":4},"end":{"line":39,"column":88}},"23":{"start":{"line":41,"column":4},"end":{"line":41,"column":71}},"24":{"start":{"line":42,"column":4},"end":{"line":42,"column":83}},"25":{"start":{"line":47,"column":31},"end":{"line":62,"column":2}},"26":{"start":{"line":47,"column":69},"end":{"line":62,"column":2}},"27":{"start":{"line":48,"column":2},"end":{"line":61,"column":3}},"28":{"start":{"line":49,"column":20},"end":{"line":49,"column":39}},"29":{"start":{"line":51,"column":24},"end":{"line":51,"column":60}},"30":{"start":{"line":53,"column":4},"end":{"line":55,"column":5}},"31":{"start":{"line":54,"column":6},"end":{"line":54,"column":72}},"32":{"start":{"line":57,"column":4},"end":{"line":57,"column":26}},"33":{"start":{"line":59,"column":4},"end":{"line":59,"column":56}},"34":{"start":{"line":60,"column":4},"end":{"line":60,"column":68}},"35":{"start":{"line":63,"column":25},"end":{"line":76,"column":2}},"36":{"start":{"line":63,"column":63},"end":{"line":76,"column":2}},"37":{"start":{"line":64,"column":2},"end":{"line":75,"column":3}},"38":{"start":{"line":65,"column":24},"end":{"line":65,"column":49}},"39":{"start":{"line":67,"column":4},"end":{"line":69,"column":5}},"40":{"start":{"line":68,"column":6},"end":{"line":68,"column":72}},"41":{"start":{"line":71,"column":4},"end":{"line":71,"column":26}},"42":{"start":{"line":73,"column":4},"end":{"line":73,"column":56}},"43":{"start":{"line":74,"column":4},"end":{"line":74,"column":68}},"44":{"start":{"line":192,"column":27},"end":{"line":222,"column":2}},"45":{"start":{"line":192,"column":65},"end":{"line":222,"column":2}},"46":{"start":{"line":193,"column":2},"end":{"line":221,"column":3}},"47":{"start":{"line":194,"column":20},"end":{"line":194,"column":39}},"48":{"start":{"line":195,"column":4},"end":{"line":195,"column":56}},"49":{"start":{"line":196,"column":4},"end":{"line":196,"column":24}},"50":{"start":{"line":197,"column":4},"end":{"line":197,"column":56}},"51":{"start":{"line":198,"column":31},"end":{"line":198,"column":73}},"52":{"start":{"line":208,"column":21},"end":{"line":208,"column":71}},"53":{"start":{"line":209,"column":23},"end":{"line":209,"column":47}},"54":{"start":{"line":210,"column":4},"end":{"line":210,"column":35}},"55":{"start":{"line":211,"column":4},"end":{"line":211,"column":58}},"56":{"start":{"line":212,"column":4},"end":{"line":212,"column":40}},"57":{"start":{"line":215,"column":4},"end":{"line":215,"column":28}},"58":{"start":{"line":217,"column":4},"end":{"line":217,"column":85}},"59":{"start":{"line":219,"column":4},"end":{"line":219,"column":23}},"60":{"start":{"line":220,"column":4},"end":{"line":220,"column":63}},"61":{"start":{"line":224,"column":27},"end":{"line":254,"column":null}},"62":{"start":{"line":224,"column":65},"end":{"line":254,"column":null}},"63":{"start":{"line":225,"column":21},"end":{"line":225,"column":29}},"64":{"start":{"line":227,"column":2},"end":{"line":253,"column":3}},"65":{"start":{"line":228,"column":23},"end":{"line":231,"column":6}},"66":{"start":{"line":232,"column":4},"end":{"line":234,"column":5}},"67":{"start":{"line":233,"column":6},"end":{"line":233,"column":71}},"68":{"start":{"line":236,"column":4},"end":{"line":236,"column":56}},"69":{"start":{"line":237,"column":4},"end":{"line":237,"column":70}},"70":{"start":{"line":238,"column":4},"end":{"line":238,"column":44}},"71":{"start":{"line":239,"column":4},"end":{"line":239,"column":46}},"72":{"start":{"line":240,"column":4},"end":{"line":240,"column":40}},"73":{"start":{"line":243,"column":4},"end":{"line":246,"column":5}},"74":{"start":{"line":244,"column":23},"end":{"line":244,"column":73}},"75":{"start":{"line":245,"column":6},"end":{"line":245,"column":37}},"76":{"start":{"line":248,"column":4},"end":{"line":248,"column":28}},"77":{"start":{"line":249,"column":4},"end":{"line":249,"column":null}},"78":{"start":{"line":251,"column":4},"end":{"line":251,"column":32}},"79":{"start":{"line":252,"column":4},"end":{"line":252,"column":null}},"80":{"start":{"line":256,"column":23},"end":{"line":287,"column":2}},"81":{"start":{"line":256,"column":61},"end":{"line":287,"column":2}},"82":{"start":{"line":257,"column":21},"end":{"line":257,"column":29}},"83":{"start":{"line":258,"column":27},"end":{"line":258,"column":37}},"84":{"start":{"line":260,"column":2},"end":{"line":262,"column":3}},"85":{"start":{"line":261,"column":6},"end":{"line":261,"column":70}},"86":{"start":{"line":264,"column":2},"end":{"line":286,"column":3}},"87":{"start":{"line":265,"column":25},"end":{"line":265,"column":64}},"88":{"start":{"line":267,"column":6},"end":{"line":269,"column":7}},"89":{"start":{"line":268,"column":10},"end":{"line":268,"column":75}},"90":{"start":{"line":271,"column":27},"end":{"line":271,"column":60}},"91":{"start":{"line":273,"column":6},"end":{"line":279,"column":7}},"92":{"start":{"line":275,"column":10},"end":{"line":275,"column":85}},"93":{"start":{"line":275,"column":59},"end":{"line":275,"column":83}},"94":{"start":{"line":278,"column":10},"end":{"line":278,"column":40}},"95":{"start":{"line":281,"column":6},"end":{"line":281,"column":30}},"96":{"start":{"line":282,"column":6},"end":{"line":282,"column":95}},"97":{"start":{"line":284,"column":6},"end":{"line":284,"column":51}},"98":{"start":{"line":285,"column":6},"end":{"line":285,"column":65}},"99":{"start":{"line":289,"column":24},"end":{"line":297,"column":null}},"100":{"start":{"line":289,"column":62},"end":{"line":297,"column":null}},"101":{"start":{"line":290,"column":2},"end":{"line":296,"column":3}},"102":{"start":{"line":291,"column":23},"end":{"line":291,"column":63}},"103":{"start":{"line":292,"column":4},"end":{"line":292,"column":25}},"104":{"start":{"line":294,"column":4},"end":{"line":294,"column":25}},"105":{"start":{"line":295,"column":4},"end":{"line":295,"column":63}},"106":{"start":{"line":299,"column":20},"end":{"line":305,"column":null}},"107":{"start":{"line":299,"column":56},"end":{"line":305,"column":null}},"108":{"start":{"line":300,"column":16},"end":{"line":300,"column":20}},"109":{"start":{"line":301,"column":22},"end":{"line":301,"column":66}},"110":{"start":{"line":302,"column":18},"end":{"line":302,"column":64}},"111":{"start":{"line":303,"column":25},"end":{"line":303,"column":69}},"112":{"start":{"line":304,"column":2},"end":{"line":304,"column":28}},"113":{"start":{"line":310,"column":26},"end":{"line":326,"column":null}},"114":{"start":{"line":310,"column":62},"end":{"line":326,"column":null}},"115":{"start":{"line":311,"column":29},"end":{"line":311,"column":39}},"116":{"start":{"line":313,"column":2},"end":{"line":325,"column":3}},"117":{"start":{"line":315,"column":23},"end":{"line":315,"column":67}},"118":{"start":{"line":317,"column":4},"end":{"line":319,"column":5}},"119":{"start":{"line":318,"column":6},"end":{"line":318,"column":69}},"120":{"start":{"line":321,"column":4},"end":{"line":321,"column":25}},"121":{"start":{"line":323,"column":4},"end":{"line":323,"column":53}},"122":{"start":{"line":324,"column":4},"end":{"line":324,"column":52}},"123":{"start":{"line":328,"column":0},"end":{"line":328,"column":193}}},"fnMap":{"0":{"name":"(anonymous_8)","decl":{"start":{"line":7,"column":24},"end":{"line":7,"column":31}},"loc":{"start":{"line":7,"column":62},"end":{"line":25,"column":2}}},"1":{"name":"(anonymous_9)","decl":{"start":{"line":7,"column":62},"end":{"line":7,"column":null}},"loc":{"start":{"line":7,"column":62},"end":{"line":25,"column":1}}},"2":{"name":"(anonymous_10)","decl":{"start":{"line":28,"column":33},"end":{"line":28,"column":40}},"loc":{"start":{"line":28,"column":71},"end":{"line":44,"column":2}}},"3":{"name":"(anonymous_11)","decl":{"start":{"line":28,"column":71},"end":{"line":28,"column":null}},"loc":{"start":{"line":28,"column":71},"end":{"line":44,"column":1}}},"4":{"name":"(anonymous_12)","decl":{"start":{"line":47,"column":31},"end":{"line":47,"column":38}},"loc":{"start":{"line":47,"column":69},"end":{"line":62,"column":2}}},"5":{"name":"(anonymous_13)","decl":{"start":{"line":47,"column":69},"end":{"line":47,"column":null}},"loc":{"start":{"line":47,"column":69},"end":{"line":62,"column":1}}},"6":{"name":"(anonymous_14)","decl":{"start":{"line":63,"column":25},"end":{"line":63,"column":32}},"loc":{"start":{"line":63,"column":63},"end":{"line":76,"column":2}}},"7":{"name":"(anonymous_15)","decl":{"start":{"line":63,"column":63},"end":{"line":63,"column":null}},"loc":{"start":{"line":63,"column":63},"end":{"line":76,"column":1}}},"8":{"name":"(anonymous_16)","decl":{"start":{"line":192,"column":27},"end":{"line":192,"column":34}},"loc":{"start":{"line":192,"column":65},"end":{"line":222,"column":2}}},"9":{"name":"(anonymous_17)","decl":{"start":{"line":192,"column":65},"end":{"line":192,"column":null}},"loc":{"start":{"line":192,"column":65},"end":{"line":222,"column":1}}},"10":{"name":"(anonymous_18)","decl":{"start":{"line":224,"column":27},"end":{"line":224,"column":34}},"loc":{"start":{"line":224,"column":65},"end":{"line":254,"column":null}}},"11":{"name":"(anonymous_19)","decl":{"start":{"line":224,"column":65},"end":{"line":224,"column":null}},"loc":{"start":{"line":224,"column":65},"end":{"line":254,"column":1}}},"12":{"name":"(anonymous_20)","decl":{"start":{"line":256,"column":23},"end":{"line":256,"column":30}},"loc":{"start":{"line":256,"column":61},"end":{"line":287,"column":2}}},"13":{"name":"(anonymous_21)","decl":{"start":{"line":256,"column":61},"end":{"line":256,"column":null}},"loc":{"start":{"line":256,"column":61},"end":{"line":287,"column":1}}},"14":{"name":"(anonymous_22)","decl":{"start":{"line":275,"column":53},"end":{"line":275,"column":55}},"loc":{"start":{"line":275,"column":59},"end":{"line":275,"column":83}}},"15":{"name":"(anonymous_23)","decl":{"start":{"line":289,"column":24},"end":{"line":289,"column":31}},"loc":{"start":{"line":289,"column":62},"end":{"line":297,"column":null}}},"16":{"name":"(anonymous_24)","decl":{"start":{"line":289,"column":62},"end":{"line":289,"column":null}},"loc":{"start":{"line":289,"column":62},"end":{"line":297,"column":1}}},"17":{"name":"(anonymous_25)","decl":{"start":{"line":299,"column":20},"end":{"line":299,"column":27}},"loc":{"start":{"line":299,"column":56},"end":{"line":305,"column":null}}},"18":{"name":"(anonymous_26)","decl":{"start":{"line":299,"column":56},"end":{"line":299,"column":null}},"loc":{"start":{"line":299,"column":56},"end":{"line":305,"column":1}}},"19":{"name":"(anonymous_27)","decl":{"start":{"line":310,"column":26},"end":{"line":310,"column":33}},"loc":{"start":{"line":310,"column":62},"end":{"line":326,"column":null}}},"20":{"name":"(anonymous_28)","decl":{"start":{"line":310,"column":62},"end":{"line":310,"column":null}},"loc":{"start":{"line":310,"column":62},"end":{"line":326,"column":1}}}},"branchMap":{"0":{"loc":{"start":{"line":11,"column":4},"end":{"line":13,"column":5}},"type":"if","locations":[{"start":{"line":11,"column":4},"end":{"line":13,"column":5}}]},"1":{"loc":{"start":{"line":32,"column":4},"end":{"line":34,"column":5}},"type":"if","locations":[{"start":{"line":32,"column":4},"end":{"line":34,"column":5}}]},"2":{"loc":{"start":{"line":53,"column":4},"end":{"line":55,"column":5}},"type":"if","locations":[{"start":{"line":53,"column":4},"end":{"line":55,"column":5}}]},"3":{"loc":{"start":{"line":53,"column":8},"end":{"line":53,"column":48}},"type":"binary-expr","locations":[{"start":{"line":53,"column":8},"end":{"line":53,"column":20}},{"start":{"line":53,"column":24},"end":{"line":53,"column":48}}]},"4":{"loc":{"start":{"line":67,"column":4},"end":{"line":69,"column":5}},"type":"if","locations":[{"start":{"line":67,"column":4},"end":{"line":69,"column":5}}]},"5":{"loc":{"start":{"line":67,"column":8},"end":{"line":67,"column":48}},"type":"binary-expr","locations":[{"start":{"line":67,"column":8},"end":{"line":67,"column":20}},{"start":{"line":67,"column":24},"end":{"line":67,"column":48}}]},"6":{"loc":{"start":{"line":232,"column":4},"end":{"line":234,"column":5}},"type":"if","locations":[{"start":{"line":232,"column":4},"end":{"line":234,"column":5}}]},"7":{"loc":{"start":{"line":243,"column":4},"end":{"line":246,"column":5}},"type":"if","locations":[{"start":{"line":243,"column":4},"end":{"line":246,"column":5}}]},"8":{"loc":{"start":{"line":260,"column":2},"end":{"line":262,"column":3}},"type":"if","locations":[{"start":{"line":260,"column":2},"end":{"line":262,"column":3}}]},"9":{"loc":{"start":{"line":267,"column":6},"end":{"line":269,"column":7}},"type":"if","locations":[{"start":{"line":267,"column":6},"end":{"line":269,"column":7}}]},"10":{"loc":{"start":{"line":273,"column":6},"end":{"line":279,"column":7}},"type":"if","locations":[{"start":{"line":273,"column":6},"end":{"line":279,"column":7}},{"start":{"line":276,"column":13},"end":{"line":279,"column":7}}]},"11":{"loc":{"start":{"line":317,"column":4},"end":{"line":319,"column":5}},"type":"if","locations":[{"start":{"line":317,"column":4},"end":{"line":319,"column":5}}]}},"s":{"0":1,"1":1,"2":1,"3":1,"4":0,"5":0,"6":0,"7":0,"8":0,"9":0,"10":0,"11":0,"12":0,"13":1,"14":0,"15":0,"16":0,"17":0,"18":0,"19":0,"20":0,"21":0,"22":0,"23":0,"24":0,"25":1,"26":0,"27":0,"28":0,"29":0,"30":0,"31":0,"32":0,"33":0,"34":0,"35":1,"36":0,"37":0,"38":0,"39":0,"40":0,"41":0,"42":0,"43":0,"44":1,"45":0,"46":0,"47":0,"48":0,"49":0,"50":0,"51":0,"52":0,"53":0,"54":0,"55":0,"56":0,"57":0,"58":0,"59":0,"60":0,"61":1,"62":0,"63":0,"64":0,"65":0,"66":0,"67":0,"68":0,"69":0,"70":0,"71":0,"72":0,"73":0,"74":0,"75":0,"76":0,"77":0,"78":0,"79":0,"80":1,"81":1,"82":1,"83":1,"84":1,"85":0,"86":1,"87":1,"88":1,"89":0,"90":1,"91":1,"92":0,"93":0,"94":1,"95":1,"96":1,"97":0,"98":0,"99":1,"100":0,"101":0,"102":0,"103":0,"104":0,"105":0,"106":1,"107":0,"108":0,"109":0,"110":0,"111":0,"112":0,"113":1,"114":1,"115":1,"116":1,"117":1,"118":1,"119":0,"120":1,"121":0,"122":0,"123":1},"f":{"0":0,"1":0,"2":0,"3":0,"4":0,"5":0,"6":0,"7":0,"8":0,"9":0,"10":0,"11":0,"12":1,"13":1,"14":0,"15":0,"16":0,"17":0,"18":0,"19":1,"20":1},"b":{"0":[0],"1":[0],"2":[0],"3":[0,0],"4":[0],"5":[0,0],"6":[0],"7":[0],"8":[0],"9":[0],"10":[0,1],"11":[0]}}
,"C:\\Users\\msi\\Desktop\\Food-Ordering\\backend\\src\\controllers\\MyUserController.ts": {"path":"C:\\Users\\msi\\Desktop\\Food-Ordering\\backend\\src\\controllers\\MyUserController.ts","statementMap":{"0":{"start":{"line":2,"column":0},"end":{"line":2,"column":34}},"1":{"start":{"line":3,"column":19},"end":{"line":3,"column":40}},"2":{"start":{"line":4,"column":0},"end":{"line":4,"column":36}},"3":{"start":{"line":5,"column":15},"end":{"line":5,"column":32}},"4":{"start":{"line":6,"column":0},"end":{"line":6,"column":33}},"5":{"start":{"line":11,"column":28},"end":{"line":11,"column":31}},"6":{"start":{"line":15,"column":24},"end":{"line":18,"column":1}},"7":{"start":{"line":16,"column":17},"end":{"line":16,"column":54}},"8":{"start":{"line":17,"column":2},"end":{"line":17,"column":59}},"9":{"start":{"line":21,"column":34},"end":{"line":23,"column":1}},"10":{"start":{"line":22,"column":2},"end":{"line":22,"column":49}},"11":{"start":{"line":26,"column":21},"end":{"line":30,"column":2}},"12":{"start":{"line":26,"column":65},"end":{"line":30,"column":2}},"13":{"start":{"line":27,"column":21},"end":{"line":27,"column":23}},"14":{"start":{"line":28,"column":25},"end":{"line":28,"column":64}},"15":{"start":{"line":29,"column":2},"end":{"line":29,"column":24}},"16":{"start":{"line":31,"column":21},"end":{"line":83,"column":2}},"17":{"start":{"line":31,"column":59},"end":{"line":83,"column":2}},"18":{"start":{"line":32,"column":2},"end":{"line":82,"column":3}},"19":{"start":{"line":33,"column":73},"end":{"line":33,"column":81}},"20":{"start":{"line":34,"column":25},"end":{"line":34,"column":79}},"21":{"start":{"line":36,"column":4},"end":{"line":38,"column":5}},"22":{"start":{"line":37,"column":6},"end":{"line":37,"column":70}},"23":{"start":{"line":41,"column":27},"end":{"line":41,"column":55}},"24":{"start":{"line":44,"column":21},"end":{"line":44,"column":71}},"25":{"start":{"line":46,"column":30},"end":{"line":46,"column":57}},"26":{"start":{"line":47,"column":20},"end":{"line":56,"column":6}},"27":{"start":{"line":59,"column":4},"end":{"line":59,"column":25}},"28":{"start":{"line":61,"column":24},"end":{"line":67,"column":6}},"29":{"start":{"line":69,"column":24},"end":{"line":74,"column":6}},"30":{"start":{"line":76,"column":4},"end":{"line":76,"column":44}},"31":{"start":{"line":78,"column":4},"end":{"line":78,"column":45}},"32":{"start":{"line":80,"column":4},"end":{"line":80,"column":25}},"33":{"start":{"line":81,"column":4},"end":{"line":81,"column":64}},"34":{"start":{"line":133,"column":18},"end":{"line":158,"column":2}},"35":{"start":{"line":133,"column":56},"end":{"line":158,"column":2}},"36":{"start":{"line":134,"column":30},"end":{"line":134,"column":38}},"37":{"start":{"line":136,"column":2},"end":{"line":157,"column":3}},"38":{"start":{"line":137,"column":25},"end":{"line":137,"column":54}},"39":{"start":{"line":139,"column":4},"end":{"line":141,"column":5}},"40":{"start":{"line":140,"column":6},"end":{"line":140,"column":65}},"41":{"start":{"line":143,"column":4},"end":{"line":145,"column":5}},"42":{"start":{"line":144,"column":6},"end":{"line":144,"column":84}},"43":{"start":{"line":147,"column":28},"end":{"line":147,"column":81}},"44":{"start":{"line":149,"column":4},"end":{"line":151,"column":5}},"45":{"start":{"line":150,"column":6},"end":{"line":150,"column":70}},"46":{"start":{"line":153,"column":4},"end":{"line":153,"column":50}},"47":{"start":{"line":155,"column":4},"end":{"line":155,"column":46}},"48":{"start":{"line":156,"column":4},"end":{"line":156,"column":58}},"49":{"start":{"line":160,"column":20},"end":{"line":166,"column":null}},"50":{"start":{"line":160,"column":56},"end":{"line":166,"column":null}},"51":{"start":{"line":161,"column":16},"end":{"line":161,"column":20}},"52":{"start":{"line":162,"column":22},"end":{"line":162,"column":66}},"53":{"start":{"line":163,"column":18},"end":{"line":163,"column":64}},"54":{"start":{"line":164,"column":25},"end":{"line":164,"column":69}},"55":{"start":{"line":165,"column":2},"end":{"line":165,"column":28}},"56":{"start":{"line":169,"column":16},"end":{"line":181,"column":2}},"57":{"start":{"line":169,"column":54},"end":{"line":181,"column":2}},"58":{"start":{"line":170,"column":17},"end":{"line":170,"column":30}},"59":{"start":{"line":172,"column":2},"end":{"line":180,"column":3}},"60":{"start":{"line":173,"column":17},"end":{"line":173,"column":97}},"61":{"start":{"line":174,"column":4},"end":{"line":176,"column":5}},"62":{"start":{"line":175,"column":6},"end":{"line":175,"column":65}},"63":{"start":{"line":177,"column":4},"end":{"line":177,"column":31}},"64":{"start":{"line":179,"column":4},"end":{"line":179,"column":70}},"65":{"start":{"line":183,"column":19},"end":{"line":192,"column":2}},"66":{"start":{"line":183,"column":57},"end":{"line":192,"column":2}},"67":{"start":{"line":184,"column":17},"end":{"line":184,"column":30}},"68":{"start":{"line":186,"column":2},"end":{"line":191,"column":3}},"69":{"start":{"line":187,"column":4},"end":{"line":187,"column":41}},"70":{"start":{"line":188,"column":4},"end":{"line":188,"column":83}},"71":{"start":{"line":190,"column":4},"end":{"line":190,"column":68}},"72":{"start":{"line":195,"column":29},"end":{"line":204,"column":2}},"73":{"start":{"line":195,"column":67},"end":{"line":204,"column":2}},"74":{"start":{"line":196,"column":17},"end":{"line":196,"column":30}},"75":{"start":{"line":198,"column":2},"end":{"line":203,"column":3}},"76":{"start":{"line":199,"column":4},"end":{"line":199,"column":41}},"77":{"start":{"line":200,"column":4},"end":{"line":200,"column":83}},"78":{"start":{"line":202,"column":4},"end":{"line":202,"column":68}},"79":{"start":{"line":206,"column":19},"end":{"line":215,"column":2}},"80":{"start":{"line":206,"column":57},"end":{"line":215,"column":2}},"81":{"start":{"line":207,"column":17},"end":{"line":207,"column":30}},"82":{"start":{"line":209,"column":2},"end":{"line":214,"column":3}},"83":{"start":{"line":210,"column":4},"end":{"line":210,"column":76}},"84":{"start":{"line":211,"column":4},"end":{"line":211,"column":83}},"85":{"start":{"line":213,"column":4},"end":{"line":213,"column":68}},"86":{"start":{"line":217,"column":29},"end":{"line":241,"column":2}},"87":{"start":{"line":217,"column":67},"end":{"line":241,"column":2}},"88":{"start":{"line":218,"column":2},"end":{"line":240,"column":3}},"89":{"start":{"line":219,"column":4},"end":{"line":221,"column":5}},"90":{"start":{"line":220,"column":6},"end":{"line":220,"column":67}},"91":{"start":{"line":223,"column":21},"end":{"line":223,"column":76}},"92":{"start":{"line":224,"column":4},"end":{"line":226,"column":5}},"93":{"start":{"line":225,"column":6},"end":{"line":225,"column":82}},"94":{"start":{"line":229,"column":19},"end":{"line":229,"column":115}},"95":{"start":{"line":232,"column":19},"end":{"line":232,"column":36}},"96":{"start":{"line":236,"column":4},"end":{"line":236,"column":58}},"97":{"start":{"line":238,"column":4},"end":{"line":238,"column":61}},"98":{"start":{"line":239,"column":4},"end":{"line":239,"column":80}},"99":{"start":{"line":243,"column":20},"end":{"line":256,"column":2}},"100":{"start":{"line":243,"column":58},"end":{"line":256,"column":2}},"101":{"start":{"line":244,"column":2},"end":{"line":255,"column":3}},"102":{"start":{"line":245,"column":18},"end":{"line":245,"column":35}},"103":{"start":{"line":247,"column":4},"end":{"line":247,"column":32}},"104":{"start":{"line":249,"column":4},"end":{"line":249,"column":52}},"105":{"start":{"line":250,"column":4},"end":{"line":254,"column":5}},"106":{"start":{"line":251,"column":6},"end":{"line":251,"column":88}},"107":{"start":{"line":253,"column":6},"end":{"line":253,"column":88}},"108":{"start":{"line":257,"column":17},"end":{"line":273,"column":2}},"109":{"start":{"line":257,"column":55},"end":{"line":273,"column":2}},"110":{"start":{"line":258,"column":14},"end":{"line":258,"column":27}},"111":{"start":{"line":259,"column":2},"end":{"line":272,"column":3}},"112":{"start":{"line":260,"column":24},"end":{"line":263,"column":null}},"113":{"start":{"line":265,"column":4},"end":{"line":267,"column":5}},"114":{"start":{"line":266,"column":6},"end":{"line":266,"column":65}},"115":{"start":{"line":268,"column":4},"end":{"line":268,"column":67}},"116":{"start":{"line":270,"column":4},"end":{"line":270,"column":49}},"117":{"start":{"line":271,"column":4},"end":{"line":271,"column":61}},"118":{"start":{"line":275,"column":0},"end":{"line":275,"column":117}}},"fnMap":{"0":{"name":"(anonymous_8)","decl":{"start":{"line":15,"column":24},"end":{"line":15,"column":25}},"loc":{"start":{"line":15,"column":53},"end":{"line":18,"column":1}}},"1":{"name":"(anonymous_9)","decl":{"start":{"line":21,"column":34},"end":{"line":21,"column":37}},"loc":{"start":{"line":21,"column":39},"end":{"line":23,"column":1}}},"2":{"name":"(anonymous_10)","decl":{"start":{"line":26,"column":21},"end":{"line":26,"column":28}},"loc":{"start":{"line":26,"column":65},"end":{"line":30,"column":2}}},"3":{"name":"(anonymous_11)","decl":{"start":{"line":26,"column":65},"end":{"line":26,"column":null}},"loc":{"start":{"line":26,"column":65},"end":{"line":30,"column":1}}},"4":{"name":"(anonymous_12)","decl":{"start":{"line":31,"column":21},"end":{"line":31,"column":28}},"loc":{"start":{"line":31,"column":59},"end":{"line":83,"column":2}}},"5":{"name":"(anonymous_13)","decl":{"start":{"line":31,"column":59},"end":{"line":31,"column":null}},"loc":{"start":{"line":31,"column":59},"end":{"line":83,"column":1}}},"6":{"name":"(anonymous_14)","decl":{"start":{"line":133,"column":18},"end":{"line":133,"column":25}},"loc":{"start":{"line":133,"column":56},"end":{"line":158,"column":2}}},"7":{"name":"(anonymous_15)","decl":{"start":{"line":133,"column":56},"end":{"line":133,"column":null}},"loc":{"start":{"line":133,"column":56},"end":{"line":158,"column":1}}},"8":{"name":"(anonymous_16)","decl":{"start":{"line":160,"column":20},"end":{"line":160,"column":27}},"loc":{"start":{"line":160,"column":56},"end":{"line":166,"column":null}}},"9":{"name":"(anonymous_17)","decl":{"start":{"line":160,"column":56},"end":{"line":160,"column":null}},"loc":{"start":{"line":160,"column":56},"end":{"line":166,"column":1}}},"10":{"name":"(anonymous_18)","decl":{"start":{"line":169,"column":16},"end":{"line":169,"column":23}},"loc":{"start":{"line":169,"column":54},"end":{"line":181,"column":2}}},"11":{"name":"(anonymous_19)","decl":{"start":{"line":169,"column":54},"end":{"line":169,"column":null}},"loc":{"start":{"line":169,"column":54},"end":{"line":181,"column":1}}},"12":{"name":"(anonymous_20)","decl":{"start":{"line":183,"column":19},"end":{"line":183,"column":26}},"loc":{"start":{"line":183,"column":57},"end":{"line":192,"column":2}}},"13":{"name":"(anonymous_21)","decl":{"start":{"line":183,"column":57},"end":{"line":183,"column":null}},"loc":{"start":{"line":183,"column":57},"end":{"line":192,"column":1}}},"14":{"name":"(anonymous_22)","decl":{"start":{"line":195,"column":29},"end":{"line":195,"column":36}},"loc":{"start":{"line":195,"column":67},"end":{"line":204,"column":2}}},"15":{"name":"(anonymous_23)","decl":{"start":{"line":195,"column":67},"end":{"line":195,"column":null}},"loc":{"start":{"line":195,"column":67},"end":{"line":204,"column":1}}},"16":{"name":"(anonymous_24)","decl":{"start":{"line":206,"column":19},"end":{"line":206,"column":26}},"loc":{"start":{"line":206,"column":57},"end":{"line":215,"column":2}}},"17":{"name":"(anonymous_25)","decl":{"start":{"line":206,"column":57},"end":{"line":206,"column":null}},"loc":{"start":{"line":206,"column":57},"end":{"line":215,"column":1}}},"18":{"name":"(anonymous_26)","decl":{"start":{"line":217,"column":29},"end":{"line":217,"column":36}},"loc":{"start":{"line":217,"column":67},"end":{"line":241,"column":2}}},"19":{"name":"(anonymous_27)","decl":{"start":{"line":217,"column":67},"end":{"line":217,"column":null}},"loc":{"start":{"line":217,"column":67},"end":{"line":241,"column":1}}},"20":{"name":"(anonymous_28)","decl":{"start":{"line":243,"column":20},"end":{"line":243,"column":27}},"loc":{"start":{"line":243,"column":58},"end":{"line":256,"column":2}}},"21":{"name":"(anonymous_29)","decl":{"start":{"line":243,"column":58},"end":{"line":243,"column":null}},"loc":{"start":{"line":243,"column":58},"end":{"line":256,"column":1}}},"22":{"name":"(anonymous_30)","decl":{"start":{"line":257,"column":17},"end":{"line":257,"column":24}},"loc":{"start":{"line":257,"column":55},"end":{"line":273,"column":2}}},"23":{"name":"(anonymous_31)","decl":{"start":{"line":257,"column":55},"end":{"line":257,"column":null}},"loc":{"start":{"line":257,"column":55},"end":{"line":273,"column":1}}}},"branchMap":{"0":{"loc":{"start":{"line":16,"column":17},"end":{"line":16,"column":54}},"type":"binary-expr","locations":[{"start":{"line":16,"column":17},"end":{"line":16,"column":35}},{"start":{"line":16,"column":39},"end":{"line":16,"column":54}}]},"1":{"loc":{"start":{"line":36,"column":4},"end":{"line":38,"column":5}},"type":"if","locations":[{"start":{"line":36,"column":4},"end":{"line":38,"column":5}}]},"2":{"loc":{"start":{"line":139,"column":4},"end":{"line":141,"column":5}},"type":"if","locations":[{"start":{"line":139,"column":4},"end":{"line":141,"column":5}}]},"3":{"loc":{"start":{"line":143,"column":4},"end":{"line":145,"column":5}},"type":"if","locations":[{"start":{"line":143,"column":4},"end":{"line":145,"column":5}}]},"4":{"loc":{"start":{"line":143,"column":8},"end":{"line":143,"column":43}},"type":"binary-expr","locations":[{"start":{"line":143,"column":8},"end":{"line":143,"column":17}},{"start":{"line":143,"column":21},"end":{"line":143,"column":43}}]},"5":{"loc":{"start":{"line":149,"column":4},"end":{"line":151,"column":5}},"type":"if","locations":[{"start":{"line":149,"column":4},"end":{"line":151,"column":5}}]},"6":{"loc":{"start":{"line":174,"column":4},"end":{"line":176,"column":5}},"type":"if","locations":[{"start":{"line":174,"column":4},"end":{"line":176,"column":5}}]},"7":{"loc":{"start":{"line":219,"column":4},"end":{"line":221,"column":5}},"type":"if","locations":[{"start":{"line":219,"column":4},"end":{"line":221,"column":5}}]},"8":{"loc":{"start":{"line":224,"column":4},"end":{"line":226,"column":5}},"type":"if","locations":[{"start":{"line":224,"column":4},"end":{"line":226,"column":5}}]},"9":{"loc":{"start":{"line":250,"column":4},"end":{"line":254,"column":5}},"type":"if","locations":[{"start":{"line":250,"column":4},"end":{"line":254,"column":5}},{"start":{"line":252,"column":11},"end":{"line":254,"column":5}}]},"10":{"loc":{"start":{"line":265,"column":4},"end":{"line":267,"column":5}},"type":"if","locations":[{"start":{"line":265,"column":4},"end":{"line":267,"column":5}}]}},"s":{"0":1,"1":1,"2":1,"3":1,"4":1,"5":1,"6":1,"7":0,"8":0,"9":1,"10":0,"11":1,"12":0,"13":0,"14":0,"15":0,"16":1,"17":0,"18":0,"19":0,"20":0,"21":0,"22":0,"23":0,"24":0,"25":0,"26":0,"27":0,"28":0,"29":0,"30":0,"31":0,"32":0,"33":0,"34":1,"35":1,"36":1,"37":1,"38":1,"39":1,"40":0,"41":1,"42":0,"43":1,"44":1,"45":0,"46":1,"47":0,"48":0,"49":1,"50":0,"51":0,"52":0,"53":0,"54":0,"55":0,"56":1,"57":1,"58":1,"59":1,"60":1,"61":1,"62":0,"63":1,"64":0,"65":1,"66":1,"67":1,"68":1,"69":1,"70":1,"71":0,"72":1,"73":0,"74":0,"75":0,"76":0,"77":0,"78":0,"79":1,"80":1,"81":1,"82":1,"83":1,"84":1,"85":0,"86":1,"87":0,"88":0,"89":0,"90":0,"91":0,"92":0,"93":0,"94":0,"95":0,"96":0,"97":0,"98":0,"99":1,"100":1,"101":1,"102":1,"103":1,"104":0,"105":0,"106":0,"107":0,"108":1,"109":1,"110":1,"111":1,"112":1,"113":1,"114":0,"115":1,"116":0,"117":0,"118":1},"f":{"0":0,"1":0,"2":0,"3":0,"4":0,"5":0,"6":1,"7":1,"8":0,"9":0,"10":1,"11":1,"12":1,"13":1,"14":0,"15":0,"16":1,"17":1,"18":0,"19":0,"20":1,"21":1,"22":1,"23":1},"b":{"0":[0,0],"1":[0],"2":[0],"3":[0],"4":[1,1],"5":[0],"6":[0],"7":[0],"8":[0],"9":[0,0],"10":[0]}}
,"C:\\Users\\msi\\Desktop\\Food-Ordering\\backend\\src\\controllers\\authController.ts": {"path":"C:\\Users\\msi\\Desktop\\Food-Ordering\\backend\\src\\controllers\\authController.ts","statementMap":{"0":{"start":{"line":3,"column":0},"end":{"line":3,"column":34}},"1":{"start":{"line":4,"column":17},"end":{"line":4,"column":37}},"2":{"start":{"line":5,"column":12},"end":{"line":5,"column":35}},"3":{"start":{"line":6,"column":14},"end":{"line":6,"column":39}},"4":{"start":{"line":8,"column":15},"end":{"line":8,"column":32}},"5":{"start":{"line":9,"column":0},"end":{"line":9,"column":36}},"6":{"start":{"line":13,"column":19},"end":{"line":56,"column":2}},"7":{"start":{"line":13,"column":57},"end":{"line":56,"column":2}},"8":{"start":{"line":14,"column":17},"end":{"line":14,"column":25}},"9":{"start":{"line":16,"column":4},"end":{"line":55,"column":5}},"10":{"start":{"line":18,"column":8},"end":{"line":18,"column":54}},"11":{"start":{"line":20,"column":8},"end":{"line":20,"column":77}},"12":{"start":{"line":23,"column":8},"end":{"line":54,"column":9}},"13":{"start":{"line":24,"column":12},"end":{"line":49,"column":13}},"14":{"start":{"line":26,"column":35},"end":{"line":31,"column":18}},"15":{"start":{"line":34,"column":32},"end":{"line":39,"column":18}},"16":{"start":{"line":41,"column":16},"end":{"line":41,"column":37}},"17":{"start":{"line":44,"column":16},"end":{"line":44,"column":86}},"18":{"start":{"line":47,"column":16},"end":{"line":47,"column":71}},"19":{"start":{"line":48,"column":16},"end":{"line":48,"column":95}},"20":{"start":{"line":52,"column":12},"end":{"line":52,"column":51}},"21":{"start":{"line":53,"column":12},"end":{"line":53,"column":92}},"22":{"start":{"line":59,"column":16},"end":{"line":98,"column":2}},"23":{"start":{"line":59,"column":54},"end":{"line":98,"column":2}},"24":{"start":{"line":60,"column":2},"end":{"line":97,"column":3}},"25":{"start":{"line":61,"column":32},"end":{"line":61,"column":40}},"26":{"start":{"line":64,"column":25},"end":{"line":64,"column":54}},"27":{"start":{"line":66,"column":4},"end":{"line":68,"column":5}},"28":{"start":{"line":67,"column":6},"end":{"line":67,"column":65}},"29":{"start":{"line":70,"column":4},"end":{"line":72,"column":5}},"30":{"start":{"line":71,"column":6},"end":{"line":71,"column":84}},"31":{"start":{"line":75,"column":4},"end":{"line":75,"column":66}},"32":{"start":{"line":76,"column":28},"end":{"line":76,"column":81}},"33":{"start":{"line":77,"column":4},"end":{"line":77,"column":52}},"34":{"start":{"line":80,"column":4},"end":{"line":82,"column":5}},"35":{"start":{"line":81,"column":6},"end":{"line":81,"column":70}},"36":{"start":{"line":85,"column":22},"end":{"line":89,"column":75}},"37":{"start":{"line":92,"column":52},"end":{"line":92,"column":75}},"38":{"start":{"line":92,"column":23},"end":{"line":92,"column":28}},"39":{"start":{"line":92,"column":47},"end":{"line":92,"column":52}},"40":{"start":{"line":93,"column":4},"end":{"line":93,"column":64}},"41":{"start":{"line":95,"column":4},"end":{"line":95,"column":46}},"42":{"start":{"line":96,"column":4},"end":{"line":96,"column":58}},"43":{"start":{"line":138,"column":18},"end":{"line":175,"column":null}},"44":{"start":{"line":138,"column":56},"end":{"line":175,"column":null}},"45":{"start":{"line":140,"column":8},"end":{"line":174,"column":9}},"46":{"start":{"line":142,"column":33},"end":{"line":142,"column":110}},"47":{"start":{"line":144,"column":12},"end":{"line":146,"column":13}},"48":{"start":{"line":145,"column":16},"end":{"line":145,"column":75}},"49":{"start":{"line":148,"column":12},"end":{"line":150,"column":13}},"50":{"start":{"line":149,"column":16},"end":{"line":149,"column":94}},"51":{"start":{"line":151,"column":39},"end":{"line":151,"column":101}},"52":{"start":{"line":152,"column":28},"end":{"line":152,"column":74}},"53":{"start":{"line":155,"column":12},"end":{"line":157,"column":13}},"54":{"start":{"line":156,"column":16},"end":{"line":156,"column":80}},"55":{"start":{"line":159,"column":28},"end":{"line":164,"column":60}},"56":{"start":{"line":166,"column":53},"end":{"line":166,"column":65}},"57":{"start":{"line":166,"column":49},"end":{"line":166,"column":53}},"58":{"start":{"line":167,"column":15},"end":{"line":167,"column":59}},"59":{"start":{"line":168,"column":15},"end":{"line":168,"column":67}},"60":{"start":{"line":169,"column":15},"end":{"line":169,"column":38}},"61":{"start":{"line":170,"column":15},"end":{"line":170,"column":67}},"62":{"start":{"line":172,"column":12},"end":{"line":172,"column":54}},"63":{"start":{"line":173,"column":12},"end":{"line":173,"column":66}},"64":{"start":{"line":177,"column":27},"end":{"line":183,"column":1}},"65":{"start":{"line":178,"column":2},"end":{"line":182,"column":4}},"66":{"start":{"line":186,"column":30},"end":{"line":232,"column":2}},"67":{"start":{"line":186,"column":68},"end":{"line":232,"column":2}},"68":{"start":{"line":187,"column":2},"end":{"line":231,"column":3}},"69":{"start":{"line":188,"column":22},"end":{"line":188,"column":30}},"70":{"start":{"line":191,"column":25},"end":{"line":191,"column":54}},"71":{"start":{"line":193,"column":4},"end":{"line":195,"column":5}},"72":{"start":{"line":194,"column":6},"end":{"line":194,"column":65}},"73":{"start":{"line":198,"column":23},"end":{"line":198,"column":61}},"74":{"start":{"line":201,"column":24},"end":{"line":209,"column":6}},"75":{"start":{"line":213,"column":24},"end":{"line":221,"column":6}},"76":{"start":{"line":224,"column":4},"end":{"line":224,"column":44}},"77":{"start":{"line":227,"column":4},"end":{"line":227,"column":41}},"78":{"start":{"line":229,"column":4},"end":{"line":229,"column":58}},"79":{"start":{"line":230,"column":4},"end":{"line":230,"column":70}},"80":{"start":{"line":186,"column":13},"end":{"line":186,"column":30}},"81":{"start":{"line":235,"column":29},"end":{"line":266,"column":2}},"82":{"start":{"line":235,"column":67},"end":{"line":266,"column":2}},"83":{"start":{"line":236,"column":2},"end":{"line":265,"column":3}},"84":{"start":{"line":237,"column":42},"end":{"line":237,"column":50}},"85":{"start":{"line":240,"column":25},"end":{"line":240,"column":54}},"86":{"start":{"line":242,"column":4},"end":{"line":244,"column":5}},"87":{"start":{"line":243,"column":6},"end":{"line":243,"column":65}},"88":{"start":{"line":247,"column":20},"end":{"line":247,"column":91}},"89":{"start":{"line":248,"column":4},"end":{"line":250,"column":5}},"90":{"start":{"line":249,"column":6},"end":{"line":249,"column":75}},"91":{"start":{"line":253,"column":4},"end":{"line":253,"column":57}},"92":{"start":{"line":254,"column":27},"end":{"line":254,"column":61}},"93":{"start":{"line":255,"column":4},"end":{"line":255,"column":56}},"94":{"start":{"line":256,"column":4},"end":{"line":256,"column":43}},"95":{"start":{"line":257,"column":4},"end":{"line":257,"column":30}},"96":{"start":{"line":261,"column":4},"end":{"line":261,"column":67}},"97":{"start":{"line":263,"column":4},"end":{"line":263,"column":54}},"98":{"start":{"line":264,"column":4},"end":{"line":264,"column":66}},"99":{"start":{"line":235,"column":13},"end":{"line":235,"column":29}},"100":{"start":{"line":270,"column":4},"end":{"line":270,"column":null}}},"fnMap":{"0":{"name":"(anonymous_9)","decl":{"start":{"line":13,"column":19},"end":{"line":13,"column":26}},"loc":{"start":{"line":13,"column":57},"end":{"line":56,"column":2}}},"1":{"name":"(anonymous_10)","decl":{"start":{"line":13,"column":57},"end":{"line":13,"column":null}},"loc":{"start":{"line":13,"column":57},"end":{"line":56,"column":1}}},"2":{"name":"(anonymous_11)","decl":{"start":{"line":59,"column":16},"end":{"line":59,"column":23}},"loc":{"start":{"line":59,"column":54},"end":{"line":98,"column":2}}},"3":{"name":"(anonymous_12)","decl":{"start":{"line":59,"column":54},"end":{"line":59,"column":null}},"loc":{"start":{"line":59,"column":54},"end":{"line":98,"column":1}}},"4":{"name":"(anonymous_13)","decl":{"start":{"line":138,"column":18},"end":{"line":138,"column":25}},"loc":{"start":{"line":138,"column":56},"end":{"line":175,"column":null}}},"5":{"name":"(anonymous_14)","decl":{"start":{"line":138,"column":56},"end":{"line":138,"column":null}},"loc":{"start":{"line":138,"column":56},"end":{"line":175,"column":4}}},"6":{"name":"(anonymous_15)","decl":{"start":{"line":177,"column":27},"end":{"line":177,"column":28}},"loc":{"start":{"line":177,"column":45},"end":{"line":183,"column":1}}},"7":{"name":"(anonymous_16)","decl":{"start":{"line":186,"column":30},"end":{"line":186,"column":37}},"loc":{"start":{"line":186,"column":68},"end":{"line":232,"column":2}}},"8":{"name":"(anonymous_17)","decl":{"start":{"line":186,"column":68},"end":{"line":186,"column":null}},"loc":{"start":{"line":186,"column":68},"end":{"line":232,"column":1}}},"9":{"name":"(anonymous_18)","decl":{"start":{"line":235,"column":29},"end":{"line":235,"column":36}},"loc":{"start":{"line":235,"column":67},"end":{"line":266,"column":2}}},"10":{"name":"(anonymous_19)","decl":{"start":{"line":235,"column":67},"end":{"line":235,"column":null}},"loc":{"start":{"line":235,"column":67},"end":{"line":266,"column":1}}}},"branchMap":{"0":{"loc":{"start":{"line":23,"column":8},"end":{"line":54,"column":9}},"type":"if","locations":[{"start":{"line":23,"column":8},"end":{"line":54,"column":9}},{"start":{"line":50,"column":15},"end":{"line":54,"column":9}}]},"1":{"loc":{"start":{"line":66,"column":4},"end":{"line":68,"column":5}},"type":"if","locations":[{"start":{"line":66,"column":4},"end":{"line":68,"column":5}}]},"2":{"loc":{"start":{"line":70,"column":4},"end":{"line":72,"column":5}},"type":"if","locations":[{"start":{"line":70,"column":4},"end":{"line":72,"column":5}}]},"3":{"loc":{"start":{"line":80,"column":4},"end":{"line":82,"column":5}},"type":"if","locations":[{"start":{"line":80,"column":4},"end":{"line":82,"column":5}}]},"4":{"loc":{"start":{"line":89,"column":7},"end":{"line":89,"column":48}},"type":"binary-expr","locations":[{"start":{"line":89,"column":7},"end":{"line":89,"column":29}},{"start":{"line":89,"column":33},"end":{"line":89,"column":48}}]},"5":{"loc":{"start":{"line":144,"column":12},"end":{"line":146,"column":13}},"type":"if","locations":[{"start":{"line":144,"column":12},"end":{"line":146,"column":13}}]},"6":{"loc":{"start":{"line":148,"column":12},"end":{"line":150,"column":13}},"type":"if","locations":[{"start":{"line":148,"column":12},"end":{"line":150,"column":13}}]},"7":{"loc":{"start":{"line":155,"column":12},"end":{"line":157,"column":13}},"type":"if","locations":[{"start":{"line":155,"column":12},"end":{"line":157,"column":13}}]},"8":{"loc":{"start":{"line":180,"column":4},"end":{"line":180,"column":56}},"type":"binary-expr","locations":[{"start":{"line":180,"column":4},"end":{"line":180,"column":32}},{"start":{"line":180,"column":36},"end":{"line":180,"column":56}}]},"9":{"loc":{"start":{"line":193,"column":4},"end":{"line":195,"column":5}},"type":"if","locations":[{"start":{"line":193,"column":4},"end":{"line":195,"column":5}}]},"10":{"loc":{"start":{"line":242,"column":4},"end":{"line":244,"column":5}},"type":"if","locations":[{"start":{"line":242,"column":4},"end":{"line":244,"column":5}}]},"11":{"loc":{"start":{"line":247,"column":38},"end":{"line":247,"column":90}},"type":"binary-expr","locations":[{"start":{"line":247,"column":38},"end":{"line":247,"column":66}},{"start":{"line":247,"column":70},"end":{"line":247,"column":90}}]},"12":{"loc":{"start":{"line":248,"column":4},"end":{"line":250,"column":5}},"type":"if","locations":[{"start":{"line":248,"column":4},"end":{"line":250,"column":5}}]}},"s":{"0":1,"1":1,"2":1,"3":1,"4":1,"5":1,"6":1,"7":1,"8":1,"9":1,"10":1,"11":0,"12":1,"13":0,"14":0,"15":0,"16":0,"17":0,"18":0,"19":0,"20":1,"21":1,"22":1,"23":0,"24":0,"25":0,"26":0,"27":0,"28":0,"29":0,"30":0,"31":0,"32":0,"33":0,"34":0,"35":0,"36":0,"37":0,"38":0,"39":0,"40":0,"41":0,"42":0,"43":1,"44":0,"45":0,"46":0,"47":0,"48":0,"49":0,"50":0,"51":0,"52":0,"53":0,"54":0,"55":0,"56":0,"57":0,"58":0,"59":0,"60":0,"61":0,"62":0,"63":0,"64":1,"65":0,"66":1,"67":0,"68":0,"69":0,"70":0,"71":0,"72":0,"73":0,"74":0,"75":0,"76":0,"77":0,"78":0,"79":0,"80":1,"81":1,"82":0,"83":0,"84":0,"85":0,"86":0,"87":0,"88":0,"89":0,"90":0,"91":0,"92":0,"93":0,"94":0,"95":0,"96":0,"97":0,"98":0,"99":1,"100":1},"f":{"0":1,"1":1,"2":0,"3":0,"4":0,"5":0,"6":0,"7":0,"8":0,"9":0,"10":0},"b":{"0":[0,1],"1":[0],"2":[0],"3":[0],"4":[0,0],"5":[0],"6":[0],"7":[0],"8":[0,0],"9":[0],"10":[0],"11":[0,0],"12":[0]}}
,"C:\\Users\\msi\\Desktop\\Food-Ordering\\backend\\src\\middleware\\validation.ts": {"path":"C:\\Users\\msi\\Desktop\\Food-Ordering\\backend\\src\\middleware\\validation.ts","statementMap":{"0":{"start":{"line":1,"column":0},"end":{"line":1,"column":59}},"1":{"start":{"line":4,"column":31},"end":{"line":14,"column":2}},"2":{"start":{"line":8,"column":4},"end":{"line":14,"column":2}},"3":{"start":{"line":9,"column":17},"end":{"line":9,"column":38}},"4":{"start":{"line":10,"column":2},"end":{"line":12,"column":3}},"5":{"start":{"line":11,"column":4},"end":{"line":11,"column":60}},"6":{"start":{"line":13,"column":2},"end":{"line":13,"column":9}},"7":{"start":{"line":17,"column":13},"end":{"line":34,"column":2}}},"fnMap":{"0":{"name":"(anonymous_7)","decl":{"start":{"line":4,"column":31},"end":{"line":4,"column":null}},"loc":{"start":{"line":8,"column":4},"end":{"line":14,"column":2}}},"1":{"name":"(anonymous_8)","decl":{"start":{"line":8,"column":4},"end":{"line":8,"column":null}},"loc":{"start":{"line":8,"column":4},"end":{"line":14,"column":1}}}},"branchMap":{"0":{"loc":{"start":{"line":10,"column":2},"end":{"line":12,"column":3}},"type":"if","locations":[{"start":{"line":10,"column":2},"end":{"line":12,"column":3}}]}},"s":{"0":1,"1":1,"2":0,"3":0,"4":0,"5":0,"6":0,"7":1},"f":{"0":0,"1":0},"b":{"0":[0]}}
,"C:\\Users\\msi\\Desktop\\Food-Ordering\\backend\\src\\middleware\\verifyToken.ts": {"path":"C:\\Users\\msi\\Desktop\\Food-Ordering\\backend\\src\\middleware\\verifyToken.ts","statementMap":{"0":{"start":{"line":3,"column":0},"end":{"line":3,"column":36}},"1":{"start":{"line":5,"column":27},"end":{"line":27,"column":1}},"2":{"start":{"line":6,"column":23},"end":{"line":6,"column":48}},"3":{"start":{"line":7,"column":3},"end":{"line":7,"column":27}},"4":{"start":{"line":8,"column":4},"end":{"line":26,"column":5}},"5":{"start":{"line":9,"column":22},"end":{"line":9,"column":46}},"6":{"start":{"line":11,"column":8},"end":{"line":22,"column":11}},"7":{"start":{"line":12,"column":12},"end":{"line":15,"column":13}},"8":{"start":{"line":13,"column":16},"end":{"line":13,"column":60}},"9":{"start":{"line":14,"column":16},"end":{"line":14,"column":74}},"10":{"start":{"line":17,"column":12},"end":{"line":17,"column":51}},"11":{"start":{"line":20,"column":13},"end":{"line":20,"column":40}},"12":{"start":{"line":21,"column":12},"end":{"line":21,"column":19}},"13":{"start":{"line":24,"column":8},"end":{"line":24,"column":57}},"14":{"start":{"line":25,"column":8},"end":{"line":25,"column":65}},"15":{"start":{"line":5,"column":13},"end":{"line":5,"column":27}},"16":{"start":{"line":28,"column":23},"end":{"line":44,"column":1}},"17":{"start":{"line":34,"column":25},"end":{"line":34,"column":41}},"18":{"start":{"line":35,"column":4},"end":{"line":43,"column":7}},"19":{"start":{"line":36,"column":4},"end":{"line":42,"column":5}},"20":{"start":{"line":37,"column":8},"end":{"line":37,"column":15}},"21":{"start":{"line":39,"column":8},"end":{"line":41,"column":11}},"22":{"start":{"line":48,"column":28},"end":{"line":65,"column":1}},"23":{"start":{"line":54,"column":4},"end":{"line":64,"column":7}},"24":{"start":{"line":56,"column":8},"end":{"line":63,"column":null}},"25":{"start":{"line":57,"column":12},"end":{"line":57,"column":19}},"26":{"start":{"line":59,"column":15},"end":{"line":63,"column":null}},"27":{"start":{"line":48,"column":13},"end":{"line":48,"column":28}},"28":{"start":{"line":67,"column":20},"end":{"line":84,"column":1}},"29":{"start":{"line":73,"column":4},"end":{"line":83,"column":7}},"30":{"start":{"line":75,"column":8},"end":{"line":82,"column":null}},"31":{"start":{"line":76,"column":12},"end":{"line":76,"column":19}},"32":{"start":{"line":78,"column":15},"end":{"line":82,"column":null}},"33":{"start":{"line":86,"column":0},"end":{"line":91,"column":null}}},"fnMap":{"0":{"name":"(anonymous_6)","decl":{"start":{"line":5,"column":27},"end":{"line":5,"column":28}},"loc":{"start":{"line":5,"column":79},"end":{"line":27,"column":1}}},"1":{"name":"(anonymous_7)","decl":{"start":{"line":11,"column":60},"end":{"line":11,"column":61}},"loc":{"start":{"line":11,"column":107},"end":{"line":22,"column":9}}},"2":{"name":"(anonymous_8)","decl":{"start":{"line":28,"column":23},"end":{"line":28,"column":null}},"loc":{"start":{"line":32,"column":4},"end":{"line":44,"column":1}}},"3":{"name":"(anonymous_9)","decl":{"start":{"line":35,"column":26},"end":{"line":35,"column":29}},"loc":{"start":{"line":35,"column":31},"end":{"line":43,"column":5}}},"4":{"name":"(anonymous_10)","decl":{"start":{"line":48,"column":28},"end":{"line":48,"column":null}},"loc":{"start":{"line":52,"column":4},"end":{"line":65,"column":1}}},"5":{"name":"(anonymous_11)","decl":{"start":{"line":54,"column":26},"end":{"line":54,"column":29}},"loc":{"start":{"line":54,"column":31},"end":{"line":64,"column":5}}},"6":{"name":"(anonymous_12)","decl":{"start":{"line":67,"column":20},"end":{"line":67,"column":null}},"loc":{"start":{"line":71,"column":4},"end":{"line":84,"column":1}}},"7":{"name":"(anonymous_13)","decl":{"start":{"line":73,"column":26},"end":{"line":73,"column":29}},"loc":{"start":{"line":73,"column":31},"end":{"line":83,"column":5}}}},"branchMap":{"0":{"loc":{"start":{"line":8,"column":4},"end":{"line":26,"column":5}},"type":"if","locations":[{"start":{"line":8,"column":4},"end":{"line":26,"column":5}},{"start":{"line":23,"column":11},"end":{"line":26,"column":5}}]},"1":{"loc":{"start":{"line":12,"column":12},"end":{"line":15,"column":13}},"type":"if","locations":[{"start":{"line":12,"column":12},"end":{"line":15,"column":13}}]},"2":{"loc":{"start":{"line":36,"column":4},"end":{"line":42,"column":5}},"type":"if","locations":[{"start":{"line":36,"column":4},"end":{"line":42,"column":5}},{"start":{"line":38,"column":11},"end":{"line":42,"column":5}}]},"3":{"loc":{"start":{"line":36,"column":8},"end":{"line":36,"column":131}},"type":"binary-expr","locations":[{"start":{"line":36,"column":8},"end":{"line":36,"column":19}},{"start":{"line":36,"column":24},"end":{"line":36,"column":57}},{"start":{"line":36,"column":61},"end":{"line":36,"column":93}},{"start":{"line":36,"column":97},"end":{"line":36,"column":130}}]},"4":{"loc":{"start":{"line":56,"column":8},"end":{"line":63,"column":null}},"type":"if","locations":[{"start":{"line":56,"column":8},"end":{"line":63,"column":null}},{"start":{"line":59,"column":15},"end":{"line":63,"column":null}}]},"5":{"loc":{"start":{"line":56,"column":14},"end":{"line":56,"column":95}},"type":"binary-expr","locations":[{"start":{"line":56,"column":14},"end":{"line":56,"column":52}},{"start":{"line":56,"column":57},"end":{"line":56,"column":95}}]},"6":{"loc":{"start":{"line":75,"column":8},"end":{"line":82,"column":null}},"type":"if","locations":[{"start":{"line":75,"column":8},"end":{"line":82,"column":null}},{"start":{"line":78,"column":15},"end":{"line":82,"column":null}}]}},"s":{"0":2,"1":2,"2":0,"3":0,"4":0,"5":0,"6":0,"7":0,"8":0,"9":0,"10":0,"11":0,"12":0,"13":0,"14":0,"15":2,"16":2,"17":0,"18":0,"19":0,"20":0,"21":0,"22":2,"23":0,"24":0,"25":0,"26":0,"27":2,"28":2,"29":0,"30":0,"31":0,"32":0,"33":2},"f":{"0":0,"1":0,"2":0,"3":0,"4":0,"5":0,"6":0,"7":0},"b":{"0":[0,0],"1":[0],"2":[0,0],"3":[0,0,0,0],"4":[0,0],"5":[0,0],"6":[0,0]}}
,"C:\\Users\\msi\\Desktop\\Food-Ordering\\backend\\src\\models\\Restaurant.ts": {"path":"C:\\Users\\msi\\Desktop\\Food-Ordering\\backend\\src\\models\\Restaurant.ts","statementMap":{"0":{"start":{"line":1,"column":0},"end":{"line":1,"column":41}},"1":{"start":{"line":5,"column":22},"end":{"line":10,"column":2}},"2":{"start":{"line":12,"column":25},"end":{"line":44,"column":21}},"3":{"start":{"line":46,"column":17},"end":{"line":46,"column":62}},"4":{"start":{"line":47,"column":0},"end":{"line":47,"column":26}}},"fnMap":{},"branchMap":{},"s":{"0":1,"1":1,"2":1,"3":1,"4":1},"f":{},"b":{}}
,"C:\\Users\\msi\\Desktop\\Food-Ordering\\backend\\src\\models\\User.ts": {"path":"C:\\Users\\msi\\Desktop\\Food-Ordering\\backend\\src\\models\\User.ts","statementMap":{"0":{"start":{"line":60,"column":0},"end":{"line":60,"column":46}},"1":{"start":{"line":78,"column":19},"end":{"line":131,"column":24}},"2":{"start":{"line":133,"column":13},"end":{"line":133,"column":54}},"3":{"start":{"line":134,"column":0},"end":{"line":134,"column":20}}},"fnMap":{},"branchMap":{},"s":{"0":2,"1":2,"2":2,"3":2},"f":{},"b":{}}
,"C:\\Users\\msi\\Desktop\\Food-Ordering\\backend\\src\\routes\\MyRestaurantRoute.ts": {"path":"C:\\Users\\msi\\Desktop\\Food-Ordering\\backend\\src\\routes\\MyRestaurantRoute.ts","statementMap":{"0":{"start":{"line":1,"column":0},"end":{"line":1,"column":30}},"1":{"start":{"line":2,"column":0},"end":{"line":2,"column":27}},"2":{"start":{"line":3,"column":0},"end":{"line":3,"column":75}},"3":{"start":{"line":5,"column":0},"end":{"line":5,"column":68}},"4":{"start":{"line":6,"column":13},"end":{"line":6,"column":29}},"5":{"start":{"line":7,"column":14},"end":{"line":7,"column":36}},"6":{"start":{"line":8,"column":13},"end":{"line":13,"column":2}},"7":{"start":{"line":14,"column":38},"end":{"line":14,"column":74}},"8":{"start":{"line":18,"column":0},"end":{"line":18,"column":139}},"9":{"start":{"line":19,"column":0},"end":{"line":19,"column":80}},"10":{"start":{"line":20,"column":0},"end":{"line":20,"column":103}},"11":{"start":{"line":21,"column":0},"end":{"line":21,"column":67}},"12":{"start":{"line":22,"column":0},"end":{"line":22,"column":null}},"13":{"start":{"line":23,"column":0},"end":{"line":23,"column":null}},"14":{"start":{"line":24,"column":0},"end":{"line":24,"column":74}},"15":{"start":{"line":26,"column":0},"end":{"line":26,"column":86}},"16":{"start":{"line":28,"column":0},"end":{"line":28,"column":58}},"17":{"start":{"line":29,"column":0},"end":{"line":29,"column":22}}},"fnMap":{},"branchMap":{},"s":{"0":1,"1":1,"2":1,"3":1,"4":1,"5":1,"6":1,"7":1,"8":1,"9":1,"10":1,"11":1,"12":1,"13":1,"14":1,"15":1,"16":1,"17":1},"f":{},"b":{}}
,"C:\\Users\\msi\\Desktop\\Food-Ordering\\backend\\src\\routes\\authRoute.ts": {"path":"C:\\Users\\msi\\Desktop\\Food-Ordering\\backend\\src\\routes\\authRoute.ts","statementMap":{"0":{"start":{"line":1,"column":0},"end":{"line":1,"column":30}},"1":{"start":{"line":2,"column":0},"end":{"line":2,"column":59}},"2":{"start":{"line":3,"column":0},"end":{"line":3,"column":34}},"3":{"start":{"line":5,"column":0},"end":{"line":5,"column":32}},"4":{"start":{"line":6,"column":53},"end":{"line":6,"column":89}},"5":{"start":{"line":8,"column":13},"end":{"line":8,"column":29}},"6":{"start":{"line":9,"column":19},"end":{"line":9,"column":42}},"7":{"start":{"line":11,"column":0},"end":{"line":11,"column":51}},"8":{"start":{"line":12,"column":0},"end":{"line":12,"column":47}},"9":{"start":{"line":13,"column":0},"end":{"line":13,"column":72}},"10":{"start":{"line":14,"column":0},"end":{"line":14,"column":88}},"11":{"start":{"line":15,"column":0},"end":{"line":15,"column":86}},"12":{"start":{"line":17,"column":0},"end":{"line":26,"column":5}},"13":{"start":{"line":18,"column":4},"end":{"line":25,"column":5}},"14":{"start":{"line":19,"column":6},"end":{"line":24,"column":9}},"15":{"start":{"line":28,"column":2},"end":{"line":33,"column":5}},"16":{"start":{"line":29,"column":4},"end":{"line":32,"column":7}},"17":{"start":{"line":36,"column":2},"end":{"line":36,"column":81}},"18":{"start":{"line":38,"column":2},"end":{"line":44,"column":4}},"19":{"start":{"line":46,"column":2},"end":{"line":46,"column":81}},"20":{"start":{"line":48,"column":2},"end":{"line":54,"column":4}},"21":{"start":{"line":56,"column":2},"end":{"line":56,"column":85}},"22":{"start":{"line":58,"column":2},"end":{"line":64,"column":4}},"23":{"start":{"line":65,"column":2},"end":{"line":93,"column":5}},"24":{"start":{"line":65,"column":48},"end":{"line":93,"column":4}},"25":{"start":{"line":66,"column":4},"end":{"line":92,"column":5}},"26":{"start":{"line":67,"column":58},"end":{"line":67,"column":66}},"27":{"start":{"line":70,"column":17},"end":{"line":70,"column":56}},"28":{"start":{"line":72,"column":6},"end":{"line":74,"column":7}},"29":{"start":{"line":73,"column":8},"end":{"line":73,"column":84}},"30":{"start":{"line":77,"column":6},"end":{"line":83,"column":9}},"31":{"start":{"line":86,"column":6},"end":{"line":86,"column":24}},"32":{"start":{"line":88,"column":6},"end":{"line":88,"column":78}},"33":{"start":{"line":90,"column":6},"end":{"line":90,"column":60}},"34":{"start":{"line":91,"column":6},"end":{"line":91,"column":74}},"35":{"start":{"line":96,"column":0},"end":{"line":96,"column":22}}},"fnMap":{"0":{"name":"(anonymous_8)","decl":{"start":{"line":17,"column":29},"end":{"line":17,"column":30}},"loc":{"start":{"line":17,"column":42},"end":{"line":26,"column":3}}},"1":{"name":"(anonymous_9)","decl":{"start":{"line":28,"column":30},"end":{"line":28,"column":31}},"loc":{"start":{"line":28,"column":43},"end":{"line":33,"column":3}}},"2":{"name":"(anonymous_10)","decl":{"start":{"line":65,"column":29},"end":{"line":65,"column":36}},"loc":{"start":{"line":65,"column":48},"end":{"line":93,"column":4}}},"3":{"name":"(anonymous_11)","decl":{"start":{"line":65,"column":48},"end":{"line":65,"column":null}},"loc":{"start":{"line":65,"column":48},"end":{"line":93,"column":3}}}},"branchMap":{"0":{"loc":{"start":{"line":18,"column":4},"end":{"line":25,"column":5}},"type":"if","locations":[{"start":{"line":18,"column":4},"end":{"line":25,"column":5}}]},"1":{"loc":{"start":{"line":72,"column":6},"end":{"line":74,"column":7}},"type":"if","locations":[{"start":{"line":72,"column":6},"end":{"line":74,"column":7}}]}},"s":{"0":1,"1":1,"2":1,"3":1,"4":1,"5":1,"6":1,"7":1,"8":1,"9":1,"10":1,"11":1,"12":1,"13":0,"14":0,"15":1,"16":0,"17":1,"18":1,"19":1,"20":1,"21":1,"22":1,"23":1,"24":0,"25":0,"26":0,"27":0,"28":0,"29":0,"30":0,"31":0,"32":0,"33":0,"34":0,"35":1},"f":{"0":0,"1":0,"2":0,"3":0},"b":{"0":[0],"1":[0]}}
}
