{"C:\\Users\\msi\\Desktop\\Food-Ordering\\backend\\src\\controllers\\CategoryController.ts": {"path":"C:\\Users\\msi\\Desktop\\Food-Ordering\\backend\\src\\controllers\\CategoryController.ts","statementMap":{"0":{"start":{"line":1,"column":0},"end":{"line":1,"column":41}},"1":{"start":{"line":3,"column":0},"end":{"line":3,"column":28}},"2":{"start":{"line":5,"column":0},"end":{"line":5,"column":36}},"3":{"start":{"line":6,"column":0},"end":{"line":6,"column":32}},"4":{"start":{"line":9,"column":16},"end":{"line":9,"column":38}},"5":{"start":{"line":10,"column":15},"end":{"line":10,"column":43}},"6":{"start":{"line":13,"column":23},"end":{"line":34,"column":2}},"7":{"start":{"line":13,"column":61},"end":{"line":34,"column":2}},"8":{"start":{"line":14,"column":2},"end":{"line":33,"column":3}},"9":{"start":{"line":15,"column":20},"end":{"line":15,"column":39}},"10":{"start":{"line":17,"column":21},"end":{"line":17,"column":71}},"11":{"start":{"line":20,"column":24},"end":{"line":26,"column":6}},"12":{"start":{"line":28,"column":4},"end":{"line":28,"column":29}},"13":{"start":{"line":29,"column":4},"end":{"line":29,"column":104}},"14":{"start":{"line":31,"column":4},"end":{"line":31,"column":25}},"15":{"start":{"line":32,"column":4},"end":{"line":32,"column":80}},"16":{"start":{"line":36,"column":23},"end":{"line":61,"column":2}},"17":{"start":{"line":36,"column":61},"end":{"line":61,"column":2}},"18":{"start":{"line":38,"column":15},"end":{"line":38,"column":28}},"19":{"start":{"line":39,"column":39},"end":{"line":39,"column":47}},"20":{"start":{"line":41,"column":4},"end":{"line":60,"column":5}},"21":{"start":{"line":42,"column":32},"end":{"line":47,"column":null}},"22":{"start":{"line":50,"column":8},"end":{"line":53,"column":9}},"23":{"start":{"line":51,"column":12},"end":{"line":51,"column":84}},"24":{"start":{"line":55,"column":8},"end":{"line":55,"column":115}},"25":{"start":{"line":57,"column":8},"end":{"line":57,"column":27}},"26":{"start":{"line":58,"column":8},"end":{"line":58,"column":84}},"27":{"start":{"line":63,"column":20},"end":{"line":69,"column":null}},"28":{"start":{"line":63,"column":56},"end":{"line":69,"column":null}},"29":{"start":{"line":64,"column":18},"end":{"line":64,"column":22}},"30":{"start":{"line":65,"column":24},"end":{"line":65,"column":68}},"31":{"start":{"line":66,"column":20},"end":{"line":66,"column":66}},"32":{"start":{"line":67,"column":27},"end":{"line":67,"column":71}},"33":{"start":{"line":68,"column":4},"end":{"line":68,"column":30}},"34":{"start":{"line":70,"column":23},"end":{"line":88,"column":2}},"35":{"start":{"line":70,"column":61},"end":{"line":88,"column":2}},"36":{"start":{"line":72,"column":15},"end":{"line":72,"column":28}},"37":{"start":{"line":73,"column":4},"end":{"line":87,"column":5}},"38":{"start":{"line":74,"column":25},"end":{"line":74,"column":52}},"39":{"start":{"line":75,"column":8},"end":{"line":77,"column":9}},"40":{"start":{"line":76,"column":12},"end":{"line":76,"column":90}},"41":{"start":{"line":78,"column":8},"end":{"line":78,"column":45}},"42":{"start":{"line":80,"column":8},"end":{"line":80,"column":89}},"43":{"start":{"line":84,"column":8},"end":{"line":84,"column":27}},"44":{"start":{"line":85,"column":8},"end":{"line":85,"column":85}},"45":{"start":{"line":90,"column":25},"end":{"line":102,"column":null}},"46":{"start":{"line":90,"column":63},"end":{"line":102,"column":null}},"47":{"start":{"line":92,"column":4},"end":{"line":101,"column":5}},"48":{"start":{"line":93,"column":27},"end":{"line":93,"column":62}},"49":{"start":{"line":95,"column":8},"end":{"line":95,"column":41}},"50":{"start":{"line":98,"column":8},"end":{"line":98,"column":27}},"51":{"start":{"line":99,"column":8},"end":{"line":99,"column":89}},"52":{"start":{"line":104,"column":27},"end":{"line":124,"column":null}},"53":{"start":{"line":104,"column":65},"end":{"line":124,"column":null}},"54":{"start":{"line":105,"column":15},"end":{"line":105,"column":28}},"55":{"start":{"line":106,"column":21},"end":{"line":106,"column":29}},"56":{"start":{"line":107,"column":4},"end":{"line":123,"column":5}},"57":{"start":{"line":108,"column":33},"end":{"line":108,"column":60}},"58":{"start":{"line":109,"column":32},"end":{"line":114,"column":10}},"59":{"start":{"line":116,"column":8},"end":{"line":116,"column":37}},"60":{"start":{"line":117,"column":8},"end":{"line":117,"column":95}},"61":{"start":{"line":120,"column":8},"end":{"line":120,"column":27}},"62":{"start":{"line":121,"column":8},"end":{"line":121,"column":91}},"63":{"start":{"line":126,"column":28},"end":{"line":145,"column":null}},"64":{"start":{"line":126,"column":66},"end":{"line":145,"column":null}},"65":{"start":{"line":128,"column":4},"end":{"line":144,"column":5}},"66":{"start":{"line":129,"column":25},"end":{"line":132,"column":10}},"67":{"start":{"line":134,"column":29},"end":{"line":134,"column":70}},"68":{"start":{"line":135,"column":8},"end":{"line":138,"column":9}},"69":{"start":{"line":136,"column":12},"end":{"line":136,"column":42}},"70":{"start":{"line":139,"column":8},"end":{"line":139,"column":41}},"71":{"start":{"line":141,"column":8},"end":{"line":141,"column":27}},"72":{"start":{"line":142,"column":8},"end":{"line":142,"column":93}},"73":{"start":{"line":146,"column":30},"end":{"line":155,"column":4}},"74":{"start":{"line":146,"column":68},"end":{"line":155,"column":4}},"75":{"start":{"line":147,"column":4},"end":{"line":154,"column":5}},"76":{"start":{"line":149,"column":33},"end":{"line":149,"column":65}},"77":{"start":{"line":150,"column":6},"end":{"line":150,"column":35}},"78":{"start":{"line":152,"column":6},"end":{"line":152,"column":66}},"79":{"start":{"line":153,"column":6},"end":{"line":153,"column":54}},"80":{"start":{"line":157,"column":28},"end":{"line":170,"column":null}},"81":{"start":{"line":157,"column":63},"end":{"line":170,"column":null}},"82":{"start":{"line":158,"column":20},"end":{"line":158,"column":39}},"83":{"start":{"line":159,"column":4},"end":{"line":169,"column":5}},"84":{"start":{"line":161,"column":25},"end":{"line":161,"column":62}},"85":{"start":{"line":163,"column":6},"end":{"line":163,"column":27}},"86":{"start":{"line":164,"column":6},"end":{"line":164,"column":69}},"87":{"start":{"line":167,"column":6},"end":{"line":167,"column":55}},"88":{"start":{"line":168,"column":6},"end":{"line":168,"column":68}},"89":{"start":{"line":171,"column":2},"end":{"line":173,"column":null}}},"fnMap":{"0":{"name":"(anonymous_8)","decl":{"start":{"line":13,"column":23},"end":{"line":13,"column":30}},"loc":{"start":{"line":13,"column":61},"end":{"line":34,"column":2}}},"1":{"name":"(anonymous_9)","decl":{"start":{"line":13,"column":61},"end":{"line":13,"column":null}},"loc":{"start":{"line":13,"column":61},"end":{"line":34,"column":1}}},"2":{"name":"(anonymous_10)","decl":{"start":{"line":36,"column":23},"end":{"line":36,"column":30}},"loc":{"start":{"line":36,"column":61},"end":{"line":61,"column":2}}},"3":{"name":"(anonymous_11)","decl":{"start":{"line":36,"column":61},"end":{"line":36,"column":null}},"loc":{"start":{"line":36,"column":61},"end":{"line":61,"column":1}}},"4":{"name":"(anonymous_12)","decl":{"start":{"line":63,"column":20},"end":{"line":63,"column":27}},"loc":{"start":{"line":63,"column":56},"end":{"line":69,"column":null}}},"5":{"name":"(anonymous_13)","decl":{"start":{"line":63,"column":56},"end":{"line":63,"column":null}},"loc":{"start":{"line":63,"column":56},"end":{"line":69,"column":3}}},"6":{"name":"(anonymous_14)","decl":{"start":{"line":70,"column":23},"end":{"line":70,"column":30}},"loc":{"start":{"line":70,"column":61},"end":{"line":88,"column":2}}},"7":{"name":"(anonymous_15)","decl":{"start":{"line":70,"column":61},"end":{"line":70,"column":null}},"loc":{"start":{"line":70,"column":61},"end":{"line":88,"column":1}}},"8":{"name":"(anonymous_16)","decl":{"start":{"line":90,"column":25},"end":{"line":90,"column":32}},"loc":{"start":{"line":90,"column":63},"end":{"line":102,"column":null}}},"9":{"name":"(anonymous_17)","decl":{"start":{"line":90,"column":63},"end":{"line":90,"column":null}},"loc":{"start":{"line":90,"column":63},"end":{"line":102,"column":1}}},"10":{"name":"(anonymous_18)","decl":{"start":{"line":104,"column":27},"end":{"line":104,"column":34}},"loc":{"start":{"line":104,"column":65},"end":{"line":124,"column":null}}},"11":{"name":"(anonymous_19)","decl":{"start":{"line":104,"column":65},"end":{"line":104,"column":null}},"loc":{"start":{"line":104,"column":65},"end":{"line":124,"column":1}}},"12":{"name":"(anonymous_20)","decl":{"start":{"line":126,"column":28},"end":{"line":126,"column":35}},"loc":{"start":{"line":126,"column":66},"end":{"line":145,"column":null}}},"13":{"name":"(anonymous_21)","decl":{"start":{"line":126,"column":66},"end":{"line":126,"column":null}},"loc":{"start":{"line":126,"column":66},"end":{"line":145,"column":1}}},"14":{"name":"(anonymous_22)","decl":{"start":{"line":146,"column":30},"end":{"line":146,"column":37}},"loc":{"start":{"line":146,"column":68},"end":{"line":155,"column":4}}},"15":{"name":"(anonymous_23)","decl":{"start":{"line":146,"column":68},"end":{"line":146,"column":null}},"loc":{"start":{"line":146,"column":68},"end":{"line":155,"column":3}}},"16":{"name":"(anonymous_24)","decl":{"start":{"line":157,"column":28},"end":{"line":157,"column":35}},"loc":{"start":{"line":157,"column":63},"end":{"line":170,"column":null}}},"17":{"name":"(anonymous_25)","decl":{"start":{"line":157,"column":63},"end":{"line":157,"column":null}},"loc":{"start":{"line":157,"column":63},"end":{"line":170,"column":3}}}},"branchMap":{"0":{"loc":{"start":{"line":50,"column":8},"end":{"line":53,"column":9}},"type":"if","locations":[{"start":{"line":50,"column":8},"end":{"line":53,"column":9}}]},"1":{"loc":{"start":{"line":75,"column":8},"end":{"line":77,"column":9}},"type":"if","locations":[{"start":{"line":75,"column":8},"end":{"line":77,"column":9}}]},"2":{"loc":{"start":{"line":135,"column":8},"end":{"line":138,"column":9}},"type":"if","locations":[{"start":{"line":135,"column":8},"end":{"line":138,"column":9}}]}},"s":{"0":1,"1":1,"2":1,"3":1,"4":1,"5":1,"6":1,"7":0,"8":0,"9":0,"10":0,"11":0,"12":0,"13":0,"14":0,"15":0,"16":1,"17":1,"18":1,"19":1,"20":1,"21":1,"22":1,"23":0,"24":1,"25":0,"26":0,"27":1,"28":0,"29":0,"30":0,"31":0,"32":0,"33":0,"34":1,"35":1,"36":1,"37":1,"38":1,"39":1,"40":0,"41":1,"42":1,"43":0,"44":0,"45":1,"46":1,"47":1,"48":1,"49":1,"50":0,"51":0,"52":1,"53":0,"54":0,"55":0,"56":0,"57":0,"58":0,"59":0,"60":0,"61":0,"62":0,"63":1,"64":0,"65":0,"66":0,"67":0,"68":0,"69":0,"70":0,"71":0,"72":0,"73":1,"74":0,"75":0,"76":0,"77":0,"78":0,"79":0,"80":1,"81":0,"82":0,"83":0,"84":0,"85":0,"86":0,"87":0,"88":0,"89":1},"f":{"0":0,"1":0,"2":1,"3":1,"4":0,"5":0,"6":1,"7":1,"8":1,"9":1,"10":0,"11":0,"12":0,"13":0,"14":0,"15":0,"16":0,"17":0},"b":{"0":[0],"1":[0],"2":[0]}}
,"C:\\Users\\msi\\Desktop\\Food-Ordering\\backend\\src\\controllers\\DiscountController.ts": {"path":"C:\\Users\\msi\\Desktop\\Food-Ordering\\backend\\src\\controllers\\DiscountController.ts","statementMap":{"0":{"start":{"line":2,"column":0},"end":{"line":2,"column":46}},"1":{"start":{"line":3,"column":0},"end":{"line":3,"column":42}},"2":{"start":{"line":4,"column":32},"end":{"line":20,"column":4}},"3":{"start":{"line":4,"column":70},"end":{"line":20,"column":4}},"4":{"start":{"line":6,"column":31},"end":{"line":6,"column":39}},"5":{"start":{"line":7,"column":2},"end":{"line":19,"column":3}},"6":{"start":{"line":8,"column":19},"end":{"line":8,"column":57}},"7":{"start":{"line":9,"column":4},"end":{"line":11,"column":5}},"8":{"start":{"line":10,"column":6},"end":{"line":10,"column":70}},"9":{"start":{"line":16,"column":4},"end":{"line":16,"column":63}},"10":{"start":{"line":18,"column":4},"end":{"line":18,"column":68}},"11":{"start":{"line":4,"column":15},"end":{"line":4,"column":32}},"12":{"start":{"line":21,"column":23},"end":{"line":34,"column":2}},"13":{"start":{"line":21,"column":98},"end":{"line":34,"column":2}},"14":{"start":{"line":22,"column":16},"end":{"line":22,"column":17}},"15":{"start":{"line":23,"column":2},"end":{"line":33,"column":3}},"16":{"start":{"line":24,"column":4},"end":{"line":32,"column":5}},"17":{"start":{"line":25,"column":6},"end":{"line":25,"column":31}},"18":{"start":{"line":27,"column":6},"end":{"line":27,"column":16}},"19":{"start":{"line":28,"column":6},"end":{"line":30,"column":7}},"20":{"start":{"line":29,"column":8},"end":{"line":29,"column":20}},"21":{"start":{"line":31,"column":6},"end":{"line":31,"column":60}},"22":{"start":{"line":35,"column":25},"end":{"line":67,"column":2}},"23":{"start":{"line":35,"column":63},"end":{"line":67,"column":2}},"24":{"start":{"line":36,"column":67},"end":{"line":36,"column":75}},"25":{"start":{"line":37,"column":2},"end":{"line":66,"column":3}},"26":{"start":{"line":38,"column":4},"end":{"line":40,"column":5}},"27":{"start":{"line":39,"column":6},"end":{"line":39,"column":78}},"28":{"start":{"line":41,"column":23},"end":{"line":41,"column":67}},"29":{"start":{"line":42,"column":4},"end":{"line":44,"column":5}},"30":{"start":{"line":43,"column":6},"end":{"line":43,"column":71}},"31":{"start":{"line":45,"column":22},"end":{"line":50,"column":6}},"32":{"start":{"line":51,"column":4},"end":{"line":51,"column":27}},"33":{"start":{"line":52,"column":4},"end":{"line":52,"column":98}},"34":{"start":{"line":54,"column":4},"end":{"line":65,"column":5}},"35":{"start":{"line":55,"column":6},"end":{"line":59,"column":9}},"36":{"start":{"line":60,"column":6},"end":{"line":60,"column":85}},"37":{"start":{"line":63,"column":6},"end":{"line":63,"column":48}},"38":{"start":{"line":64,"column":6},"end":{"line":64,"column":102}},"39":{"start":{"line":35,"column":13},"end":{"line":35,"column":25}},"40":{"start":{"line":68,"column":38},"end":{"line":88,"column":2}},"41":{"start":{"line":68,"column":76},"end":{"line":88,"column":2}},"42":{"start":{"line":69,"column":29},"end":{"line":69,"column":38}},"43":{"start":{"line":71,"column":2},"end":{"line":87,"column":3}},"44":{"start":{"line":72,"column":4},"end":{"line":74,"column":5}},"45":{"start":{"line":73,"column":6},"end":{"line":73,"column":78}},"46":{"start":{"line":77,"column":23},"end":{"line":77,"column":67}},"47":{"start":{"line":78,"column":4},"end":{"line":80,"column":5}},"48":{"start":{"line":79,"column":6},"end":{"line":79,"column":71}},"49":{"start":{"line":83,"column":20},"end":{"line":83,"column":75}},"50":{"start":{"line":84,"column":4},"end":{"line":84,"column":45}},"51":{"start":{"line":86,"column":4},"end":{"line":86,"column":68}},"52":{"start":{"line":68,"column":13},"end":{"line":68,"column":38}}},"fnMap":{"0":{"name":"(anonymous_8)","decl":{"start":{"line":4,"column":32},"end":{"line":4,"column":39}},"loc":{"start":{"line":4,"column":70},"end":{"line":20,"column":4}}},"1":{"name":"(anonymous_9)","decl":{"start":{"line":4,"column":70},"end":{"line":4,"column":null}},"loc":{"start":{"line":4,"column":70},"end":{"line":20,"column":3}}},"2":{"name":"(anonymous_10)","decl":{"start":{"line":21,"column":23},"end":{"line":21,"column":30}},"loc":{"start":{"line":21,"column":98},"end":{"line":34,"column":2}}},"3":{"name":"(anonymous_11)","decl":{"start":{"line":21,"column":98},"end":{"line":21,"column":null}},"loc":{"start":{"line":21,"column":80},"end":{"line":34,"column":1}}},"4":{"name":"(anonymous_12)","decl":{"start":{"line":35,"column":25},"end":{"line":35,"column":32}},"loc":{"start":{"line":35,"column":63},"end":{"line":67,"column":2}}},"5":{"name":"(anonymous_13)","decl":{"start":{"line":35,"column":63},"end":{"line":35,"column":null}},"loc":{"start":{"line":35,"column":63},"end":{"line":67,"column":1}}},"6":{"name":"(anonymous_14)","decl":{"start":{"line":68,"column":38},"end":{"line":68,"column":45}},"loc":{"start":{"line":68,"column":76},"end":{"line":88,"column":2}}},"7":{"name":"(anonymous_15)","decl":{"start":{"line":68,"column":76},"end":{"line":68,"column":null}},"loc":{"start":{"line":68,"column":76},"end":{"line":88,"column":1}}}},"branchMap":{"0":{"loc":{"start":{"line":9,"column":4},"end":{"line":11,"column":5}},"type":"if","locations":[{"start":{"line":9,"column":4},"end":{"line":11,"column":5}}]},"1":{"loc":{"start":{"line":21,"column":61},"end":{"line":21,"column":80}},"type":"default-arg","locations":[{"start":{"line":21,"column":79},"end":{"line":21,"column":80}}]},"2":{"loc":{"start":{"line":28,"column":6},"end":{"line":30,"column":7}},"type":"if","locations":[{"start":{"line":28,"column":6},"end":{"line":30,"column":7}}]},"3":{"loc":{"start":{"line":38,"column":4},"end":{"line":40,"column":5}},"type":"if","locations":[{"start":{"line":38,"column":4},"end":{"line":40,"column":5}}]},"4":{"loc":{"start":{"line":42,"column":4},"end":{"line":44,"column":5}},"type":"if","locations":[{"start":{"line":42,"column":4},"end":{"line":44,"column":5}}]},"5":{"loc":{"start":{"line":54,"column":4},"end":{"line":65,"column":5}},"type":"if","locations":[{"start":{"line":54,"column":4},"end":{"line":65,"column":5}},{"start":{"line":61,"column":11},"end":{"line":65,"column":5}}]},"6":{"loc":{"start":{"line":72,"column":4},"end":{"line":74,"column":5}},"type":"if","locations":[{"start":{"line":72,"column":4},"end":{"line":74,"column":5}}]},"7":{"loc":{"start":{"line":78,"column":4},"end":{"line":80,"column":5}},"type":"if","locations":[{"start":{"line":78,"column":4},"end":{"line":80,"column":5}}]}},"s":{"0":1,"1":1,"2":1,"3":1,"4":1,"5":1,"6":1,"7":1,"8":0,"9":1,"10":0,"11":1,"12":1,"13":0,"14":0,"15":0,"16":0,"17":0,"18":0,"19":0,"20":0,"21":0,"22":1,"23":1,"24":1,"25":1,"26":1,"27":0,"28":1,"29":1,"30":0,"31":1,"32":1,"33":1,"34":0,"35":0,"36":0,"37":0,"38":0,"39":1,"40":1,"41":1,"42":1,"43":1,"44":1,"45":0,"46":1,"47":1,"48":0,"49":1,"50":1,"51":0,"52":1},"f":{"0":1,"1":1,"2":0,"3":0,"4":1,"5":1,"6":1,"7":1},"b":{"0":[0],"1":[0],"2":[0],"3":[0],"4":[0],"5":[0,0],"6":[0],"7":[0]}}
,"C:\\Users\\msi\\Desktop\\Food-Ordering\\backend\\src\\controllers\\MyProductController.ts": {"path":"C:\\Users\\msi\\Desktop\\Food-Ordering\\backend\\src\\controllers\\MyProductController.ts","statementMap":{"0":{"start":{"line":4,"column":0},"end":{"line":4,"column":36}},"1":{"start":{"line":5,"column":0},"end":{"line":5,"column":32}},"2":{"start":{"line":6,"column":0},"end":{"line":6,"column":41}},"3":{"start":{"line":11,"column":0},"end":{"line":25,"column":2}},"4":{"start":{"line":11,"column":63},"end":{"line":25,"column":2}},"5":{"start":{"line":18,"column":2},"end":{"line":24,"column":1}},"6":{"start":{"line":19,"column":21},"end":{"line":19,"column":41}},"7":{"start":{"line":20,"column":4},"end":{"line":20,"column":35}},"8":{"start":{"line":22,"column":4},"end":{"line":22,"column":53}},"9":{"start":{"line":23,"column":4},"end":{"line":23,"column":63}},"10":{"start":{"line":30,"column":0},"end":{"line":54,"column":2}},"11":{"start":{"line":30,"column":64},"end":{"line":54,"column":2}},"12":{"start":{"line":31,"column":2},"end":{"line":53,"column":3}},"13":{"start":{"line":33,"column":20},"end":{"line":33,"column":39}},"14":{"start":{"line":36,"column":21},"end":{"line":36,"column":71}},"15":{"start":{"line":39,"column":20},"end":{"line":42,"column":null}},"16":{"start":{"line":46,"column":4},"end":{"line":46,"column":25}},"17":{"start":{"line":49,"column":4},"end":{"line":49,"column":79}},"18":{"start":{"line":51,"column":4},"end":{"line":51,"column":23}},"19":{"start":{"line":52,"column":4},"end":{"line":52,"column":63}},"20":{"start":{"line":58,"column":0},"end":{"line":68,"column":2}},"21":{"start":{"line":58,"column":63},"end":{"line":68,"column":2}},"22":{"start":{"line":59,"column":2},"end":{"line":67,"column":3}},"23":{"start":{"line":60,"column":20},"end":{"line":60,"column":57}},"24":{"start":{"line":61,"column":4},"end":{"line":63,"column":5}},"25":{"start":{"line":62,"column":6},"end":{"line":62,"column":68}},"26":{"start":{"line":64,"column":4},"end":{"line":64,"column":22}},"27":{"start":{"line":66,"column":4},"end":{"line":66,"column":64}},"28":{"start":{"line":69,"column":0},"end":{"line":77,"column":2}},"29":{"start":{"line":69,"column":69},"end":{"line":77,"column":2}},"30":{"start":{"line":70,"column":2},"end":{"line":76,"column":3}},"31":{"start":{"line":71,"column":27},"end":{"line":71,"column":37}},"32":{"start":{"line":72,"column":21},"end":{"line":72,"column":65}},"33":{"start":{"line":73,"column":4},"end":{"line":73,"column":23}},"34":{"start":{"line":75,"column":4},"end":{"line":75,"column":77}},"35":{"start":{"line":79,"column":0},"end":{"line":86,"column":2}},"36":{"start":{"line":79,"column":62},"end":{"line":86,"column":2}},"37":{"start":{"line":80,"column":2},"end":{"line":85,"column":3}},"38":{"start":{"line":81,"column":27},"end":{"line":81,"column":98}},"39":{"start":{"line":82,"column":4},"end":{"line":82,"column":29}},"40":{"start":{"line":84,"column":4},"end":{"line":84,"column":64}},"41":{"start":{"line":89,"column":0},"end":{"line":96,"column":2}},"42":{"start":{"line":89,"column":62},"end":{"line":96,"column":2}},"43":{"start":{"line":90,"column":2},"end":{"line":95,"column":3}},"44":{"start":{"line":91,"column":4},"end":{"line":91,"column":51}},"45":{"start":{"line":92,"column":4},"end":{"line":92,"column":58}},"46":{"start":{"line":94,"column":4},"end":{"line":94,"column":64}},"47":{"start":{"line":99,"column":0},"end":{"line":117,"column":2}},"48":{"start":{"line":99,"column":64},"end":{"line":117,"column":2}},"49":{"start":{"line":101,"column":2},"end":{"line":116,"column":3}},"50":{"start":{"line":103,"column":24},"end":{"line":110,"column":6}},"51":{"start":{"line":112,"column":4},"end":{"line":112,"column":26}},"52":{"start":{"line":114,"column":4},"end":{"line":114,"column":25}},"53":{"start":{"line":115,"column":4},"end":{"line":115,"column":54}},"54":{"start":{"line":119,"column":20},"end":{"line":125,"column":null}},"55":{"start":{"line":119,"column":56},"end":{"line":125,"column":null}},"56":{"start":{"line":120,"column":16},"end":{"line":120,"column":20}},"57":{"start":{"line":121,"column":22},"end":{"line":121,"column":66}},"58":{"start":{"line":122,"column":18},"end":{"line":122,"column":64}},"59":{"start":{"line":123,"column":25},"end":{"line":123,"column":69}},"60":{"start":{"line":124,"column":2},"end":{"line":124,"column":28}},"61":{"start":{"line":127,"column":0},"end":{"line":143,"column":2}},"62":{"start":{"line":127,"column":70},"end":{"line":143,"column":2}},"63":{"start":{"line":128,"column":17},"end":{"line":128,"column":27}},"64":{"start":{"line":129,"column":2},"end":{"line":142,"column":3}},"65":{"start":{"line":130,"column":20},"end":{"line":130,"column":46}},"66":{"start":{"line":131,"column":4},"end":{"line":133,"column":5}},"67":{"start":{"line":132,"column":6},"end":{"line":132,"column":68}},"68":{"start":{"line":135,"column":4},"end":{"line":135,"column":45}},"69":{"start":{"line":136,"column":4},"end":{"line":136,"column":25}},"70":{"start":{"line":138,"column":4},"end":{"line":138,"column":34}},"71":{"start":{"line":140,"column":4},"end":{"line":140,"column":68}},"72":{"start":{"line":141,"column":4},"end":{"line":141,"column":80}},"73":{"start":{"line":146,"column":0},"end":{"line":161,"column":null}},"74":{"start":{"line":146,"column":65},"end":{"line":161,"column":null}},"75":{"start":{"line":147,"column":18},"end":{"line":147,"column":37}},"76":{"start":{"line":148,"column":2},"end":{"line":148,"column":68}},"77":{"start":{"line":149,"column":2},"end":{"line":160,"column":3}},"78":{"start":{"line":151,"column":21},"end":{"line":151,"column":57}},"79":{"start":{"line":153,"column":4},"end":{"line":153,"column":23}},"80":{"start":{"line":154,"column":4},"end":{"line":154,"column":56}},"81":{"start":{"line":155,"column":4},"end":{"line":155,"column":26}},"82":{"start":{"line":156,"column":4},"end":{"line":156,"column":56}},"83":{"start":{"line":158,"column":4},"end":{"line":158,"column":51}},"84":{"start":{"line":159,"column":4},"end":{"line":159,"column":64}},"85":{"start":{"line":164,"column":0},"end":{"line":178,"column":2}},"86":{"start":{"line":164,"column":71},"end":{"line":178,"column":2}},"87":{"start":{"line":165,"column":23},"end":{"line":165,"column":46}},"88":{"start":{"line":166,"column":2},"end":{"line":177,"column":3}},"89":{"start":{"line":168,"column":21},"end":{"line":168,"column":69}},"90":{"start":{"line":170,"column":4},"end":{"line":170,"column":23}},"91":{"start":{"line":171,"column":4},"end":{"line":171,"column":56}},"92":{"start":{"line":172,"column":4},"end":{"line":172,"column":26}},"93":{"start":{"line":173,"column":4},"end":{"line":173,"column":56}},"94":{"start":{"line":175,"column":4},"end":{"line":175,"column":51}},"95":{"start":{"line":176,"column":4},"end":{"line":176,"column":64}},"96":{"start":{"line":179,"column":0},"end":{"line":189,"column":null}},"97":{"start":{"line":179,"column":68},"end":{"line":189,"column":null}},"98":{"start":{"line":180,"column":22},"end":{"line":180,"column":36}},"99":{"start":{"line":182,"column":2},"end":{"line":188,"column":3}},"100":{"start":{"line":183,"column":21},"end":{"line":183,"column":89}},"101":{"start":{"line":184,"column":4},"end":{"line":184,"column":23}},"102":{"start":{"line":186,"column":4},"end":{"line":186,"column":54}},"103":{"start":{"line":187,"column":4},"end":{"line":187,"column":65}},"104":{"start":{"line":193,"column":0},"end":{"line":216,"column":2}},"105":{"start":{"line":193,"column":60},"end":{"line":216,"column":2}},"106":{"start":{"line":194,"column":38},"end":{"line":194,"column":46}},"107":{"start":{"line":196,"column":2},"end":{"line":215,"column":3}},"108":{"start":{"line":197,"column":20},"end":{"line":197,"column":53}},"109":{"start":{"line":198,"column":4},"end":{"line":200,"column":5}},"110":{"start":{"line":199,"column":6},"end":{"line":199,"column":68}},"111":{"start":{"line":203,"column":4},"end":{"line":205,"column":5}},"112":{"start":{"line":204,"column":6},"end":{"line":204,"column":90}},"113":{"start":{"line":208,"column":6},"end":{"line":208,"column":39}},"114":{"start":{"line":211,"column":4},"end":{"line":211,"column":94}},"115":{"start":{"line":213,"column":4},"end":{"line":213,"column":44}},"116":{"start":{"line":214,"column":4},"end":{"line":214,"column":71}},"117":{"start":{"line":219,"column":0},"end":{"line":238,"column":2}},"118":{"start":{"line":219,"column":75},"end":{"line":238,"column":2}},"119":{"start":{"line":220,"column":27},"end":{"line":220,"column":37}},"120":{"start":{"line":222,"column":2},"end":{"line":237,"column":3}},"121":{"start":{"line":224,"column":25},"end":{"line":227,"column":6}},"122":{"start":{"line":229,"column":4},"end":{"line":231,"column":5}},"123":{"start":{"line":230,"column":6},"end":{"line":230,"column":88}},"124":{"start":{"line":233,"column":4},"end":{"line":233,"column":80}},"125":{"start":{"line":235,"column":4},"end":{"line":235,"column":59}},"126":{"start":{"line":236,"column":4},"end":{"line":236,"column":87}},"127":{"start":{"line":239,"column":0},"end":{"line":265,"column":2}},"128":{"start":{"line":239,"column":65},"end":{"line":265,"column":2}},"129":{"start":{"line":240,"column":2},"end":{"line":264,"column":3}},"130":{"start":{"line":241,"column":24},"end":{"line":248,"column":6}},"131":{"start":{"line":251,"column":4},"end":{"line":253,"column":5}},"132":{"start":{"line":252,"column":6},"end":{"line":252,"column":72}},"133":{"start":{"line":255,"column":26},"end":{"line":258,"column":7}},"134":{"start":{"line":255,"column":87},"end":{"line":258,"column":6}},"135":{"start":{"line":260,"column":4},"end":{"line":260,"column":40}},"136":{"start":{"line":262,"column":4},"end":{"line":262,"column":57}},"137":{"start":{"line":263,"column":4},"end":{"line":263,"column":70}},"138":{"start":{"line":267,"column":0},"end":{"line":298,"column":2}},"139":{"start":{"line":267,"column":60},"end":{"line":298,"column":2}},"140":{"start":{"line":268,"column":21},"end":{"line":268,"column":29}},"141":{"start":{"line":269,"column":24},"end":{"line":269,"column":34}},"142":{"start":{"line":271,"column":2},"end":{"line":273,"column":3}},"143":{"start":{"line":272,"column":4},"end":{"line":272,"column":68}},"144":{"start":{"line":275,"column":2},"end":{"line":297,"column":3}},"145":{"start":{"line":276,"column":20},"end":{"line":276,"column":53}},"146":{"start":{"line":278,"column":4},"end":{"line":280,"column":5}},"147":{"start":{"line":279,"column":6},"end":{"line":279,"column":68}},"148":{"start":{"line":282,"column":25},"end":{"line":282,"column":55}},"149":{"start":{"line":284,"column":4},"end":{"line":290,"column":5}},"150":{"start":{"line":286,"column":6},"end":{"line":286,"column":103}},"151":{"start":{"line":286,"column":77},"end":{"line":286,"column":101}},"152":{"start":{"line":289,"column":6},"end":{"line":289,"column":33}},"153":{"start":{"line":292,"column":4},"end":{"line":292,"column":25}},"154":{"start":{"line":293,"column":4},"end":{"line":293,"column":90}},"155":{"start":{"line":295,"column":4},"end":{"line":295,"column":49}},"156":{"start":{"line":296,"column":4},"end":{"line":296,"column":63}}},"fnMap":{"0":{"name":"(anonymous_8)","decl":{"start":{"line":11,"column":25},"end":{"line":11,"column":32}},"loc":{"start":{"line":11,"column":63},"end":{"line":25,"column":2}}},"1":{"name":"(anonymous_9)","decl":{"start":{"line":11,"column":63},"end":{"line":11,"column":null}},"loc":{"start":{"line":11,"column":63},"end":{"line":25,"column":1}}},"2":{"name":"(anonymous_10)","decl":{"start":{"line":30,"column":26},"end":{"line":30,"column":33}},"loc":{"start":{"line":30,"column":64},"end":{"line":54,"column":2}}},"3":{"name":"(anonymous_11)","decl":{"start":{"line":30,"column":64},"end":{"line":30,"column":null}},"loc":{"start":{"line":30,"column":64},"end":{"line":54,"column":1}}},"4":{"name":"(anonymous_12)","decl":{"start":{"line":58,"column":25},"end":{"line":58,"column":32}},"loc":{"start":{"line":58,"column":63},"end":{"line":68,"column":2}}},"5":{"name":"(anonymous_13)","decl":{"start":{"line":58,"column":63},"end":{"line":58,"column":null}},"loc":{"start":{"line":58,"column":63},"end":{"line":68,"column":1}}},"6":{"name":"(anonymous_14)","decl":{"start":{"line":69,"column":31},"end":{"line":69,"column":38}},"loc":{"start":{"line":69,"column":69},"end":{"line":77,"column":2}}},"7":{"name":"(anonymous_15)","decl":{"start":{"line":69,"column":69},"end":{"line":69,"column":null}},"loc":{"start":{"line":69,"column":69},"end":{"line":77,"column":1}}},"8":{"name":"(anonymous_16)","decl":{"start":{"line":79,"column":24},"end":{"line":79,"column":31}},"loc":{"start":{"line":79,"column":62},"end":{"line":86,"column":2}}},"9":{"name":"(anonymous_17)","decl":{"start":{"line":79,"column":62},"end":{"line":79,"column":null}},"loc":{"start":{"line":79,"column":62},"end":{"line":86,"column":1}}},"10":{"name":"(anonymous_18)","decl":{"start":{"line":89,"column":24},"end":{"line":89,"column":31}},"loc":{"start":{"line":89,"column":62},"end":{"line":96,"column":2}}},"11":{"name":"(anonymous_19)","decl":{"start":{"line":89,"column":62},"end":{"line":89,"column":null}},"loc":{"start":{"line":89,"column":62},"end":{"line":96,"column":1}}},"12":{"name":"(anonymous_20)","decl":{"start":{"line":99,"column":26},"end":{"line":99,"column":33}},"loc":{"start":{"line":99,"column":64},"end":{"line":117,"column":2}}},"13":{"name":"(anonymous_21)","decl":{"start":{"line":99,"column":64},"end":{"line":99,"column":null}},"loc":{"start":{"line":99,"column":64},"end":{"line":117,"column":1}}},"14":{"name":"(anonymous_22)","decl":{"start":{"line":119,"column":20},"end":{"line":119,"column":27}},"loc":{"start":{"line":119,"column":56},"end":{"line":125,"column":null}}},"15":{"name":"(anonymous_23)","decl":{"start":{"line":119,"column":56},"end":{"line":119,"column":null}},"loc":{"start":{"line":119,"column":56},"end":{"line":125,"column":1}}},"16":{"name":"(anonymous_24)","decl":{"start":{"line":127,"column":32},"end":{"line":127,"column":39}},"loc":{"start":{"line":127,"column":70},"end":{"line":143,"column":2}}},"17":{"name":"(anonymous_25)","decl":{"start":{"line":127,"column":70},"end":{"line":127,"column":null}},"loc":{"start":{"line":127,"column":70},"end":{"line":143,"column":1}}},"18":{"name":"(anonymous_26)","decl":{"start":{"line":146,"column":27},"end":{"line":146,"column":34}},"loc":{"start":{"line":146,"column":65},"end":{"line":161,"column":null}}},"19":{"name":"(anonymous_27)","decl":{"start":{"line":146,"column":65},"end":{"line":146,"column":null}},"loc":{"start":{"line":146,"column":65},"end":{"line":161,"column":1}}},"20":{"name":"(anonymous_28)","decl":{"start":{"line":164,"column":33},"end":{"line":164,"column":40}},"loc":{"start":{"line":164,"column":71},"end":{"line":178,"column":2}}},"21":{"name":"(anonymous_29)","decl":{"start":{"line":164,"column":71},"end":{"line":164,"column":null}},"loc":{"start":{"line":164,"column":71},"end":{"line":178,"column":1}}},"22":{"name":"(anonymous_30)","decl":{"start":{"line":179,"column":30},"end":{"line":179,"column":37}},"loc":{"start":{"line":179,"column":68},"end":{"line":189,"column":null}}},"23":{"name":"(anonymous_31)","decl":{"start":{"line":179,"column":68},"end":{"line":179,"column":null}},"loc":{"start":{"line":179,"column":68},"end":{"line":189,"column":1}}},"24":{"name":"(anonymous_32)","decl":{"start":{"line":193,"column":22},"end":{"line":193,"column":29}},"loc":{"start":{"line":193,"column":60},"end":{"line":216,"column":2}}},"25":{"name":"(anonymous_33)","decl":{"start":{"line":193,"column":60},"end":{"line":193,"column":null}},"loc":{"start":{"line":193,"column":60},"end":{"line":216,"column":1}}},"26":{"name":"(anonymous_34)","decl":{"start":{"line":219,"column":37},"end":{"line":219,"column":44}},"loc":{"start":{"line":219,"column":75},"end":{"line":238,"column":2}}},"27":{"name":"(anonymous_35)","decl":{"start":{"line":219,"column":75},"end":{"line":219,"column":null}},"loc":{"start":{"line":219,"column":75},"end":{"line":238,"column":1}}},"28":{"name":"(anonymous_36)","decl":{"start":{"line":239,"column":27},"end":{"line":239,"column":34}},"loc":{"start":{"line":239,"column":65},"end":{"line":265,"column":2}}},"29":{"name":"(anonymous_37)","decl":{"start":{"line":239,"column":65},"end":{"line":239,"column":null}},"loc":{"start":{"line":239,"column":65},"end":{"line":265,"column":1}}},"30":{"name":"(anonymous_38)","decl":{"start":{"line":255,"column":42},"end":{"line":255,"column":43}},"loc":{"start":{"line":255,"column":87},"end":{"line":258,"column":6}}},"31":{"name":"(anonymous_39)","decl":{"start":{"line":267,"column":22},"end":{"line":267,"column":29}},"loc":{"start":{"line":267,"column":60},"end":{"line":298,"column":2}}},"32":{"name":"(anonymous_40)","decl":{"start":{"line":267,"column":60},"end":{"line":267,"column":null}},"loc":{"start":{"line":267,"column":60},"end":{"line":298,"column":1}}},"33":{"name":"(anonymous_41)","decl":{"start":{"line":286,"column":43},"end":{"line":286,"column":44}},"loc":{"start":{"line":286,"column":77},"end":{"line":286,"column":101}}}},"branchMap":{"0":{"loc":{"start":{"line":61,"column":4},"end":{"line":63,"column":5}},"type":"if","locations":[{"start":{"line":61,"column":4},"end":{"line":63,"column":5}}]},"1":{"loc":{"start":{"line":131,"column":4},"end":{"line":133,"column":5}},"type":"if","locations":[{"start":{"line":131,"column":4},"end":{"line":133,"column":5}}]},"2":{"loc":{"start":{"line":198,"column":4},"end":{"line":200,"column":5}},"type":"if","locations":[{"start":{"line":198,"column":4},"end":{"line":200,"column":5}}]},"3":{"loc":{"start":{"line":203,"column":4},"end":{"line":205,"column":5}},"type":"if","locations":[{"start":{"line":203,"column":4},"end":{"line":205,"column":5}}]},"4":{"loc":{"start":{"line":229,"column":4},"end":{"line":231,"column":5}},"type":"if","locations":[{"start":{"line":229,"column":4},"end":{"line":231,"column":5}}]},"5":{"loc":{"start":{"line":251,"column":4},"end":{"line":253,"column":5}},"type":"if","locations":[{"start":{"line":251,"column":4},"end":{"line":253,"column":5}}]},"6":{"loc":{"start":{"line":251,"column":8},"end":{"line":251,"column":48}},"type":"binary-expr","locations":[{"start":{"line":251,"column":8},"end":{"line":251,"column":20}},{"start":{"line":251,"column":24},"end":{"line":251,"column":48}}]},"7":{"loc":{"start":{"line":271,"column":2},"end":{"line":273,"column":3}},"type":"if","locations":[{"start":{"line":271,"column":2},"end":{"line":273,"column":3}}]},"8":{"loc":{"start":{"line":278,"column":4},"end":{"line":280,"column":5}},"type":"if","locations":[{"start":{"line":278,"column":4},"end":{"line":280,"column":5}}]},"9":{"loc":{"start":{"line":284,"column":4},"end":{"line":290,"column":5}},"type":"if","locations":[{"start":{"line":284,"column":4},"end":{"line":290,"column":5}},{"start":{"line":287,"column":11},"end":{"line":290,"column":5}}]}},"s":{"0":1,"1":1,"2":1,"3":1,"4":1,"5":1,"6":1,"7":1,"8":0,"9":0,"10":1,"11":0,"12":0,"13":0,"14":0,"15":0,"16":0,"17":0,"18":0,"19":0,"20":1,"21":1,"22":1,"23":1,"24":1,"25":0,"26":1,"27":0,"28":1,"29":0,"30":0,"31":0,"32":0,"33":0,"34":0,"35":1,"36":1,"37":1,"38":1,"39":1,"40":0,"41":1,"42":1,"43":1,"44":1,"45":1,"46":0,"47":1,"48":0,"49":0,"50":0,"51":0,"52":0,"53":0,"54":1,"55":0,"56":0,"57":0,"58":0,"59":0,"60":0,"61":1,"62":0,"63":0,"64":0,"65":0,"66":0,"67":0,"68":0,"69":0,"70":0,"71":0,"72":0,"73":1,"74":0,"75":0,"76":0,"77":0,"78":0,"79":0,"80":0,"81":0,"82":0,"83":0,"84":0,"85":1,"86":0,"87":0,"88":0,"89":0,"90":0,"91":0,"92":0,"93":0,"94":0,"95":0,"96":1,"97":0,"98":0,"99":0,"100":0,"101":0,"102":0,"103":0,"104":1,"105":0,"106":0,"107":0,"108":0,"109":0,"110":0,"111":0,"112":0,"113":0,"114":0,"115":0,"116":0,"117":1,"118":0,"119":0,"120":0,"121":0,"122":0,"123":0,"124":0,"125":0,"126":0,"127":1,"128":0,"129":0,"130":0,"131":0,"132":0,"133":0,"134":0,"135":0,"136":0,"137":0,"138":1,"139":1,"140":1,"141":1,"142":1,"143":0,"144":1,"145":1,"146":1,"147":0,"148":1,"149":1,"150":0,"151":0,"152":1,"153":1,"154":1,"155":0,"156":0},"f":{"0":1,"1":1,"2":0,"3":0,"4":1,"5":1,"6":0,"7":0,"8":1,"9":1,"10":1,"11":1,"12":0,"13":0,"14":0,"15":0,"16":0,"17":0,"18":0,"19":0,"20":0,"21":0,"22":0,"23":0,"24":0,"25":0,"26":0,"27":0,"28":0,"29":0,"30":0,"31":1,"32":1,"33":0},"b":{"0":[0],"1":[0],"2":[0],"3":[0],"4":[0],"5":[0],"6":[0,0],"7":[0],"8":[0],"9":[0,1]}}
,"C:\\Users\\msi\\Desktop\\Food-Ordering\\backend\\src\\controllers\\MyRestaurantController.ts": {"path":"C:\\Users\\msi\\Desktop\\Food-Ordering\\backend\\src\\controllers\\MyRestaurantController.ts","statementMap":{"0":{"start":{"line":1,"column":0},"end":{"line":1,"column":46}},"1":{"start":{"line":3,"column":0},"end":{"line":3,"column":36}},"2":{"start":{"line":4,"column":0},"end":{"line":4,"column":32}},"3":{"start":{"line":7,"column":24},"end":{"line":25,"column":2}},"4":{"start":{"line":7,"column":62},"end":{"line":25,"column":2}},"5":{"start":{"line":8,"column":2},"end":{"line":24,"column":3}},"6":{"start":{"line":9,"column":20},"end":{"line":9,"column":39}},"7":{"start":{"line":11,"column":4},"end":{"line":13,"column":5}},"8":{"start":{"line":12,"column":6},"end":{"line":12,"column":76}},"9":{"start":{"line":15,"column":24},"end":{"line":15,"column":63}},"10":{"start":{"line":20,"column":4},"end":{"line":20,"column":26}},"11":{"start":{"line":22,"column":4},"end":{"line":22,"column":55}},"12":{"start":{"line":23,"column":4},"end":{"line":23,"column":67}},"13":{"start":{"line":28,"column":33},"end":{"line":44,"column":2}},"14":{"start":{"line":28,"column":71},"end":{"line":44,"column":2}},"15":{"start":{"line":29,"column":17},"end":{"line":29,"column":27}},"16":{"start":{"line":30,"column":2},"end":{"line":43,"column":3}},"17":{"start":{"line":31,"column":23},"end":{"line":31,"column":52}},"18":{"start":{"line":32,"column":4},"end":{"line":34,"column":5}},"19":{"start":{"line":33,"column":6},"end":{"line":33,"column":71}},"20":{"start":{"line":36,"column":4},"end":{"line":36,"column":51}},"21":{"start":{"line":37,"column":4},"end":{"line":37,"column":28}},"22":{"start":{"line":39,"column":4},"end":{"line":39,"column":88}},"23":{"start":{"line":41,"column":4},"end":{"line":41,"column":71}},"24":{"start":{"line":42,"column":4},"end":{"line":42,"column":83}},"25":{"start":{"line":47,"column":31},"end":{"line":62,"column":2}},"26":{"start":{"line":47,"column":69},"end":{"line":62,"column":2}},"27":{"start":{"line":48,"column":2},"end":{"line":61,"column":3}},"28":{"start":{"line":49,"column":20},"end":{"line":49,"column":39}},"29":{"start":{"line":51,"column":24},"end":{"line":51,"column":60}},"30":{"start":{"line":53,"column":4},"end":{"line":55,"column":5}},"31":{"start":{"line":54,"column":6},"end":{"line":54,"column":72}},"32":{"start":{"line":57,"column":4},"end":{"line":57,"column":26}},"33":{"start":{"line":59,"column":4},"end":{"line":59,"column":56}},"34":{"start":{"line":60,"column":4},"end":{"line":60,"column":68}},"35":{"start":{"line":63,"column":25},"end":{"line":76,"column":2}},"36":{"start":{"line":63,"column":63},"end":{"line":76,"column":2}},"37":{"start":{"line":64,"column":2},"end":{"line":75,"column":3}},"38":{"start":{"line":65,"column":24},"end":{"line":65,"column":49}},"39":{"start":{"line":67,"column":4},"end":{"line":69,"column":5}},"40":{"start":{"line":68,"column":6},"end":{"line":68,"column":72}},"41":{"start":{"line":71,"column":4},"end":{"line":71,"column":26}},"42":{"start":{"line":73,"column":4},"end":{"line":73,"column":56}},"43":{"start":{"line":74,"column":4},"end":{"line":74,"column":68}},"44":{"start":{"line":78,"column":32},"end":{"line":89,"column":2}},"45":{"start":{"line":78,"column":70},"end":{"line":89,"column":2}},"46":{"start":{"line":79,"column":25},"end":{"line":79,"column":49}},"47":{"start":{"line":81,"column":2},"end":{"line":88,"column":3}},"48":{"start":{"line":83,"column":24},"end":{"line":83,"column":108}},"49":{"start":{"line":84,"column":4},"end":{"line":84,"column":26}},"50":{"start":{"line":86,"column":4},"end":{"line":86,"column":57}},"51":{"start":{"line":87,"column":4},"end":{"line":87,"column":68}},"52":{"start":{"line":203,"column":27},"end":{"line":233,"column":2}},"53":{"start":{"line":203,"column":65},"end":{"line":233,"column":2}},"54":{"start":{"line":204,"column":2},"end":{"line":232,"column":3}},"55":{"start":{"line":205,"column":20},"end":{"line":205,"column":39}},"56":{"start":{"line":206,"column":4},"end":{"line":206,"column":56}},"57":{"start":{"line":207,"column":4},"end":{"line":207,"column":24}},"58":{"start":{"line":208,"column":4},"end":{"line":208,"column":56}},"59":{"start":{"line":209,"column":31},"end":{"line":209,"column":73}},"60":{"start":{"line":219,"column":21},"end":{"line":219,"column":71}},"61":{"start":{"line":220,"column":23},"end":{"line":220,"column":47}},"62":{"start":{"line":221,"column":4},"end":{"line":221,"column":35}},"63":{"start":{"line":222,"column":4},"end":{"line":222,"column":58}},"64":{"start":{"line":223,"column":4},"end":{"line":223,"column":40}},"65":{"start":{"line":226,"column":4},"end":{"line":226,"column":28}},"66":{"start":{"line":228,"column":4},"end":{"line":228,"column":85}},"67":{"start":{"line":230,"column":4},"end":{"line":230,"column":23}},"68":{"start":{"line":231,"column":4},"end":{"line":231,"column":63}},"69":{"start":{"line":235,"column":27},"end":{"line":265,"column":null}},"70":{"start":{"line":235,"column":65},"end":{"line":265,"column":null}},"71":{"start":{"line":236,"column":21},"end":{"line":236,"column":29}},"72":{"start":{"line":238,"column":2},"end":{"line":264,"column":3}},"73":{"start":{"line":239,"column":23},"end":{"line":242,"column":6}},"74":{"start":{"line":243,"column":4},"end":{"line":245,"column":5}},"75":{"start":{"line":244,"column":6},"end":{"line":244,"column":71}},"76":{"start":{"line":247,"column":4},"end":{"line":247,"column":56}},"77":{"start":{"line":248,"column":4},"end":{"line":248,"column":70}},"78":{"start":{"line":249,"column":4},"end":{"line":249,"column":44}},"79":{"start":{"line":250,"column":4},"end":{"line":250,"column":46}},"80":{"start":{"line":251,"column":4},"end":{"line":251,"column":40}},"81":{"start":{"line":254,"column":4},"end":{"line":257,"column":5}},"82":{"start":{"line":255,"column":23},"end":{"line":255,"column":73}},"83":{"start":{"line":256,"column":6},"end":{"line":256,"column":37}},"84":{"start":{"line":259,"column":4},"end":{"line":259,"column":28}},"85":{"start":{"line":260,"column":4},"end":{"line":260,"column":null}},"86":{"start":{"line":262,"column":4},"end":{"line":262,"column":32}},"87":{"start":{"line":263,"column":4},"end":{"line":263,"column":null}},"88":{"start":{"line":267,"column":23},"end":{"line":298,"column":2}},"89":{"start":{"line":267,"column":61},"end":{"line":298,"column":2}},"90":{"start":{"line":268,"column":21},"end":{"line":268,"column":29}},"91":{"start":{"line":269,"column":27},"end":{"line":269,"column":37}},"92":{"start":{"line":271,"column":2},"end":{"line":273,"column":3}},"93":{"start":{"line":272,"column":6},"end":{"line":272,"column":70}},"94":{"start":{"line":275,"column":2},"end":{"line":297,"column":3}},"95":{"start":{"line":276,"column":25},"end":{"line":276,"column":64}},"96":{"start":{"line":278,"column":6},"end":{"line":280,"column":7}},"97":{"start":{"line":279,"column":10},"end":{"line":279,"column":75}},"98":{"start":{"line":282,"column":27},"end":{"line":282,"column":60}},"99":{"start":{"line":284,"column":6},"end":{"line":290,"column":7}},"100":{"start":{"line":286,"column":10},"end":{"line":286,"column":85}},"101":{"start":{"line":286,"column":59},"end":{"line":286,"column":83}},"102":{"start":{"line":289,"column":10},"end":{"line":289,"column":40}},"103":{"start":{"line":292,"column":6},"end":{"line":292,"column":30}},"104":{"start":{"line":293,"column":6},"end":{"line":293,"column":95}},"105":{"start":{"line":295,"column":6},"end":{"line":295,"column":51}},"106":{"start":{"line":296,"column":6},"end":{"line":296,"column":65}},"107":{"start":{"line":300,"column":24},"end":{"line":308,"column":null}},"108":{"start":{"line":300,"column":62},"end":{"line":308,"column":null}},"109":{"start":{"line":301,"column":2},"end":{"line":307,"column":3}},"110":{"start":{"line":302,"column":23},"end":{"line":302,"column":63}},"111":{"start":{"line":303,"column":4},"end":{"line":303,"column":25}},"112":{"start":{"line":305,"column":4},"end":{"line":305,"column":25}},"113":{"start":{"line":306,"column":4},"end":{"line":306,"column":63}},"114":{"start":{"line":310,"column":20},"end":{"line":316,"column":null}},"115":{"start":{"line":310,"column":56},"end":{"line":316,"column":null}},"116":{"start":{"line":311,"column":16},"end":{"line":311,"column":20}},"117":{"start":{"line":312,"column":22},"end":{"line":312,"column":66}},"118":{"start":{"line":313,"column":18},"end":{"line":313,"column":64}},"119":{"start":{"line":314,"column":25},"end":{"line":314,"column":69}},"120":{"start":{"line":315,"column":2},"end":{"line":315,"column":28}},"121":{"start":{"line":321,"column":26},"end":{"line":337,"column":null}},"122":{"start":{"line":321,"column":62},"end":{"line":337,"column":null}},"123":{"start":{"line":322,"column":29},"end":{"line":322,"column":39}},"124":{"start":{"line":324,"column":2},"end":{"line":336,"column":3}},"125":{"start":{"line":326,"column":23},"end":{"line":326,"column":67}},"126":{"start":{"line":328,"column":4},"end":{"line":330,"column":5}},"127":{"start":{"line":329,"column":6},"end":{"line":329,"column":69}},"128":{"start":{"line":332,"column":4},"end":{"line":332,"column":25}},"129":{"start":{"line":334,"column":4},"end":{"line":334,"column":53}},"130":{"start":{"line":335,"column":4},"end":{"line":335,"column":52}},"131":{"start":{"line":339,"column":0},"end":{"line":339,"column":216}}},"fnMap":{"0":{"name":"(anonymous_8)","decl":{"start":{"line":7,"column":24},"end":{"line":7,"column":31}},"loc":{"start":{"line":7,"column":62},"end":{"line":25,"column":2}}},"1":{"name":"(anonymous_9)","decl":{"start":{"line":7,"column":62},"end":{"line":7,"column":null}},"loc":{"start":{"line":7,"column":62},"end":{"line":25,"column":1}}},"2":{"name":"(anonymous_10)","decl":{"start":{"line":28,"column":33},"end":{"line":28,"column":40}},"loc":{"start":{"line":28,"column":71},"end":{"line":44,"column":2}}},"3":{"name":"(anonymous_11)","decl":{"start":{"line":28,"column":71},"end":{"line":28,"column":null}},"loc":{"start":{"line":28,"column":71},"end":{"line":44,"column":1}}},"4":{"name":"(anonymous_12)","decl":{"start":{"line":47,"column":31},"end":{"line":47,"column":38}},"loc":{"start":{"line":47,"column":69},"end":{"line":62,"column":2}}},"5":{"name":"(anonymous_13)","decl":{"start":{"line":47,"column":69},"end":{"line":47,"column":null}},"loc":{"start":{"line":47,"column":69},"end":{"line":62,"column":1}}},"6":{"name":"(anonymous_14)","decl":{"start":{"line":63,"column":25},"end":{"line":63,"column":32}},"loc":{"start":{"line":63,"column":63},"end":{"line":76,"column":2}}},"7":{"name":"(anonymous_15)","decl":{"start":{"line":63,"column":63},"end":{"line":63,"column":null}},"loc":{"start":{"line":63,"column":63},"end":{"line":76,"column":1}}},"8":{"name":"(anonymous_16)","decl":{"start":{"line":78,"column":32},"end":{"line":78,"column":39}},"loc":{"start":{"line":78,"column":70},"end":{"line":89,"column":2}}},"9":{"name":"(anonymous_17)","decl":{"start":{"line":78,"column":70},"end":{"line":78,"column":null}},"loc":{"start":{"line":78,"column":70},"end":{"line":89,"column":1}}},"10":{"name":"(anonymous_18)","decl":{"start":{"line":203,"column":27},"end":{"line":203,"column":34}},"loc":{"start":{"line":203,"column":65},"end":{"line":233,"column":2}}},"11":{"name":"(anonymous_19)","decl":{"start":{"line":203,"column":65},"end":{"line":203,"column":null}},"loc":{"start":{"line":203,"column":65},"end":{"line":233,"column":1}}},"12":{"name":"(anonymous_20)","decl":{"start":{"line":235,"column":27},"end":{"line":235,"column":34}},"loc":{"start":{"line":235,"column":65},"end":{"line":265,"column":null}}},"13":{"name":"(anonymous_21)","decl":{"start":{"line":235,"column":65},"end":{"line":235,"column":null}},"loc":{"start":{"line":235,"column":65},"end":{"line":265,"column":1}}},"14":{"name":"(anonymous_22)","decl":{"start":{"line":267,"column":23},"end":{"line":267,"column":30}},"loc":{"start":{"line":267,"column":61},"end":{"line":298,"column":2}}},"15":{"name":"(anonymous_23)","decl":{"start":{"line":267,"column":61},"end":{"line":267,"column":null}},"loc":{"start":{"line":267,"column":61},"end":{"line":298,"column":1}}},"16":{"name":"(anonymous_24)","decl":{"start":{"line":286,"column":53},"end":{"line":286,"column":55}},"loc":{"start":{"line":286,"column":59},"end":{"line":286,"column":83}}},"17":{"name":"(anonymous_25)","decl":{"start":{"line":300,"column":24},"end":{"line":300,"column":31}},"loc":{"start":{"line":300,"column":62},"end":{"line":308,"column":null}}},"18":{"name":"(anonymous_26)","decl":{"start":{"line":300,"column":62},"end":{"line":300,"column":null}},"loc":{"start":{"line":300,"column":62},"end":{"line":308,"column":1}}},"19":{"name":"(anonymous_27)","decl":{"start":{"line":310,"column":20},"end":{"line":310,"column":27}},"loc":{"start":{"line":310,"column":56},"end":{"line":316,"column":null}}},"20":{"name":"(anonymous_28)","decl":{"start":{"line":310,"column":56},"end":{"line":310,"column":null}},"loc":{"start":{"line":310,"column":56},"end":{"line":316,"column":1}}},"21":{"name":"(anonymous_29)","decl":{"start":{"line":321,"column":26},"end":{"line":321,"column":33}},"loc":{"start":{"line":321,"column":62},"end":{"line":337,"column":null}}},"22":{"name":"(anonymous_30)","decl":{"start":{"line":321,"column":62},"end":{"line":321,"column":null}},"loc":{"start":{"line":321,"column":62},"end":{"line":337,"column":1}}}},"branchMap":{"0":{"loc":{"start":{"line":11,"column":4},"end":{"line":13,"column":5}},"type":"if","locations":[{"start":{"line":11,"column":4},"end":{"line":13,"column":5}}]},"1":{"loc":{"start":{"line":32,"column":4},"end":{"line":34,"column":5}},"type":"if","locations":[{"start":{"line":32,"column":4},"end":{"line":34,"column":5}}]},"2":{"loc":{"start":{"line":53,"column":4},"end":{"line":55,"column":5}},"type":"if","locations":[{"start":{"line":53,"column":4},"end":{"line":55,"column":5}}]},"3":{"loc":{"start":{"line":53,"column":8},"end":{"line":53,"column":48}},"type":"binary-expr","locations":[{"start":{"line":53,"column":8},"end":{"line":53,"column":20}},{"start":{"line":53,"column":24},"end":{"line":53,"column":48}}]},"4":{"loc":{"start":{"line":67,"column":4},"end":{"line":69,"column":5}},"type":"if","locations":[{"start":{"line":67,"column":4},"end":{"line":69,"column":5}}]},"5":{"loc":{"start":{"line":67,"column":8},"end":{"line":67,"column":48}},"type":"binary-expr","locations":[{"start":{"line":67,"column":8},"end":{"line":67,"column":20}},{"start":{"line":67,"column":24},"end":{"line":67,"column":48}}]},"6":{"loc":{"start":{"line":243,"column":4},"end":{"line":245,"column":5}},"type":"if","locations":[{"start":{"line":243,"column":4},"end":{"line":245,"column":5}}]},"7":{"loc":{"start":{"line":254,"column":4},"end":{"line":257,"column":5}},"type":"if","locations":[{"start":{"line":254,"column":4},"end":{"line":257,"column":5}}]},"8":{"loc":{"start":{"line":271,"column":2},"end":{"line":273,"column":3}},"type":"if","locations":[{"start":{"line":271,"column":2},"end":{"line":273,"column":3}}]},"9":{"loc":{"start":{"line":278,"column":6},"end":{"line":280,"column":7}},"type":"if","locations":[{"start":{"line":278,"column":6},"end":{"line":280,"column":7}}]},"10":{"loc":{"start":{"line":284,"column":6},"end":{"line":290,"column":7}},"type":"if","locations":[{"start":{"line":284,"column":6},"end":{"line":290,"column":7}},{"start":{"line":287,"column":13},"end":{"line":290,"column":7}}]},"11":{"loc":{"start":{"line":328,"column":4},"end":{"line":330,"column":5}},"type":"if","locations":[{"start":{"line":328,"column":4},"end":{"line":330,"column":5}}]}},"s":{"0":1,"1":1,"2":1,"3":1,"4":0,"5":0,"6":0,"7":0,"8":0,"9":0,"10":0,"11":0,"12":0,"13":1,"14":0,"15":0,"16":0,"17":0,"18":0,"19":0,"20":0,"21":0,"22":0,"23":0,"24":0,"25":1,"26":0,"27":0,"28":0,"29":0,"30":0,"31":0,"32":0,"33":0,"34":0,"35":1,"36":0,"37":0,"38":0,"39":0,"40":0,"41":0,"42":0,"43":0,"44":1,"45":0,"46":0,"47":0,"48":0,"49":0,"50":0,"51":0,"52":1,"53":0,"54":0,"55":0,"56":0,"57":0,"58":0,"59":0,"60":0,"61":0,"62":0,"63":0,"64":0,"65":0,"66":0,"67":0,"68":0,"69":1,"70":0,"71":0,"72":0,"73":0,"74":0,"75":0,"76":0,"77":0,"78":0,"79":0,"80":0,"81":0,"82":0,"83":0,"84":0,"85":0,"86":0,"87":0,"88":1,"89":1,"90":1,"91":1,"92":1,"93":0,"94":1,"95":1,"96":1,"97":0,"98":1,"99":1,"100":0,"101":0,"102":1,"103":1,"104":1,"105":0,"106":0,"107":1,"108":0,"109":0,"110":0,"111":0,"112":0,"113":0,"114":1,"115":0,"116":0,"117":0,"118":0,"119":0,"120":0,"121":1,"122":1,"123":1,"124":1,"125":1,"126":1,"127":0,"128":1,"129":0,"130":0,"131":1},"f":{"0":0,"1":0,"2":0,"3":0,"4":0,"5":0,"6":0,"7":0,"8":0,"9":0,"10":0,"11":0,"12":0,"13":0,"14":1,"15":1,"16":0,"17":0,"18":0,"19":0,"20":0,"21":1,"22":1},"b":{"0":[0],"1":[0],"2":[0],"3":[0,0],"4":[0],"5":[0,0],"6":[0],"7":[0],"8":[0],"9":[0],"10":[0,1],"11":[0]}}
,"C:\\Users\\msi\\Desktop\\Food-Ordering\\backend\\src\\controllers\\MyUserController.ts": {"path":"C:\\Users\\msi\\Desktop\\Food-Ordering\\backend\\src\\controllers\\MyUserController.ts","statementMap":{"0":{"start":{"line":2,"column":0},"end":{"line":2,"column":34}},"1":{"start":{"line":3,"column":19},"end":{"line":3,"column":40}},"2":{"start":{"line":4,"column":0},"end":{"line":4,"column":36}},"3":{"start":{"line":5,"column":15},"end":{"line":5,"column":32}},"4":{"start":{"line":6,"column":0},"end":{"line":6,"column":33}},"5":{"start":{"line":11,"column":28},"end":{"line":11,"column":31}},"6":{"start":{"line":15,"column":24},"end":{"line":18,"column":1}},"7":{"start":{"line":16,"column":17},"end":{"line":16,"column":54}},"8":{"start":{"line":17,"column":2},"end":{"line":17,"column":59}},"9":{"start":{"line":21,"column":34},"end":{"line":23,"column":1}},"10":{"start":{"line":22,"column":2},"end":{"line":22,"column":49}},"11":{"start":{"line":26,"column":21},"end":{"line":30,"column":2}},"12":{"start":{"line":26,"column":65},"end":{"line":30,"column":2}},"13":{"start":{"line":27,"column":21},"end":{"line":27,"column":23}},"14":{"start":{"line":28,"column":25},"end":{"line":28,"column":64}},"15":{"start":{"line":29,"column":2},"end":{"line":29,"column":24}},"16":{"start":{"line":31,"column":21},"end":{"line":83,"column":2}},"17":{"start":{"line":31,"column":59},"end":{"line":83,"column":2}},"18":{"start":{"line":32,"column":2},"end":{"line":82,"column":3}},"19":{"start":{"line":33,"column":73},"end":{"line":33,"column":81}},"20":{"start":{"line":34,"column":25},"end":{"line":34,"column":79}},"21":{"start":{"line":36,"column":4},"end":{"line":38,"column":5}},"22":{"start":{"line":37,"column":6},"end":{"line":37,"column":70}},"23":{"start":{"line":41,"column":27},"end":{"line":41,"column":55}},"24":{"start":{"line":44,"column":21},"end":{"line":44,"column":71}},"25":{"start":{"line":46,"column":30},"end":{"line":46,"column":57}},"26":{"start":{"line":47,"column":20},"end":{"line":56,"column":6}},"27":{"start":{"line":59,"column":4},"end":{"line":59,"column":25}},"28":{"start":{"line":61,"column":24},"end":{"line":67,"column":6}},"29":{"start":{"line":69,"column":24},"end":{"line":74,"column":6}},"30":{"start":{"line":76,"column":4},"end":{"line":76,"column":44}},"31":{"start":{"line":78,"column":4},"end":{"line":78,"column":45}},"32":{"start":{"line":80,"column":4},"end":{"line":80,"column":25}},"33":{"start":{"line":81,"column":4},"end":{"line":81,"column":64}},"34":{"start":{"line":133,"column":18},"end":{"line":158,"column":2}},"35":{"start":{"line":133,"column":56},"end":{"line":158,"column":2}},"36":{"start":{"line":134,"column":30},"end":{"line":134,"column":38}},"37":{"start":{"line":136,"column":2},"end":{"line":157,"column":3}},"38":{"start":{"line":137,"column":25},"end":{"line":137,"column":54}},"39":{"start":{"line":139,"column":4},"end":{"line":141,"column":5}},"40":{"start":{"line":140,"column":6},"end":{"line":140,"column":65}},"41":{"start":{"line":143,"column":4},"end":{"line":145,"column":5}},"42":{"start":{"line":144,"column":6},"end":{"line":144,"column":84}},"43":{"start":{"line":147,"column":28},"end":{"line":147,"column":81}},"44":{"start":{"line":149,"column":4},"end":{"line":151,"column":5}},"45":{"start":{"line":150,"column":6},"end":{"line":150,"column":70}},"46":{"start":{"line":153,"column":4},"end":{"line":153,"column":50}},"47":{"start":{"line":155,"column":4},"end":{"line":155,"column":46}},"48":{"start":{"line":156,"column":4},"end":{"line":156,"column":58}},"49":{"start":{"line":160,"column":20},"end":{"line":166,"column":null}},"50":{"start":{"line":160,"column":56},"end":{"line":166,"column":null}},"51":{"start":{"line":161,"column":16},"end":{"line":161,"column":20}},"52":{"start":{"line":162,"column":22},"end":{"line":162,"column":66}},"53":{"start":{"line":163,"column":18},"end":{"line":163,"column":64}},"54":{"start":{"line":164,"column":25},"end":{"line":164,"column":69}},"55":{"start":{"line":165,"column":2},"end":{"line":165,"column":28}},"56":{"start":{"line":169,"column":16},"end":{"line":181,"column":2}},"57":{"start":{"line":169,"column":54},"end":{"line":181,"column":2}},"58":{"start":{"line":170,"column":17},"end":{"line":170,"column":30}},"59":{"start":{"line":172,"column":2},"end":{"line":180,"column":3}},"60":{"start":{"line":173,"column":17},"end":{"line":173,"column":97}},"61":{"start":{"line":174,"column":4},"end":{"line":176,"column":5}},"62":{"start":{"line":175,"column":6},"end":{"line":175,"column":65}},"63":{"start":{"line":177,"column":4},"end":{"line":177,"column":31}},"64":{"start":{"line":179,"column":4},"end":{"line":179,"column":70}},"65":{"start":{"line":183,"column":19},"end":{"line":192,"column":2}},"66":{"start":{"line":183,"column":57},"end":{"line":192,"column":2}},"67":{"start":{"line":184,"column":17},"end":{"line":184,"column":30}},"68":{"start":{"line":186,"column":2},"end":{"line":191,"column":3}},"69":{"start":{"line":187,"column":4},"end":{"line":187,"column":41}},"70":{"start":{"line":188,"column":4},"end":{"line":188,"column":83}},"71":{"start":{"line":190,"column":4},"end":{"line":190,"column":68}},"72":{"start":{"line":195,"column":29},"end":{"line":204,"column":2}},"73":{"start":{"line":195,"column":67},"end":{"line":204,"column":2}},"74":{"start":{"line":196,"column":17},"end":{"line":196,"column":30}},"75":{"start":{"line":198,"column":2},"end":{"line":203,"column":3}},"76":{"start":{"line":199,"column":4},"end":{"line":199,"column":41}},"77":{"start":{"line":200,"column":4},"end":{"line":200,"column":83}},"78":{"start":{"line":202,"column":4},"end":{"line":202,"column":68}},"79":{"start":{"line":206,"column":19},"end":{"line":215,"column":2}},"80":{"start":{"line":206,"column":57},"end":{"line":215,"column":2}},"81":{"start":{"line":207,"column":17},"end":{"line":207,"column":30}},"82":{"start":{"line":209,"column":2},"end":{"line":214,"column":3}},"83":{"start":{"line":210,"column":4},"end":{"line":210,"column":76}},"84":{"start":{"line":211,"column":4},"end":{"line":211,"column":83}},"85":{"start":{"line":213,"column":4},"end":{"line":213,"column":68}},"86":{"start":{"line":217,"column":29},"end":{"line":241,"column":2}},"87":{"start":{"line":217,"column":67},"end":{"line":241,"column":2}},"88":{"start":{"line":218,"column":2},"end":{"line":240,"column":3}},"89":{"start":{"line":219,"column":4},"end":{"line":221,"column":5}},"90":{"start":{"line":220,"column":6},"end":{"line":220,"column":67}},"91":{"start":{"line":223,"column":21},"end":{"line":223,"column":76}},"92":{"start":{"line":224,"column":4},"end":{"line":226,"column":5}},"93":{"start":{"line":225,"column":6},"end":{"line":225,"column":82}},"94":{"start":{"line":229,"column":19},"end":{"line":229,"column":115}},"95":{"start":{"line":232,"column":19},"end":{"line":232,"column":36}},"96":{"start":{"line":236,"column":4},"end":{"line":236,"column":58}},"97":{"start":{"line":238,"column":4},"end":{"line":238,"column":61}},"98":{"start":{"line":239,"column":4},"end":{"line":239,"column":80}},"99":{"start":{"line":243,"column":20},"end":{"line":256,"column":2}},"100":{"start":{"line":243,"column":58},"end":{"line":256,"column":2}},"101":{"start":{"line":244,"column":2},"end":{"line":255,"column":3}},"102":{"start":{"line":245,"column":18},"end":{"line":245,"column":35}},"103":{"start":{"line":247,"column":4},"end":{"line":247,"column":32}},"104":{"start":{"line":249,"column":4},"end":{"line":249,"column":52}},"105":{"start":{"line":250,"column":4},"end":{"line":254,"column":5}},"106":{"start":{"line":251,"column":6},"end":{"line":251,"column":88}},"107":{"start":{"line":253,"column":6},"end":{"line":253,"column":88}},"108":{"start":{"line":257,"column":17},"end":{"line":273,"column":2}},"109":{"start":{"line":257,"column":55},"end":{"line":273,"column":2}},"110":{"start":{"line":258,"column":14},"end":{"line":258,"column":27}},"111":{"start":{"line":259,"column":2},"end":{"line":272,"column":3}},"112":{"start":{"line":260,"column":24},"end":{"line":263,"column":null}},"113":{"start":{"line":265,"column":4},"end":{"line":267,"column":5}},"114":{"start":{"line":266,"column":6},"end":{"line":266,"column":65}},"115":{"start":{"line":268,"column":4},"end":{"line":268,"column":67}},"116":{"start":{"line":270,"column":4},"end":{"line":270,"column":49}},"117":{"start":{"line":271,"column":4},"end":{"line":271,"column":61}},"118":{"start":{"line":275,"column":0},"end":{"line":275,"column":117}}},"fnMap":{"0":{"name":"(anonymous_8)","decl":{"start":{"line":15,"column":24},"end":{"line":15,"column":25}},"loc":{"start":{"line":15,"column":53},"end":{"line":18,"column":1}}},"1":{"name":"(anonymous_9)","decl":{"start":{"line":21,"column":34},"end":{"line":21,"column":37}},"loc":{"start":{"line":21,"column":39},"end":{"line":23,"column":1}}},"2":{"name":"(anonymous_10)","decl":{"start":{"line":26,"column":21},"end":{"line":26,"column":28}},"loc":{"start":{"line":26,"column":65},"end":{"line":30,"column":2}}},"3":{"name":"(anonymous_11)","decl":{"start":{"line":26,"column":65},"end":{"line":26,"column":null}},"loc":{"start":{"line":26,"column":65},"end":{"line":30,"column":1}}},"4":{"name":"(anonymous_12)","decl":{"start":{"line":31,"column":21},"end":{"line":31,"column":28}},"loc":{"start":{"line":31,"column":59},"end":{"line":83,"column":2}}},"5":{"name":"(anonymous_13)","decl":{"start":{"line":31,"column":59},"end":{"line":31,"column":null}},"loc":{"start":{"line":31,"column":59},"end":{"line":83,"column":1}}},"6":{"name":"(anonymous_14)","decl":{"start":{"line":133,"column":18},"end":{"line":133,"column":25}},"loc":{"start":{"line":133,"column":56},"end":{"line":158,"column":2}}},"7":{"name":"(anonymous_15)","decl":{"start":{"line":133,"column":56},"end":{"line":133,"column":null}},"loc":{"start":{"line":133,"column":56},"end":{"line":158,"column":1}}},"8":{"name":"(anonymous_16)","decl":{"start":{"line":160,"column":20},"end":{"line":160,"column":27}},"loc":{"start":{"line":160,"column":56},"end":{"line":166,"column":null}}},"9":{"name":"(anonymous_17)","decl":{"start":{"line":160,"column":56},"end":{"line":160,"column":null}},"loc":{"start":{"line":160,"column":56},"end":{"line":166,"column":1}}},"10":{"name":"(anonymous_18)","decl":{"start":{"line":169,"column":16},"end":{"line":169,"column":23}},"loc":{"start":{"line":169,"column":54},"end":{"line":181,"column":2}}},"11":{"name":"(anonymous_19)","decl":{"start":{"line":169,"column":54},"end":{"line":169,"column":null}},"loc":{"start":{"line":169,"column":54},"end":{"line":181,"column":1}}},"12":{"name":"(anonymous_20)","decl":{"start":{"line":183,"column":19},"end":{"line":183,"column":26}},"loc":{"start":{"line":183,"column":57},"end":{"line":192,"column":2}}},"13":{"name":"(anonymous_21)","decl":{"start":{"line":183,"column":57},"end":{"line":183,"column":null}},"loc":{"start":{"line":183,"column":57},"end":{"line":192,"column":1}}},"14":{"name":"(anonymous_22)","decl":{"start":{"line":195,"column":29},"end":{"line":195,"column":36}},"loc":{"start":{"line":195,"column":67},"end":{"line":204,"column":2}}},"15":{"name":"(anonymous_23)","decl":{"start":{"line":195,"column":67},"end":{"line":195,"column":null}},"loc":{"start":{"line":195,"column":67},"end":{"line":204,"column":1}}},"16":{"name":"(anonymous_24)","decl":{"start":{"line":206,"column":19},"end":{"line":206,"column":26}},"loc":{"start":{"line":206,"column":57},"end":{"line":215,"column":2}}},"17":{"name":"(anonymous_25)","decl":{"start":{"line":206,"column":57},"end":{"line":206,"column":null}},"loc":{"start":{"line":206,"column":57},"end":{"line":215,"column":1}}},"18":{"name":"(anonymous_26)","decl":{"start":{"line":217,"column":29},"end":{"line":217,"column":36}},"loc":{"start":{"line":217,"column":67},"end":{"line":241,"column":2}}},"19":{"name":"(anonymous_27)","decl":{"start":{"line":217,"column":67},"end":{"line":217,"column":null}},"loc":{"start":{"line":217,"column":67},"end":{"line":241,"column":1}}},"20":{"name":"(anonymous_28)","decl":{"start":{"line":243,"column":20},"end":{"line":243,"column":27}},"loc":{"start":{"line":243,"column":58},"end":{"line":256,"column":2}}},"21":{"name":"(anonymous_29)","decl":{"start":{"line":243,"column":58},"end":{"line":243,"column":null}},"loc":{"start":{"line":243,"column":58},"end":{"line":256,"column":1}}},"22":{"name":"(anonymous_30)","decl":{"start":{"line":257,"column":17},"end":{"line":257,"column":24}},"loc":{"start":{"line":257,"column":55},"end":{"line":273,"column":2}}},"23":{"name":"(anonymous_31)","decl":{"start":{"line":257,"column":55},"end":{"line":257,"column":null}},"loc":{"start":{"line":257,"column":55},"end":{"line":273,"column":1}}}},"branchMap":{"0":{"loc":{"start":{"line":16,"column":17},"end":{"line":16,"column":54}},"type":"binary-expr","locations":[{"start":{"line":16,"column":17},"end":{"line":16,"column":35}},{"start":{"line":16,"column":39},"end":{"line":16,"column":54}}]},"1":{"loc":{"start":{"line":36,"column":4},"end":{"line":38,"column":5}},"type":"if","locations":[{"start":{"line":36,"column":4},"end":{"line":38,"column":5}}]},"2":{"loc":{"start":{"line":139,"column":4},"end":{"line":141,"column":5}},"type":"if","locations":[{"start":{"line":139,"column":4},"end":{"line":141,"column":5}}]},"3":{"loc":{"start":{"line":143,"column":4},"end":{"line":145,"column":5}},"type":"if","locations":[{"start":{"line":143,"column":4},"end":{"line":145,"column":5}}]},"4":{"loc":{"start":{"line":143,"column":8},"end":{"line":143,"column":43}},"type":"binary-expr","locations":[{"start":{"line":143,"column":8},"end":{"line":143,"column":17}},{"start":{"line":143,"column":21},"end":{"line":143,"column":43}}]},"5":{"loc":{"start":{"line":149,"column":4},"end":{"line":151,"column":5}},"type":"if","locations":[{"start":{"line":149,"column":4},"end":{"line":151,"column":5}}]},"6":{"loc":{"start":{"line":174,"column":4},"end":{"line":176,"column":5}},"type":"if","locations":[{"start":{"line":174,"column":4},"end":{"line":176,"column":5}}]},"7":{"loc":{"start":{"line":219,"column":4},"end":{"line":221,"column":5}},"type":"if","locations":[{"start":{"line":219,"column":4},"end":{"line":221,"column":5}}]},"8":{"loc":{"start":{"line":224,"column":4},"end":{"line":226,"column":5}},"type":"if","locations":[{"start":{"line":224,"column":4},"end":{"line":226,"column":5}}]},"9":{"loc":{"start":{"line":250,"column":4},"end":{"line":254,"column":5}},"type":"if","locations":[{"start":{"line":250,"column":4},"end":{"line":254,"column":5}},{"start":{"line":252,"column":11},"end":{"line":254,"column":5}}]},"10":{"loc":{"start":{"line":265,"column":4},"end":{"line":267,"column":5}},"type":"if","locations":[{"start":{"line":265,"column":4},"end":{"line":267,"column":5}}]}},"s":{"0":1,"1":1,"2":1,"3":1,"4":1,"5":1,"6":1,"7":0,"8":0,"9":1,"10":0,"11":1,"12":0,"13":0,"14":0,"15":0,"16":1,"17":0,"18":0,"19":0,"20":0,"21":0,"22":0,"23":0,"24":0,"25":0,"26":0,"27":0,"28":0,"29":0,"30":0,"31":0,"32":0,"33":0,"34":1,"35":1,"36":1,"37":1,"38":1,"39":1,"40":0,"41":1,"42":0,"43":1,"44":1,"45":0,"46":1,"47":0,"48":0,"49":1,"50":0,"51":0,"52":0,"53":0,"54":0,"55":0,"56":1,"57":1,"58":1,"59":1,"60":1,"61":1,"62":0,"63":1,"64":0,"65":1,"66":1,"67":1,"68":1,"69":1,"70":1,"71":0,"72":1,"73":0,"74":0,"75":0,"76":0,"77":0,"78":0,"79":1,"80":1,"81":1,"82":1,"83":1,"84":1,"85":0,"86":1,"87":0,"88":0,"89":0,"90":0,"91":0,"92":0,"93":0,"94":0,"95":0,"96":0,"97":0,"98":0,"99":1,"100":1,"101":1,"102":1,"103":1,"104":0,"105":0,"106":0,"107":0,"108":1,"109":1,"110":1,"111":1,"112":1,"113":1,"114":0,"115":1,"116":0,"117":0,"118":1},"f":{"0":0,"1":0,"2":0,"3":0,"4":0,"5":0,"6":1,"7":1,"8":0,"9":0,"10":1,"11":1,"12":1,"13":1,"14":0,"15":0,"16":1,"17":1,"18":0,"19":0,"20":1,"21":1,"22":1,"23":1},"b":{"0":[0,0],"1":[0],"2":[0],"3":[0],"4":[1,1],"5":[0],"6":[0],"7":[0],"8":[0],"9":[0,0],"10":[0]}}
,"C:\\Users\\msi\\Desktop\\Food-Ordering\\backend\\src\\controllers\\authController.ts": {"path":"C:\\Users\\msi\\Desktop\\Food-Ordering\\backend\\src\\controllers\\authController.ts","statementMap":{"0":{"start":{"line":3,"column":0},"end":{"line":3,"column":34}},"1":{"start":{"line":4,"column":17},"end":{"line":4,"column":37}},"2":{"start":{"line":5,"column":12},"end":{"line":5,"column":35}},"3":{"start":{"line":6,"column":14},"end":{"line":6,"column":39}},"4":{"start":{"line":8,"column":15},"end":{"line":8,"column":32}},"5":{"start":{"line":9,"column":0},"end":{"line":9,"column":36}},"6":{"start":{"line":59,"column":16},"end":{"line":100,"column":2}},"7":{"start":{"line":59,"column":54},"end":{"line":100,"column":2}},"8":{"start":{"line":60,"column":2},"end":{"line":99,"column":3}},"9":{"start":{"line":61,"column":32},"end":{"line":61,"column":40}},"10":{"start":{"line":64,"column":25},"end":{"line":64,"column":54}},"11":{"start":{"line":66,"column":4},"end":{"line":68,"column":5}},"12":{"start":{"line":67,"column":6},"end":{"line":67,"column":65}},"13":{"start":{"line":70,"column":4},"end":{"line":72,"column":5}},"14":{"start":{"line":71,"column":6},"end":{"line":71,"column":84}},"15":{"start":{"line":75,"column":28},"end":{"line":75,"column":81}},"16":{"start":{"line":76,"column":4},"end":{"line":78,"column":5}},"17":{"start":{"line":77,"column":6},"end":{"line":77,"column":70}},"18":{"start":{"line":81,"column":22},"end":{"line":85,"column":75}},"19":{"start":{"line":88,"column":52},"end":{"line":88,"column":75}},"20":{"start":{"line":88,"column":23},"end":{"line":88,"column":28}},"21":{"start":{"line":88,"column":47},"end":{"line":88,"column":52}},"22":{"start":{"line":89,"column":4},"end":{"line":89,"column":64}},"23":{"start":{"line":91,"column":4},"end":{"line":91,"column":46}},"24":{"start":{"line":94,"column":4},"end":{"line":98,"column":5}},"25":{"start":{"line":95,"column":6},"end":{"line":95,"column":82}},"26":{"start":{"line":97,"column":6},"end":{"line":97,"column":60}},"27":{"start":{"line":141,"column":18},"end":{"line":178,"column":null}},"28":{"start":{"line":141,"column":56},"end":{"line":178,"column":null}},"29":{"start":{"line":143,"column":8},"end":{"line":177,"column":9}},"30":{"start":{"line":145,"column":33},"end":{"line":145,"column":110}},"31":{"start":{"line":147,"column":12},"end":{"line":149,"column":13}},"32":{"start":{"line":148,"column":16},"end":{"line":148,"column":75}},"33":{"start":{"line":151,"column":12},"end":{"line":153,"column":13}},"34":{"start":{"line":152,"column":16},"end":{"line":152,"column":94}},"35":{"start":{"line":154,"column":39},"end":{"line":154,"column":101}},"36":{"start":{"line":155,"column":28},"end":{"line":155,"column":74}},"37":{"start":{"line":158,"column":12},"end":{"line":160,"column":13}},"38":{"start":{"line":159,"column":16},"end":{"line":159,"column":80}},"39":{"start":{"line":162,"column":28},"end":{"line":167,"column":60}},"40":{"start":{"line":169,"column":53},"end":{"line":169,"column":65}},"41":{"start":{"line":169,"column":49},"end":{"line":169,"column":53}},"42":{"start":{"line":170,"column":15},"end":{"line":170,"column":59}},"43":{"start":{"line":171,"column":15},"end":{"line":171,"column":67}},"44":{"start":{"line":172,"column":15},"end":{"line":172,"column":38}},"45":{"start":{"line":173,"column":15},"end":{"line":173,"column":67}},"46":{"start":{"line":175,"column":12},"end":{"line":175,"column":54}},"47":{"start":{"line":176,"column":12},"end":{"line":176,"column":66}},"48":{"start":{"line":180,"column":27},"end":{"line":186,"column":1}},"49":{"start":{"line":181,"column":2},"end":{"line":185,"column":4}},"50":{"start":{"line":189,"column":30},"end":{"line":235,"column":2}},"51":{"start":{"line":189,"column":68},"end":{"line":235,"column":2}},"52":{"start":{"line":190,"column":2},"end":{"line":234,"column":3}},"53":{"start":{"line":191,"column":22},"end":{"line":191,"column":30}},"54":{"start":{"line":194,"column":25},"end":{"line":194,"column":54}},"55":{"start":{"line":196,"column":4},"end":{"line":198,"column":5}},"56":{"start":{"line":197,"column":6},"end":{"line":197,"column":65}},"57":{"start":{"line":201,"column":23},"end":{"line":201,"column":61}},"58":{"start":{"line":204,"column":24},"end":{"line":212,"column":6}},"59":{"start":{"line":216,"column":24},"end":{"line":224,"column":6}},"60":{"start":{"line":227,"column":4},"end":{"line":227,"column":44}},"61":{"start":{"line":230,"column":4},"end":{"line":230,"column":41}},"62":{"start":{"line":232,"column":4},"end":{"line":232,"column":58}},"63":{"start":{"line":233,"column":4},"end":{"line":233,"column":70}},"64":{"start":{"line":189,"column":13},"end":{"line":189,"column":30}},"65":{"start":{"line":238,"column":29},"end":{"line":269,"column":2}},"66":{"start":{"line":238,"column":67},"end":{"line":269,"column":2}},"67":{"start":{"line":239,"column":2},"end":{"line":268,"column":3}},"68":{"start":{"line":240,"column":42},"end":{"line":240,"column":50}},"69":{"start":{"line":243,"column":25},"end":{"line":243,"column":54}},"70":{"start":{"line":245,"column":4},"end":{"line":247,"column":5}},"71":{"start":{"line":246,"column":6},"end":{"line":246,"column":65}},"72":{"start":{"line":250,"column":20},"end":{"line":250,"column":91}},"73":{"start":{"line":251,"column":4},"end":{"line":253,"column":5}},"74":{"start":{"line":252,"column":6},"end":{"line":252,"column":75}},"75":{"start":{"line":256,"column":4},"end":{"line":256,"column":57}},"76":{"start":{"line":257,"column":27},"end":{"line":257,"column":61}},"77":{"start":{"line":258,"column":4},"end":{"line":258,"column":56}},"78":{"start":{"line":259,"column":4},"end":{"line":259,"column":43}},"79":{"start":{"line":260,"column":4},"end":{"line":260,"column":30}},"80":{"start":{"line":264,"column":4},"end":{"line":264,"column":67}},"81":{"start":{"line":266,"column":4},"end":{"line":266,"column":54}},"82":{"start":{"line":267,"column":4},"end":{"line":267,"column":66}},"83":{"start":{"line":238,"column":13},"end":{"line":238,"column":29}},"84":{"start":{"line":273,"column":4},"end":{"line":273,"column":null}}},"fnMap":{"0":{"name":"(anonymous_9)","decl":{"start":{"line":59,"column":16},"end":{"line":59,"column":23}},"loc":{"start":{"line":59,"column":54},"end":{"line":100,"column":2}}},"1":{"name":"(anonymous_10)","decl":{"start":{"line":59,"column":54},"end":{"line":59,"column":null}},"loc":{"start":{"line":59,"column":54},"end":{"line":100,"column":1}}},"2":{"name":"(anonymous_11)","decl":{"start":{"line":141,"column":18},"end":{"line":141,"column":25}},"loc":{"start":{"line":141,"column":56},"end":{"line":178,"column":null}}},"3":{"name":"(anonymous_12)","decl":{"start":{"line":141,"column":56},"end":{"line":141,"column":null}},"loc":{"start":{"line":141,"column":56},"end":{"line":178,"column":4}}},"4":{"name":"(anonymous_13)","decl":{"start":{"line":180,"column":27},"end":{"line":180,"column":28}},"loc":{"start":{"line":180,"column":45},"end":{"line":186,"column":1}}},"5":{"name":"(anonymous_14)","decl":{"start":{"line":189,"column":30},"end":{"line":189,"column":37}},"loc":{"start":{"line":189,"column":68},"end":{"line":235,"column":2}}},"6":{"name":"(anonymous_15)","decl":{"start":{"line":189,"column":68},"end":{"line":189,"column":null}},"loc":{"start":{"line":189,"column":68},"end":{"line":235,"column":1}}},"7":{"name":"(anonymous_16)","decl":{"start":{"line":238,"column":29},"end":{"line":238,"column":36}},"loc":{"start":{"line":238,"column":67},"end":{"line":269,"column":2}}},"8":{"name":"(anonymous_17)","decl":{"start":{"line":238,"column":67},"end":{"line":238,"column":null}},"loc":{"start":{"line":238,"column":67},"end":{"line":269,"column":1}}}},"branchMap":{"0":{"loc":{"start":{"line":66,"column":4},"end":{"line":68,"column":5}},"type":"if","locations":[{"start":{"line":66,"column":4},"end":{"line":68,"column":5}}]},"1":{"loc":{"start":{"line":70,"column":4},"end":{"line":72,"column":5}},"type":"if","locations":[{"start":{"line":70,"column":4},"end":{"line":72,"column":5}}]},"2":{"loc":{"start":{"line":76,"column":4},"end":{"line":78,"column":5}},"type":"if","locations":[{"start":{"line":76,"column":4},"end":{"line":78,"column":5}}]},"3":{"loc":{"start":{"line":85,"column":7},"end":{"line":85,"column":48}},"type":"binary-expr","locations":[{"start":{"line":85,"column":7},"end":{"line":85,"column":29}},{"start":{"line":85,"column":33},"end":{"line":85,"column":48}}]},"4":{"loc":{"start":{"line":94,"column":4},"end":{"line":98,"column":5}},"type":"if","locations":[{"start":{"line":94,"column":4},"end":{"line":98,"column":5}},{"start":{"line":96,"column":11},"end":{"line":98,"column":5}}]},"5":{"loc":{"start":{"line":147,"column":12},"end":{"line":149,"column":13}},"type":"if","locations":[{"start":{"line":147,"column":12},"end":{"line":149,"column":13}}]},"6":{"loc":{"start":{"line":151,"column":12},"end":{"line":153,"column":13}},"type":"if","locations":[{"start":{"line":151,"column":12},"end":{"line":153,"column":13}}]},"7":{"loc":{"start":{"line":158,"co
[...]
,"C:\\Users\\msi\\Desktop\\Food-Ordering\\backend\\src\\middleware\\validation.ts": {"path":"C:\\Users\\msi\\Desktop\\Food-Ordering\\backend\\src\\middleware\\validation.ts","statementMap":{"0":{"start":{"line":1,"column":0},"end":{"line":1,"column":59}},"1":{"start":{"line":4,"column":31},"end":{"line":14,"column":2}},"2":{"start":{"line":8,"column":4},"end":{"line":14,"column":2}},"3":{"start":{"line":9,"column":17},"end":{"line":9,"column":38}},"4":{"start":{"line":10,"column":2},"end":{"line":12,"column":3}},"5":{"start":{"line":11,"column":4},"end":{"line":11,"column":60}},"6":{"start":{"line":13,"column":2},"end":{"line":13,"column":9}},"7":{"start":{"line":17,"column":13},"end":{"line":34,"column":2}}},"fnMap":{"0":{"name":"(anonymous_7)","decl":{"start":{"line":4,"column":31},"end":{"line":4,"column":null}},"loc":{"start":{"line":8,"column":4},"end":{"line":14,"column":2}}},"1":{"name":"(anonymous_8)","decl":{"start":{"line":8,"column":4},"end":{"line":8,"column":null}},"loc":{"start":{"line":8,"column":4},"end":{"line":14,"column":1}}}},"branchMap":{"0":{"loc":{"start":{"line":10,"column":2},"end":{"line":12,"column":3}},"type":"if","locations":[{"start":{"line":10,"column":2},"end":{"line":12,"column":3}}]}},"s":{"0":1,"1":1,"2":0,"3":0,"4":0,"5":0,"6":0,"7":1},"f":{"0":0,"1":0},"b":{"0":[0]}}
,"C:\\Users\\msi\\Desktop\\Food-Ordering\\backend\\src\\middleware\\verifyToken.ts": {"path":"C:\\Users\\msi\\Desktop\\Food-Ordering\\backend\\src\\middleware\\verifyToken.ts","statementMap":{"0":{"start":{"line":3,"column":0},"end":{"line":3,"column":36}},"1":{"start":{"line":5,"column":27},"end":{"line":27,"column":1}},"2":{"start":{"line":6,"column":23},"end":{"line":6,"column":48}},"3":{"start":{"line":7,"column":3},"end":{"line":7,"column":27}},"4":{"start":{"line":8,"column":4},"end":{"line":26,"column":5}},"5":{"start":{"line":9,"column":22},"end":{"line":9,"column":46}},"6":{"start":{"line":11,"column":8},"end":{"line":22,"column":11}},"7":{"start":{"line":12,"column":12},"end":{"line":15,"column":13}},"8":{"start":{"line":13,"column":16},"end":{"line":13,"column":60}},"9":{"start":{"line":14,"column":16},"end":{"line":14,"column":74}},"10":{"start":{"line":17,"column":12},"end":{"line":17,"column":51}},"11":{"start":{"line":20,"column":13},"end":{"line":20,"column":40}},"12":{"start":{"line":21,"column":12},"end":{"line":21,"column":19}},"13":{"start":{"line":24,"column":8},"end":{"line":24,"column":57}},"14":{"start":{"line":25,"column":8},"end":{"line":25,"column":65}},"15":{"start":{"line":5,"column":13},"end":{"line":5,"column":27}},"16":{"start":{"line":28,"column":23},"end":{"line":44,"column":1}},"17":{"start":{"line":34,"column":25},"end":{"line":34,"column":41}},"18":{"start":{"line":35,"column":4},"end":{"line":43,"column":7}},"19":{"start":{"line":36,"column":4},"end":{"line":42,"column":5}},"20":{"start":{"line":37,"column":8},"end":{"line":37,"column":15}},"21":{"start":{"line":39,"column":8},"end":{"line":41,"column":11}},"22":{"start":{"line":48,"column":28},"end":{"line":65,"column":1}},"23":{"start":{"line":54,"column":4},"end":{"line":64,"column":7}},"24":{"start":{"line":56,"column":8},"end":{"line":63,"column":null}},"25":{"start":{"line":57,"column":12},"end":{"line":57,"column":19}},"26":{"start":{"line":59,"column":15},"end":{"line":63,"column":null}},"27":{"start":{"line":48,"column":13},"end":{"line":48,"column":28}},"28":{"start":{"line":67,"column":20},"end":{"line":84,"column":1}},"29":{"start":{"line":73,"column":4},"end":{"line":83,"column":7}},"30":{"start":{"line":75,"column":8},"end":{"line":82,"column":null}},"31":{"start":{"line":76,"column":12},"end":{"line":76,"column":19}},"32":{"start":{"line":78,"column":15},"end":{"line":82,"column":null}},"33":{"start":{"line":86,"column":0},"end":{"line":91,"column":null}}},"fnMap":{"0":{"name":"(anonymous_6)","decl":{"start":{"line":5,"column":27},"end":{"line":5,"column":28}},"loc":{"start":{"line":5,"column":79},"end":{"line":27,"column":1}}},"1":{"name":"(anonymous_7)","decl":{"start":{"line":11,"column":60},"end":{"line":11,"column":61}},"loc":{"start":{"line":11,"column":107},"end":{"line":22,"column":9}}},"2":{"name":"(anonymous_8)","decl":{"start":{"line":28,"column":23},"end":{"line":28,"column":null}},"loc":{"start":{"line":32,"column":4},"end":{"line":44,"column":1}}},"3":{"name":"(anonymous_9)","decl":{"start":{"line":35,"column":26},"end":{"line":35,"column":29}},"loc":{"start":{"line":35,"column":31},"end":{"line":43,"column":5}}},"4":{"name":"(anonymous_10)","decl":{"start":{"line":48,"column":28},"end":{"line":48,"column":null}},"loc":{"start":{"line":52,"column":4},"end":{"line":65,"column":1}}},"5":{"name":"(anonymous_11)","decl":{"start":{"line":54,"column":26},"end":{"line":54,"column":29}},"loc":{"start":{"line":54,"column":31},"end":{"line":64,"column":5}}},"6":{"name":"(anonymous_12)","decl":{"start":{"line":67,"column":20},"end":{"line":67,"column":null}},"loc":{"start":{"line":71,"column":4},"end":{"line":84,"column":1}}},"7":{"name":"(anonymous_13)","decl":{"start":{"line":73,"column":26},"end":{"line":73,"column":29}},"loc":{"start":{"line":73,"column":31},"end":{"line":83,"column":5}}}},"branchMap":{"0":{"loc":{"start":{"line":8,"column":4},"end":{"line":26,"column":5}},"type":"if","locations":[{"start":{"line":8,"column":4},"end":{"line":26,"column":5}},{"start":{"line":23,"column":11},"end":{"line":26,"column":5}}]},"1":{"loc":{"start":{"line":12,"column":12},"end":{"line":15,"column":13}},"type":"if","locations":[{"start":{"line":12,"column":12},"end":{"line":15,"column":13}}]},"2":{"loc":{"start":{"line":36,"column":4},"end":{"line":42,"column":5}},"type":"if","locations":[{"start":{"line":36,"column":4},"end":{"line":42,"column":5}},{"start":{"line":38,"column":11},"end":{"line":42,"column":5}}]},"3":{"loc":{"start":{"line":36,"column":8},"end":{"line":36,"column":131}},"type":"binary-expr","locations":[{"start":{"line":36,"column":8},"end":{"line":36,"column":19}},{"start":{"line":36,"column":24},"end":{"line":36,"column":57}},{"start":{"line":36,"column":61},"end":{"line":36,"column":93}},{"start":{"line":36,"column":97},"end":{"line":36,"column":130}}]},"4":{"loc":{"start":{"line":56,"column":8},"end":{"line":63,"column":null}},"type":"if","locations":[{"start":{"line":56,"column":8},"end":{"line":63,"column":null}},{"start":{"line":59,"column":15},"end":{"line":63,"column":null}}]},"5":{"loc":{"start":{"line":56,"column":14},"end":{"line":56,"column":95}},"type":"binary-expr","locations":[{"start":{"line":56,"column":14},"end":{"line":56,"column":52}},{"start":{"line":56,"column":57},"end":{"line":56,"column":95}}]},"6":{"loc":{"start":{"line":75,"column":8},"end":{"line":82,"column":null}},"type":"if","locations":[{"start":{"line":75,"column":8},"end":{"line":82,"column":null}},{"start":{"line":78,"column":15},"end":{"line":82,"column":null}}]}},"s":{"0":3,"1":3,"2":4,"3":4,"4":4,"5":4,"6":4,"7":4,"8":0,"9":0,"10":4,"11":4,"12":4,"13":0,"14":0,"15":3,"16":3,"17":0,"18":0,"19":0,"20":0,"21":0,"22":3,"23":1,"24":1,"25":1,"26":0,"27":3,"28":3,"29":1,"30":1,"31":1,"32":0,"33":3},"f":{"0":4,"1":4,"2":0,"3":0,"4":1,"5":1,"6":1,"7":1},"b":{"0":[4,0],"1":[0],"2":[0,0],"3":[0,0,0,0],"4":[1,0],"5":[1,0],"6":[1,0]}}
,"C:\\Users\\msi\\Desktop\\Food-Ordering\\backend\\src\\models\\Category.ts": {"path":"C:\\Users\\msi\\Desktop\\Food-Ordering\\backend\\src\\models\\Category.ts","statementMap":{"0":{"start":{"line":1,"column":17},"end":{"line":1,"column":36}},"1":{"start":{"line":3,"column":23},"end":{"line":11,"column":25}},"2":{"start":{"line":13,"column":17},"end":{"line":13,"column":61}},"3":{"start":{"line":15,"column":0},"end":{"line":15,"column":24}}},"fnMap":{},"branchMap":{},"s":{"0":1,"1":1,"2":1,"3":1},"f":{},"b":{}}
,"C:\\Users\\msi\\Desktop\\Food-Ordering\\backend\\src\\models\\Discount.ts": {"path":"C:\\Users\\msi\\Desktop\\Food-Ordering\\backend\\src\\models\\Discount.ts","statementMap":{"0":{"start":{"line":1,"column":0},"end":{"line":1,"column":32}},"1":{"start":{"line":3,"column":23},"end":{"line":12,"column":24}},"2":{"start":{"line":14,"column":17},"end":{"line":14,"column":59}},"3":{"start":{"line":16,"column":0},"end":{"line":16,"column":24}}},"fnMap":{},"branchMap":{},"s":{"0":1,"1":1,"2":1,"3":1},"f":{},"b":{}}
,"C:\\Users\\msi\\Desktop\\Food-Ordering\\backend\\src\\models\\Product.ts": {"path":"C:\\Users\\msi\\Desktop\\Food-Ordering\\backend\\src\\models\\Product.ts","statementMap":{"0":{"start":{"line":39,"column":0},"end":{"line":39,"column":61}},"1":{"start":{"line":62,"column":40},"end":{"line":77,"column":2}},"2":{"start":{"line":80,"column":0},"end":{"line":82,"column":3}},"3":{"start":{"line":81,"column":2},"end":{"line":81,"column":47}},"4":{"start":{"line":85,"column":0},"end":{"line":88,"column":2}},"5":{"start":{"line":86,"column":2},"end":{"line":86,"column":62}},"6":{"start":{"line":87,"column":2},"end":{"line":87,"column":20}},"7":{"start":{"line":91,"column":33},"end":{"line":91,"column":83}},"8":{"start":{"line":92,"column":0},"end":{"line":92,"column":23}}},"fnMap":{"0":{"name":"(anonymous_13)","decl":{"start":{"line":80,"column":42},"end":{"line":80,"column":null}},"loc":{"start":{"line":80,"column":42},"end":{"line":82,"column":1}}},"1":{"name":"(anonymous_14)","decl":{"start":{"line":85,"column":29},"end":{"line":85,"column":61}},"loc":{"start":{"line":85,"column":81},"end":{"line":88,"column":2}}}},"branchMap":{"0":{"loc":{"start":{"line":81,"column":23},"end":{"line":81,"column":45}},"type":"cond-expr","locations":[{"start":{"line":81,"column":40},"end":{"line":81,"column":44}},{"start":{"line":81,"column":44},"end":{"line":81,"column":45}}]},"1":{"loc":{"start":{"line":81,"column":23},"end":{"line":81,"column":44}},"type":"binary-expr","locations":[{"start":{"line":81,"column":23},"end":{"line":81,"column":44}},{"start":{"line":81,"column":40},"end":{"line":81,"column":44}}]},"2":{"loc":{"start":{"line":86,"column":23},"end":{"line":86,"column":45}},"type":"cond-expr","locations":[{"start":{"line":86,"column":40},"end":{"line":86,"column":44}},{"start":{"line":86,"column":44},"end":{"line":86,"column":45}}]},"3":{"loc":{"start":{"line":86,"column":23},"end":{"line":86,"column":44}},"type":"binary-expr","locations":[{"start":{"line":86,"column":23},"end":{"line":86,"column":44}},{"start":{"line":86,"column":40},"end":{"line":86,"column":44}}]}},"s":{"0":1,"1":1,"2":1,"3":0,"4":1,"5":0,"6":0,"7":1,"8":1},"f":{"0":0,"1":0},"b":{"0":[0,0],"1":[0,0],"2":[0,0],"3":[0,0]}}
,"C:\\Users\\msi\\Desktop\\Food-Ordering\\backend\\src\\models\\Restaurant.ts": {"path":"C:\\Users\\msi\\Desktop\\Food-Ordering\\backend\\src\\models\\Restaurant.ts","statementMap":{"0":{"start":{"line":1,"column":0},"end":{"line":1,"column":41}},"1":{"start":{"line":5,"column":22},"end":{"line":10,"column":2}},"2":{"start":{"line":12,"column":25},"end":{"line":44,"column":21}},"3":{"start":{"line":46,"column":17},"end":{"line":46,"column":62}},"4":{"start":{"line":47,"column":0},"end":{"line":47,"column":26}}},"fnMap":{},"branchMap":{},"s":{"0":2,"1":2,"2":2,"3":2,"4":2},"f":{},"b":{}}
,"C:\\Users\\msi\\Desktop\\Food-Ordering\\backend\\src\\models\\User.ts": {"path":"C:\\Users\\msi\\Desktop\\Food-Ordering\\backend\\src\\models\\User.ts","statementMap":{"0":{"start":{"line":60,"column":0},"end":{"line":60,"column":46}},"1":{"start":{"line":78,"column":19},"end":{"line":134,"column":24}},"2":{"start":{"line":136,"column":13},"end":{"line":136,"column":54}},"3":{"start":{"line":137,"column":0},"end":{"line":137,"column":20}}},"fnMap":{},"branchMap":{},"s":{"0":3,"1":3,"2":3,"3":3},"f":{},"b":{}}
,"C:\\Users\\msi\\Desktop\\Food-Ordering\\backend\\src\\routes\\CategoriesRoute.ts": {"path":"C:\\Users\\msi\\Desktop\\Food-Ordering\\backend\\src\\routes\\CategoriesRoute.ts","statementMap":{"0":{"start":{"line":1,"column":0},"end":{"line":1,"column":28}},"1":{"start":{"line":3,"column":16},"end":{"line":3,"column":34}},"2":{"start":{"line":4,"column":15},"end":{"line":4,"column":31}},"3":{"start":{"line":5,"column":0},"end":{"line":5,"column":68}},"4":{"start":{"line":8,"column":48},"end":{"line":8,"column":84}},"5":{"start":{"line":9,"column":16},"end":{"line":9,"column":38}},"6":{"start":{"line":11,"column":15},"end":{"line":16,"column":2}},"7":{"start":{"line":19,"column":1},"end":{"line":19,"column":107}},"8":{"start":{"line":22,"column":0},"end":{"line":22,"column":58}},"9":{"start":{"line":25,"column":0},"end":{"line":25,"column":78}},"10":{"start":{"line":28,"column":0},"end":{"line":28,"column":82}},"11":{"start":{"line":31,"column":0},"end":{"line":31,"column":52}},"12":{"start":{"line":34,"column":0},"end":{"line":34,"column":89}},"13":{"start":{"line":37,"column":0},"end":{"line":37,"column":61}},"14":{"start":{"line":38,"column":0},"end":{"line":38,"column":67}},"15":{"start":{"line":41,"column":0},"end":{"line":41,"column":22}}},"fnMap":{},"branchMap":{},"s":{"0":1,"1":1,"2":1,"3":1,"4":1,"5":1,"6":1,"7":1,"8":1,"9":1,"10":1,"11":1,"12":1,"13":1,"14":1,"15":1},"f":{},"b":{}}
,"C:\\Users\\msi\\Desktop\\Food-Ordering\\backend\\src\\routes\\DiscountRoute.ts": {"path":"C:\\Users\\msi\\Desktop\\Food-Ordering\\backend\\src\\routes\\DiscountRoute.ts","statementMap":{"0":{"start":{"line":2,"column":16},"end":{"line":2,"column":34}},"1":{"start":{"line":3,"column":15},"end":{"line":3,"column":31}},"2":{"start":{"line":4,"column":77},"end":{"line":4,"column":121}},"3":{"start":{"line":7,"column":0},"end":{"line":7,"column":47}},"4":{"start":{"line":8,"column":0},"end":{"line":8,"column":38}},"5":{"start":{"line":10,"column":0},"end":{"line":10,"column":53}},"6":{"start":{"line":12,"column":0},"end":{"line":12,"column":22}}},"fnMap":{},"branchMap":{},"s":{"0":1,"1":1,"2":1,"3":1,"4":1,"5":1,"6":1},"f":{},"b":{}}
,"C:\\Users\\msi\\Desktop\\Food-Ordering\\backend\\src\\routes\\MyRestaurantRoute.ts": {"path":"C:\\Users\\msi\\Desktop\\Food-Ordering\\backend\\src\\routes\\MyRestaurantRoute.ts","statementMap":{"0":{"start":{"line":1,"column":0},"end":{"line":1,"column":30}},"1":{"start":{"line":2,"column":0},"end":{"line":2,"column":27}},"2":{"start":{"line":3,"column":0},"end":{"line":3,"column":75}},"3":{"start":{"line":5,"column":0},"end":{"line":5,"column":68}},"4":{"start":{"line":6,"column":13},"end":{"line":6,"column":29}},"5":{"start":{"line":7,"column":14},"end":{"line":7,"column":36}},"6":{"start":{"line":8,"column":13},"end":{"line":13,"column":2}},"7":{"start":{"line":14,"column":38},"end":{"line":14,"column":74}},"8":{"start":{"line":18,"column":0},"end":{"line":18,"column":139}},"9":{"start":{"line":19,"column":0},"end":{"line":19,"column":80}},"10":{"start":{"line":20,"column":0},"end":{"line":20,"column":103}},"11":{"start":{"line":21,"column":0},"end":{"line":21,"column":67}},"12":{"start":{"line":22,"column":0},"end":{"line":22,"column":null}},"13":{"start":{"line":23,"column":0},"end":{"line":23,"column":69}},"14":{"start":{"line":25,"column":0},"end":{"line":25,"column":null}},"15":{"start":{"line":26,"column":0},"end":{"line":26,"column":74}},"16":{"start":{"line":28,"column":0},"end":{"line":28,"column":86}},"17":{"start":{"line":30,"column":0},"end":{"line":30,"column":58}},"18":{"start":{"line":32,"column":0},"end":{"line":32,"column":22}}},"fnMap":{},"branchMap":{},"s":{"0":1,"1":1,"2":1,"3":1,"4":1,"5":1,"6":1,"7":1,"8":1,"9":1,"10":1,"11":1,"12":1,"13":1,"14":1,"15":1,"16":1,"17":1,"18":1},"f":{},"b":{}}
,"C:\\Users\\msi\\Desktop\\Food-Ordering\\backend\\src\\routes\\authRoute.ts": {"path":"C:\\Users\\msi\\Desktop\\Food-Ordering\\backend\\src\\routes\\authRoute.ts","statementMap":{"0":{"start":{"line":1,"column":0},"end":{"line":1,"column":30}},"1":{"start":{"line":2,"column":0},"end":{"line":2,"column":59}},"2":{"start":{"line":3,"column":0},"end":{"line":3,"column":34}},"3":{"start":{"line":5,"column":0},"end":{"line":5,"column":32}},"4":{"start":{"line":6,"column":53},"end":{"line":6,"column":89}},"5":{"start":{"line":8,"column":13},"end":{"line":8,"column":29}},"6":{"start":{"line":9,"column":19},"end":{"line":9,"column":42}},"7":{"start":{"line":12,"column":0},"end":{"line":12,"column":47}},"8":{"start":{"line":13,"column":0},"end":{"line":13,"column":43}},"9":{"start":{"line":16,"column":0},"end":{"line":16,"column":62}},"10":{"start":{"line":17,"column":0},"end":{"line":17,"column":60}},"11":{"start":{"line":18,"column":0},"end":{"line":27,"column":5}},"12":{"start":{"line":19,"column":4},"end":{"line":26,"column":5}},"13":{"start":{"line":20,"column":6},"end":{"line":25,"column":9}},"14":{"start":{"line":29,"column":2},"end":{"line":34,"column":5}},"15":{"start":{"line":30,"column":4},"end":{"line":33,"column":7}},"16":{"start":{"line":37,"column":2},"end":{"line":37,"column":81}},"17":{"start":{"line":39,"column":2},"end":{"line":45,"column":4}},"18":{"start":{"line":47,"column":2},"end":{"line":47,"column":81}},"19":{"start":{"line":49,"column":2},"end":{"line":55,"column":4}},"20":{"start":{"line":57,"column":2},"end":{"line":57,"column":85}},"21":{"start":{"line":59,"column":2},"end":{"line":65,"column":4}},"22":{"start":{"line":66,"column":2},"end":{"line":94,"column":5}},"23":{"start":{"line":66,"column":48},"end":{"line":94,"column":4}},"24":{"start":{"line":67,"column":4},"end":{"line":93,"column":5}},"25":{"start":{"line":68,"column":58},"end":{"line":68,"column":66}},"26":{"start":{"line":71,"column":17},"end":{"line":71,"column":56}},"27":{"start":{"line":73,"column":6},"end":{"line":75,"column":7}},"28":{"start":{"line":74,"column":8},"end":{"line":74,"column":84}},"29":{"start":{"line":78,"column":6},"end":{"line":84,"column":9}},"30":{"start":{"line":87,"column":6},"end":{"line":87,"column":24}},"31":{"start":{"line":89,"column":6},"end":{"line":89,"column":78}},"32":{"start":{"line":91,"column":6},"end":{"line":91,"column":60}},"33":{"start":{"line":92,"column":6},"end":{"line":92,"column":74}},"34":{"start":{"line":97,"column":0},"end":{"line":97,"column":22}}},"fnMap":{"0":{"name":"(anonymous_8)","decl":{"start":{"line":18,"column":29},"end":{"line":18,"column":30}},"loc":{"start":{"line":18,"column":42},"end":{"line":27,"column":3}}},"1":{"name":"(anonymous_9)","decl":{"start":{"line":29,"column":30},"end":{"line":29,"column":31}},"loc":{"start":{"line":29,"column":43},"end":{"line":34,"column":3}}},"2":{"name":"(anonymous_10)","decl":{"start":{"line":66,"column":29},"end":{"line":66,"column":36}},"loc":{"start":{"line":66,"column":48},"end":{"line":94,"column":4}}},"3":{"name":"(anonymous_11)","decl":{"start":{"line":66,"column":48},"end":{"line":66,"column":null}},"loc":{"start":{"line":66,"column":48},"end":{"line":94,"column":3}}}},"branchMap":{"0":{"loc":{"start":{"line":19,"column":4},"end":{"line":26,"column":5}},"type":"if","locations":[{"start":{"line":19,"column":4},"end":{"line":26,"column":5}}]},"1":{"loc":{"start":{"line":73,"column":6},"end":{"line":75,"column":7}},"type":"if","locations":[{"start":{"line":73,"column":6},"end":{"line":75,"column":7}}]}},"s":{"0":1,"1":1,"2":1,"3":1,"4":1,"5":1,"6":1,"7":1,"8":1,"9":1,"10":1,"11":1,"12":0,"13":0,"14":1,"15":0,"16":1,"17":1,"18":1,"19":1,"20":1,"21":1,"22":1,"23":0,"24":0,"25":0,"26":0,"27":0,"28":0,"29":0,"30":0,"31":0,"32":0,"33":0,"34":1},"f":{"0":0,"1":0,"2":0,"3":0},"b":{"0":[0],"1":[0]}}
}
