TN:
SF:src\controllers\DiscountController.ts
FN:4,(anonymous_8)
FN:4,(anonymous_9)
FN:20,(anonymous_10)
FN:20,(anonymous_11)
FN:34,(anonymous_12)
FN:34,(anonymous_13)
FN:67,(anonymous_14)
FN:67,(anonymous_15)
FNF:8
FNH:2
FNDA:0,(anonymous_8)
FNDA:0,(anonymous_9)
FNDA:0,(anonymous_10)
FNDA:0,(anonymous_11)
FNDA:1,(anonymous_12)
FNDA:1,(anonymous_13)
FNDA:0,(anonymous_14)
FNDA:0,(anonymous_15)
DA:2,1
DA:3,1
DA:4,1
DA:5,0
DA:6,0
DA:7,0
DA:8,0
DA:9,0
DA:11,0
DA:12,0
DA:13,0
DA:15,0
DA:17,0
DA:20,1
DA:21,0
DA:22,0
DA:23,0
DA:24,0
DA:26,0
DA:27,0
DA:28,0
DA:30,0
DA:34,1
DA:35,1
DA:36,1
DA:37,1
DA:38,0
DA:40,1
DA:41,1
DA:42,0
DA:44,1
DA:50,1
DA:51,1
DA:53,0
DA:54,0
DA:59,0
DA:62,0
DA:63,0
DA:67,1
DA:68,0
DA:70,0
DA:71,0
DA:72,0
DA:75,0
DA:76,0
DA:77,0
DA:80,0
DA:81,0
DA:83,0
LF:49
LH:14
BRDA:8,0,0,0
BRDA:12,1,0,0
BRDA:20,2,0,0
BRDA:27,3,0,0
BRDA:37,4,0,0
BRDA:41,5,0,0
BRDA:53,6,0,0
BRDA:53,6,1,0
BRDA:71,7,0,0
BRDA:76,8,0,0
BRF:10
BRH:0
end_of_record
TN:
SF:src\models\Discount.ts
FNF:0
FNH:0
DA:1,1
DA:3,1
DA:14,1
DA:16,1
LF:4
LH:4
BRF:0
BRH:0
end_of_record
TN:
SF:src\models\Restaurant.ts
FNF:0
FNH:0
DA:1,1
DA:5,1
DA:12,1
DA:46,1
DA:47,1
LF:5
LH:5
BRF:0
BRH:0
end_of_record
TN:
SF:src\routes\DiscountRoute.ts
FNF:0
FNH:0
DA:2,1
DA:3,1
DA:4,1
DA:7,1
DA:8,1
DA:10,1
DA:12,1
LF:7
LH:7
BRF:0
BRH:0
end_of_record
