TN:
SF:src\controllers\CategoryController.ts
FN:10,(anonymous_8)
FN:10,(anonymous_9)
FN:33,(anonymous_10)
FN:33,(anonymous_11)
FN:60,(anonymous_12)
FN:60,(anonymous_13)
FN:68,(anonymous_14)
FN:68,(anonymous_15)
FN:88,(anonymous_16)
FN:88,(anonymous_17)
FN:102,(anonymous_18)
FN:102,(anonymous_19)
FN:124,(anonymous_20)
FN:124,(anonymous_21)
FN:144,(anonymous_22)
FN:144,(anonymous_23)
FN:155,(anonymous_24)
FN:155,(anonymous_25)
FNF:18
FNH:6
FNDA:0,(anonymous_8)
FNDA:0,(anonymous_9)
FNDA:1,(anonymous_10)
FNDA:1,(anonymous_11)
FNDA:0,(anonymous_12)
FNDA:0,(anonymous_13)
FNDA:1,(anonymous_14)
FNDA:1,(anonymous_15)
FNDA:1,(anonymous_16)
FNDA:1,(anonymous_17)
FNDA:0,(anonymous_18)
FNDA:0,(anonymous_19)
FNDA:0,(anonymous_20)
FNDA:0,(anonymous_21)
FNDA:0,(anonymous_22)
FNDA:0,(anonymous_23)
FNDA:0,(anonymous_24)
FNDA:0,(anonymous_25)
DA:1,1
DA:4,1
DA:5,1
DA:10,1
DA:11,0
DA:12,0
DA:14,0
DA:17,0
DA:25,0
DA:26,0
DA:28,0
DA:29,0
DA:33,1
DA:35,1
DA:36,1
DA:38,1
DA:39,1
DA:47,1
DA:48,0
DA:52,1
DA:54,0
DA:55,0
DA:60,1
DA:61,0
DA:62,0
DA:64,0
DA:65,0
DA:66,0
DA:68,1
DA:70,1
DA:71,1
DA:72,1
DA:73,1
DA:74,0
DA:76,1
DA:78,1
DA:82,0
DA:83,0
DA:88,1
DA:90,1
DA:91,1
DA:93,1
DA:96,0
DA:97,0
DA:102,1
DA:103,0
DA:104,0
DA:105,0
DA:106,0
DA:107,0
DA:114,0
DA:115,0
DA:118,0
DA:119,0
DA:124,1
DA:126,0
DA:127,0
DA:132,0
DA:133,0
DA:134,0
DA:137,0
DA:139,0
DA:140,0
DA:144,1
DA:145,0
DA:147,0
DA:148,0
DA:150,0
DA:151,0
DA:155,1
DA:156,0
DA:157,0
DA:159,0
DA:161,0
DA:164,0
DA:165,0
DA:168,1
LF:77
LH:28
BRDA:47,0,0,0
BRDA:73,1,0,0
BRDA:133,2,0,0
BRF:3
BRH:0
end_of_record
TN:
SF:src\controllers\DiscountController.ts
FN:4,(anonymous_8)
FN:4,(anonymous_9)
FN:21,(anonymous_10)
FN:21,(anonymous_11)
FN:35,(anonymous_12)
FN:35,(anonymous_13)
FN:68,(anonymous_14)
FN:68,(anonymous_15)
FNF:8
FNH:6
FNDA:1,(anonymous_8)
FNDA:1,(anonymous_9)
FNDA:0,(anonymous_10)
FNDA:0,(anonymous_11)
FNDA:1,(anonymous_12)
FNDA:1,(anonymous_13)
FNDA:1,(anonymous_14)
FNDA:1,(anonymous_15)
DA:2,1
DA:3,1
DA:4,1
DA:6,1
DA:7,1
DA:8,1
DA:9,1
DA:10,0
DA:16,1
DA:18,0
DA:21,1
DA:22,0
DA:23,0
DA:24,0
DA:25,0
DA:27,0
DA:28,0
DA:29,0
DA:31,0
DA:35,1
DA:36,1
DA:37,1
DA:38,1
DA:39,0
DA:41,1
DA:42,1
DA:43,0
DA:45,1
DA:51,1
DA:52,1
DA:54,0
DA:55,0
DA:60,0
DA:63,0
DA:64,0
DA:68,1
DA:69,1
DA:71,1
DA:72,1
DA:73,0
DA:77,1
DA:78,1
DA:79,0
DA:83,1
DA:84,1
DA:86,0
LF:46
LH:26
BRDA:9,0,0,0
BRDA:21,1,0,0
BRDA:28,2,0,0
BRDA:38,3,0,0
BRDA:42,4,0,0
BRDA:54,5,0,0
BRDA:54,5,1,0
BRDA:72,6,0,0
BRDA:78,7,0,0
BRF:9
BRH:0
end_of_record
TN:
SF:src\controllers\MyProductController.ts
FN:11,(anonymous_8)
FN:11,(anonymous_9)
FN:63,(anonymous_10)
FN:63,(anonymous_11)
FN:99,(anonymous_12)
FN:99,(anonymous_13)
FN:110,(anonymous_14)
FN:110,(anonymous_15)
FN:120,(anonymous_16)
FN:120,(anonymous_17)
FN:130,(anonymous_18)
FN:130,(anonymous_19)
FN:140,(anonymous_20)
FN:140,(anonymous_21)
FN:160,(anonymous_22)
FN:160,(anonymous_23)
FN:168,(anonymous_24)
FN:168,(anonymous_25)
FN:187,(anonymous_26)
FN:187,(anonymous_27)
FN:203,(anonymous_28)
FN:203,(anonymous_29)
FN:216,(anonymous_30)
FN:216,(anonymous_31)
FN:230,(anonymous_32)
FN:230,(anonymous_33)
FN:256,(anonymous_34)
FN:256,(anonymous_35)
FN:276,(anonymous_36)
FN:276,(anonymous_37)
FN:292,(anonymous_38)
FN:304,(anonymous_39)
FN:304,(anonymous_40)
FN:323,(anonymous_41)
FN:336,(anonymous_42)
FN:336,(anonymous_43)
FN:341,(anonymous_44)
FN:366,(anonymous_45)
FN:366,(anonymous_46)
FN:395,(anonymous_47)
FN:396,(anonymous_48)
FNF:41
FNH:10
FNDA:1,(anonymous_8)
FNDA:1,(anonymous_9)
FNDA:0,(anonymous_10)
FNDA:0,(anonymous_11)
FNDA:1,(anonymous_12)
FNDA:1,(anonymous_13)
FNDA:0,(anonymous_14)
FNDA:0,(anonymous_15)
FNDA:1,(anonymous_16)
FNDA:1,(anonymous_17)
FNDA:1,(anonymous_18)
FNDA:1,(anonymous_19)
FNDA:0,(anonymous_20)
FNDA:0,(anonymous_21)
FNDA:0,(anonymous_22)
FNDA:0,(anonymous_23)
FNDA:0,(anonymous_24)
FNDA:0,(anonymous_25)
FNDA:0,(anonymous_26)
FNDA:0,(anonymous_27)
FNDA:0,(anonymous_28)
FNDA:0,(anonymous_29)
FNDA:0,(anonymous_30)
FNDA:0,(anonymous_31)
FNDA:0,(anonymous_32)
FNDA:0,(anonymous_33)
FNDA:0,(anonymous_34)
FNDA:0,(anonymous_35)
FNDA:0,(anonymous_36)
FNDA:0,(anonymous_37)
FNDA:0,(anonymous_38)
FNDA:1,(anonymous_39)
FNDA:1,(anonymous_40)
FNDA:0,(anonymous_41)
FNDA:0,(anonymous_42)
FNDA:0,(anonymous_43)
FNDA:0,(anonymous_44)
FNDA:0,(anonymous_45)
FNDA:0,(anonymous_46)
FNDA:0,(anonymous_47)
FNDA:0,(anonymous_48)
DA:4,1
DA:5,1
DA:6,1
DA:11,1
DA:18,1
DA:19,1
DA:20,1
DA:22,0
DA:23,0
DA:63,1
DA:64,0
DA:66,0
DA:69,0
DA:72,0
DA:76,0
DA:79,0
DA:87,0
DA:90,0
DA:92,0
DA:93,0
DA:99,1
DA:100,1
DA:101,1
DA:102,1
DA:103,0
DA:105,1
DA:107,0
DA:110,1
DA:111,0
DA:112,0
DA:113,0
DA:114,0
DA:116,0
DA:120,1
DA:121,1
DA:122,1
DA:123,1
DA:125,0
DA:130,1
DA:131,1
DA:132,1
DA:133,1
DA:135,0
DA:140,1
DA:142,0
DA:144,0
DA:153,0
DA:155,0
DA:156,0
DA:160,1
DA:161,0
DA:162,0
DA:163,0
DA:164,0
DA:165,0
DA:168,1
DA:169,0
DA:170,0
DA:171,0
DA:172,0
DA:173,0
DA:176,0
DA:177,0
DA:179,0
DA:181,0
DA:182,0
DA:187,1
DA:188,0
DA:189,0
DA:190,0
DA:192,0
DA:194,0
DA:197,0
DA:198,0
DA:203,1
DA:204,0
DA:205,0
DA:207,0
DA:209,0
DA:212,0
DA:213,0
DA:216,1
DA:217,0
DA:219,0
DA:220,0
DA:221,0
DA:223,0
DA:224,0
DA:230,1
DA:231,0
DA:233,0
DA:234,0
DA:235,0
DA:236,0
DA:240,0
DA:241,0
DA:245,0
DA:248,0
DA:250,0
DA:251,0
DA:256,1
DA:257,0
DA:259,0
DA:261,0
DA:266,0
DA:267,0
DA:270,0
DA:272,0
DA:273,0
DA:276,1
DA:277,0
DA:278,0
DA:288,0
DA:289,0
DA:292,0
DA:297,0
DA:299,0
DA:300,0
DA:304,1
DA:305,1
DA:306,1
DA:308,1
DA:309,0
DA:312,1
DA:313,1
DA:315,1
DA:316,0
DA:319,1
DA:321,1
DA:323,0
DA:326,1
DA:329,1
DA:330,1
DA:332,0
DA:333,0
DA:336,1
DA:337,0
DA:338,0
DA:341,0
DA:342,0
DA:343,0
DA:344,0
DA:345,0
DA:346,0
DA:347,0
DA:357,0
DA:359,0
DA:361,0
DA:362,0
DA:366,1
DA:367,0
DA:368,0
DA:395,0
DA:396,0
DA:398,0
DA:400,0
DA:401,0
LF:157
LH:45
BRDA:72,0,0,0
BRDA:72,0,1,0
BRDA:74,1,0,0
BRDA:74,1,1,0
BRDA:102,2,0,0
BRDA:172,3,0,0
BRDA:235,4,0,0
BRDA:240,5,0,0
BRDA:266,6,0,0
BRDA:288,7,0,0
BRDA:288,8,0,0
BRDA:288,8,1,0
BRDA:308,9,0,0
BRDA:315,10,0,0
BRDA:321,11,0,0
BRDA:321,11,1,1
BRDA:357,12,0,0
BRDA:357,12,1,0
BRF:18
BRH:1
end_of_record
TN:
SF:src\controllers\MyRestaurantController.ts
FN:7,(anonymous_8)
FN:7,(anonymous_9)
FN:28,(anonymous_10)
FN:28,(anonymous_11)
FN:47,(anonymous_12)
FN:47,(anonymous_13)
FN:63,(anonymous_14)
FN:63,(anonymous_15)
FN:78,(anonymous_16)
FN:78,(anonymous_17)
FN:203,(anonymous_18)
FN:203,(anonymous_19)
FN:233,(anonymous_20)
FN:233,(anonymous_21)
FN:265,(anonymous_22)
FN:265,(anonymous_23)
FN:284,(anonymous_24)
FN:298,(anonymous_25)
FN:298,(anonymous_26)
FN:308,(anonymous_27)
FN:308,(anonymous_28)
FN:319,(anonymous_29)
FN:319,(anonymous_30)
FN:336,(anonymous_31)
FN:336,(anonymous_32)
FNF:25
FNH:4
FNDA:0,(anonymous_8)
FNDA:0,(anonymous_9)
FNDA:0,(anonymous_10)
FNDA:0,(anonymous_11)
FNDA:0,(anonymous_12)
FNDA:0,(anonymous_13)
FNDA:0,(anonymous_14)
FNDA:0,(anonymous_15)
FNDA:0,(anonymous_16)
FNDA:0,(anonymous_17)
FNDA:0,(anonymous_18)
FNDA:0,(anonymous_19)
FNDA:0,(anonymous_20)
FNDA:0,(anonymous_21)
FNDA:1,(anonymous_22)
FNDA:1,(anonymous_23)
FNDA:0,(anonymous_24)
FNDA:0,(anonymous_25)
FNDA:0,(anonymous_26)
FNDA:0,(anonymous_27)
FNDA:0,(anonymous_28)
FNDA:1,(anonymous_29)
FNDA:1,(anonymous_30)
FNDA:0,(anonymous_31)
FNDA:0,(anonymous_32)
DA:1,1
DA:3,1
DA:4,1
DA:7,1
DA:8,0
DA:9,0
DA:11,0
DA:12,0
DA:15,0
DA:20,0
DA:22,0
DA:23,0
DA:28,1
DA:29,0
DA:30,0
DA:31,0
DA:32,0
DA:33,0
DA:36,0
DA:37,0
DA:39,0
DA:41,0
DA:42,0
DA:47,1
DA:48,0
DA:49,0
DA:51,0
DA:53,0
DA:54,0
DA:57,0
DA:59,0
DA:60,0
DA:63,1
DA:64,0
DA:65,0
DA:67,0
DA:68,0
DA:71,0
DA:73,0
DA:74,0
DA:78,1
DA:79,0
DA:81,0
DA:83,0
DA:84,0
DA:86,0
DA:87,0
DA:203,1
DA:204,0
DA:205,0
DA:207,0
DA:217,0
DA:218,0
DA:219,0
DA:220,0
DA:221,0
DA:224,0
DA:226,0
DA:228,0
DA:229,0
DA:233,1
DA:234,0
DA:236,0
DA:237,0
DA:241,0
DA:242,0
DA:245,0
DA:246,0
DA:247,0
DA:248,0
DA:249,0
DA:252,0
DA:253,0
DA:254,0
DA:257,0
DA:258,0
DA:260,0
DA:261,0
DA:265,1
DA:266,1
DA:267,1
DA:269,1
DA:270,0
DA:273,1
DA:274,1
DA:276,1
DA:277,0
DA:280,1
DA:282,1
DA:284,0
DA:287,1
DA:290,1
DA:291,1
DA:293,0
DA:294,0
DA:298,1
DA:299,0
DA:300,0
DA:301,0
DA:303,0
DA:304,0
DA:308,1
DA:309,0
DA:310,0
DA:311,0
DA:312,0
DA:313,0
DA:319,1
DA:320,1
DA:322,1
DA:324,1
DA:326,1
DA:327,0
DA:330,1
DA:332,0
DA:333,0
DA:336,1
DA:337,0
DA:338,0
DA:339,0
DA:340,0
DA:342,0
DA:345,1
LF:123
LH:32
BRDA:11,0,0,0
BRDA:32,1,0,0
BRDA:53,2,0,0
BRDA:53,3,0,0
BRDA:53,3,1,0
BRDA:67,4,0,0
BRDA:67,5,0,0
BRDA:67,5,1,0
BRDA:241,6,0,0
BRDA:252,7,0,0
BRDA:269,8,0,0
BRDA:276,9,0,0
BRDA:282,10,0,0
BRDA:282,10,1,1
BRDA:326,11,0,0
BRF:15
BRH:1
end_of_record
TN:
SF:src\controllers\MyUserController.ts
FN:15,(anonymous_8)
FN:21,(anonymous_9)
FN:26,(anonymous_10)
FN:26,(anonymous_11)
FN:31,(anonymous_12)
FN:31,(anonymous_13)
FN:133,(anonymous_14)
FN:133,(anonymous_15)
FN:160,(anonymous_16)
FN:160,(anonymous_17)
FN:169,(anonymous_18)
FN:169,(anonymous_19)
FN:183,(anonymous_20)
FN:183,(anonymous_21)
FN:195,(anonymous_22)
FN:195,(anonymous_23)
FN:206,(anonymous_24)
FN:206,(anonymous_25)
FN:217,(anonymous_26)
FN:217,(anonymous_27)
FN:243,(anonymous_28)
FN:243,(anonymous_29)
FN:257,(anonymous_30)
FN:257,(anonymous_31)
FN:275,(anonymous_32)
FN:275,(anonymous_33)
FN:285,(anonymous_34)
FN:285,(anonymous_35)
FN:295,(anonymous_36)
FN:295,(anonymous_37)
FNF:30
FNH:12
FNDA:0,(anonymous_8)
FNDA:0,(anonymous_9)
FNDA:0,(anonymous_10)
FNDA:0,(anonymous_11)
FNDA:0,(anonymous_12)
FNDA:0,(anonymous_13)
FNDA:1,(anonymous_14)
FNDA:1,(anonymous_15)
FNDA:0,(anonymous_16)
FNDA:0,(anonymous_17)
FNDA:1,(anonymous_18)
FNDA:1,(anonymous_19)
FNDA:1,(anonymous_20)
FNDA:1,(anonymous_21)
FNDA:0,(anonymous_22)
FNDA:0,(anonymous_23)
FNDA:1,(anonymous_24)
FNDA:1,(anonymous_25)
FNDA:0,(anonymous_26)
FNDA:0,(anonymous_27)
FNDA:1,(anonymous_28)
FNDA:1,(anonymous_29)
FNDA:1,(anonymous_30)
FNDA:1,(anonymous_31)
FNDA:0,(anonymous_32)
FNDA:0,(anonymous_33)
FNDA:0,(anonymous_34)
FNDA:0,(anonymous_35)
FNDA:0,(anonymous_36)
FNDA:0,(anonymous_37)
DA:2,1
DA:3,1
DA:4,1
DA:5,1
DA:6,1
DA:11,1
DA:15,1
DA:16,0
DA:17,0
DA:21,1
DA:22,0
DA:26,1
DA:27,0
DA:28,0
DA:29,0
DA:31,1
DA:32,0
DA:33,0
DA:34,0
DA:36,0
DA:37,0
DA:41,0
DA:44,0
DA:46,0
DA:47,0
DA:59,0
DA:61,0
DA:69,0
DA:76,0
DA:78,0
DA:80,0
DA:81,0
DA:133,1
DA:134,1
DA:136,1
DA:137,1
DA:139,1
DA:140,0
DA:143,1
DA:144,0
DA:147,1
DA:149,1
DA:150,0
DA:153,1
DA:155,0
DA:156,0
DA:160,1
DA:161,0
DA:162,0
DA:163,0
DA:164,0
DA:165,0
DA:169,1
DA:170,1
DA:172,1
DA:173,1
DA:174,1
DA:175,0
DA:177,1
DA:179,0
DA:183,1
DA:184,1
DA:186,1
DA:187,1
DA:188,1
DA:190,0
DA:195,1
DA:196,0
DA:198,0
DA:199,0
DA:200,0
DA:202,0
DA:206,1
DA:207,1
DA:209,1
DA:210,1
DA:211,1
DA:213,0
DA:217,1
DA:218,0
DA:219,0
DA:220,0
DA:223,0
DA:224,0
DA:225,0
DA:229,0
DA:232,0
DA:236,0
DA:238,0
DA:239,0
DA:243,1
DA:244,1
DA:245,1
DA:247,1
DA:249,0
DA:250,0
DA:251,0
DA:253,0
DA:257,1
DA:258,1
DA:259,1
DA:260,1
DA:265,1
DA:266,0
DA:268,1
DA:270,0
DA:271,0
DA:275,1
DA:276,0
DA:277,0
DA:278,0
DA:280,0
DA:285,1
DA:286,0
DA:287,0
DA:288,0
DA:290,0
DA:295,1
DA:296,0
DA:297,0
DA:298,0
DA:300,0
DA:304,1
LF:123
LH:52
BRDA:16,0,0,0
BRDA:16,0,1,0
BRDA:36,1,0,0
BRDA:139,2,0,0
BRDA:143,3,0,0
BRDA:143,4,0,1
BRDA:143,4,1,1
BRDA:149,5,0,0
BRDA:174,6,0,0
BRDA:219,7,0,0
BRDA:224,8,0,0
BRDA:250,9,0,0
BRDA:250,9,1,0
BRDA:265,10,0,0
BRF:14
BRH:2
end_of_record
TN:
SF:src\controllers\authController.ts
FN:13,(anonymous_9)
FN:13,(anonymous_10)
FN:59,(anonymous_11)
FN:59,(anonymous_12)
FN:141,(anonymous_13)
FN:141,(anonymous_14)
FN:178,(anonymous_15)
FN:187,(anonymous_16)
FN:187,(anonymous_17)
FN:236,(anonymous_18)
FN:236,(anonymous_19)
FNF:11
FNH:5
FNDA:0,(anonymous_9)
FNDA:0,(anonymous_10)
FNDA:0,(anonymous_11)
FNDA:0,(anonymous_12)
FNDA:0,(anonymous_13)
FNDA:0,(anonymous_14)
FNDA:1,(anonymous_15)
FNDA:1,(anonymous_16)
FNDA:1,(anonymous_17)
FNDA:1,(anonymous_18)
FNDA:1,(anonymous_19)
DA:3,1
DA:4,1
DA:5,1
DA:6,1
DA:8,1
DA:9,1
DA:13,1
DA:14,0
DA:34,0
DA:41,0
DA:44,0
DA:59,1
DA:60,0
DA:61,0
DA:64,0
DA:66,0
DA:67,0
DA:70,0
DA:71,0
DA:75,0
DA:76,0
DA:77,0
DA:81,0
DA:88,0
DA:89,0
DA:91,0
DA:94,0
DA:95,0
DA:97,0
DA:141,1
DA:143,0
DA:145,0
DA:147,0
DA:148,0
DA:151,0
DA:152,0
DA:154,0
DA:155,0
DA:158,0
DA:159,0
DA:162,0
DA:169,0
DA:170,0
DA:173,0
DA:174,0
DA:178,1
DA:179,1
DA:187,1
DA:188,1
DA:189,1
DA:192,1
DA:194,1
DA:195,0
DA:199,1
DA:202,1
DA:214,1
DA:225,1
DA:228,1
DA:230,0
DA:231,0
DA:236,1
DA:237,1
DA:238,1
DA:241,1
DA:243,1
DA:244,0
DA:248,1
DA:249,1
DA:250,0
DA:254,1
DA:255,1
DA:256,1
DA:257,1
DA:258,1
DA:262,1
DA:264,0
DA:265,0
DA:271,1
LF:78
LH:35
BRDA:66,0,0,0
BRDA:70,1,0,0
BRDA:76,2,0,0
BRDA:85,3,0,0
BRDA:85,3,1,0
BRDA:94,4,0,0
BRDA:94,4,1,0
BRDA:147,5,0,0
BRDA:151,6,0,0
BRDA:158,7,0,0
BRDA:181,8,0,1
BRDA:181,8,1,1
BRDA:194,9,0,0
BRDA:243,10,0,0
BRDA:248,11,0,1
BRDA:248,11,1,1
BRDA:249,12,0,0
BRF:17
BRH:4
end_of_record
TN:
SF:src\middleware\validation.ts
FN:4,(anonymous_7)
FN:8,(anonymous_8)
FNF:2
FNH:0
FNDA:0,(anonymous_7)
FNDA:0,(anonymous_8)
DA:1,1
DA:4,1
DA:8,0
DA:9,0
DA:10,0
DA:11,0
DA:13,0
DA:17,1
LF:8
LH:3
BRDA:10,0,0,0
BRF:1
BRH:0
end_of_record
TN:
SF:src\middleware\verifyToken.ts
FN:5,(anonymous_6)
FN:11,(anonymous_7)
FN:28,(anonymous_8)
FN:35,(anonymous_9)
FN:48,(anonymous_10)
FN:54,(anonymous_11)
FN:67,(anonymous_12)
FN:73,(anonymous_13)
FNF:8
FNH:6
FNDA:4,(anonymous_6)
FNDA:4,(anonymous_7)
FNDA:0,(anonymous_8)
FNDA:0,(anonymous_9)
FNDA:1,(anonymous_10)
FNDA:1,(anonymous_11)
FNDA:1,(anonymous_12)
FNDA:1,(anonymous_13)
DA:3,3
DA:5,3
DA:6,4
DA:7,4
DA:8,4
DA:9,4
DA:11,4
DA:12,4
DA:13,0
DA:14,0
DA:17,4
DA:20,4
DA:21,4
DA:24,0
DA:25,0
DA:28,3
DA:34,0
DA:35,0
DA:36,0
DA:37,0
DA:39,0
DA:48,3
DA:54,1
DA:56,1
DA:57,1
DA:59,0
DA:67,3
DA:73,1
DA:75,1
DA:76,1
DA:78,0
DA:86,3
LF:32
LH:21
BRDA:8,0,0,4
BRDA:8,0,1,0
BRDA:12,1,0,0
BRDA:36,2,0,0
BRDA:36,2,1,0
BRDA:36,3,0,0
BRDA:36,3,1,0
BRDA:36,3,2,0
BRDA:36,3,3,0
BRDA:56,4,0,1
BRDA:56,4,1,0
BRDA:56,5,0,1
BRDA:56,5,1,0
BRDA:75,6,0,1
BRDA:75,6,1,0
BRF:15
BRH:4
end_of_record
TN:
SF:src\models\Category.ts
FNF:0
FNH:0
DA:1,1
DA:3,1
DA:13,1
DA:15,1
LF:4
LH:4
BRF:0
BRH:0
end_of_record
TN:
SF:src\models\Discount.ts
FNF:0
FNH:0
DA:1,1
DA:3,1
DA:14,1
DA:16,1
LF:4
LH:4
BRF:0
BRH:0
end_of_record
TN:
SF:src\models\Product.ts
FN:54,(anonymous_13)
FN:59,(anonymous_14)
FNF:2
FNH:0
FNDA:0,(anonymous_13)
FNDA:0,(anonymous_14)
DA:1,1
DA:3,1
DA:32,1
DA:54,1
DA:55,0
DA:59,1
DA:60,0
DA:61,0
DA:65,1
DA:66,1
LF:10
LH:7
BRDA:55,0,0,0
BRDA:55,0,1,0
BRDA:55,1,0,0
BRDA:55,1,1,0
BRDA:60,2,0,0
BRDA:60,2,1,0
BRDA:60,3,0,0
BRDA:60,3,1,0
BRF:8
BRH:0
end_of_record
TN:
SF:src\models\Restaurant.ts
FNF:0
FNH:0
DA:1,2
DA:5,2
DA:12,2
DA:46,2
DA:47,2
LF:5
LH:5
BRF:0
BRH:0
end_of_record
TN:
SF:src\models\User.ts
FNF:0
FNH:0
DA:60,3
DA:78,3
DA:136,3
DA:137,3
LF:4
LH:4
BRF:0
BRH:0
end_of_record
TN:
SF:src\routes\CategoriesRoute.ts
FNF:0
FNH:0
DA:1,1
DA:3,1
DA:4,1
DA:5,1
DA:8,1
DA:9,1
DA:10,1
DA:15,1
DA:18,1
DA:21,1
DA:24,1
DA:27,1
DA:30,1
DA:33,1
DA:34,1
DA:37,1
LF:16
LH:16
BRF:0
BRH:0
end_of_record
TN:
SF:src\routes\DiscountRoute.ts
FNF:0
FNH:0
DA:2,1
DA:3,1
DA:4,1
DA:6,1
DA:7,1
DA:8,1
DA:10,1
LF:7
LH:7
BRF:0
BRH:0
end_of_record
TN:
SF:src\routes\MyRestaurantRoute.ts
FNF:0
FNH:0
DA:1,1
DA:2,1
DA:3,1
DA:5,1
DA:6,1
DA:7,1
DA:8,1
DA:14,1
DA:18,1
DA:19,1
DA:20,1
DA:21,1
DA:22,1
DA:23,1
DA:25,1
DA:26,1
DA:28,1
DA:30,1
DA:32,1
DA:33,1
LF:20
LH:20
BRF:0
BRH:0
end_of_record
TN:
SF:src\routes\authRoute.ts
FN:18,(anonymous_8)
FN:29,(anonymous_9)
FN:66,(anonymous_10)
FN:66,(anonymous_11)
FNF:4
FNH:0
FNDA:0,(anonymous_8)
FNDA:0,(anonymous_9)
FNDA:0,(anonymous_10)
FNDA:0,(anonymous_11)
DA:1,1
DA:2,1
DA:3,1
DA:5,1
DA:6,1
DA:8,1
DA:9,1
DA:11,1
DA:12,1
DA:13,1
DA:16,1
DA:17,1
DA:18,1
DA:19,0
DA:20,0
DA:29,1
DA:30,0
DA:37,1
DA:39,1
DA:47,1
DA:49,1
DA:57,1
DA:59,1
DA:66,1
DA:67,0
DA:68,0
DA:71,0
DA:73,0
DA:74,0
DA:78,0
DA:87,0
DA:89,0
DA:91,0
DA:92,0
DA:97,1
LF:35
LH:22
BRDA:19,0,0,0
BRDA:73,1,0,0
BRF:2
BRH:0
end_of_record
